TARGET CLASS: toxic
Number of comments: 42768
# SAMPLE OF COMMENTS LABELS
[1 1 1 0 0 1 0 0 0 1]
# Word considered: 90037
# Embeddings loaded. Matrix size: (90038, 300)
Model: "sequential_1"
_________________________________________________________________
Layer (type)                 Output Shape              Param #   
=================================================================
embedding_1 (Embedding)      (None, 250, 300)          27011400  
_________________________________________________________________
lstm_1 (LSTM)                (None, 250, 128)          219648    
_________________________________________________________________
dropout_1 (Dropout)          (None, 250, 128)          0         
_________________________________________________________________
lstm_2 (LSTM)                (None, 64)                49408     
_________________________________________________________________
dropout_2 (Dropout)          (None, 64)                0         
_________________________________________________________________
dense_1 (Dense)              (None, 1)                 65        
=================================================================
Total params: 27,280,521
Trainable params: 269,121
Non-trainable params: 27,011,400
_________________________________________________________________
None

# N Fold 1
target class: toxic
acc: 0.9118541033434651
auc: 0.962931111786693
p: 0.9036470058532192
r: 0.9248847926267281
f: 0.914142564336142

# N Fold 2
target class: toxic
acc: 0.9046060322656068
auc: 0.9593892245737657
p: 0.8952205882352942
r: 0.9154135338345865
f: 0.9052044609665427

# N Fold 3
target class: toxic
acc: 0.9074117371989713
auc: 0.9629157008528318
p: 0.906858202038925
r: 0.9093866171003717
f: 0.9081206496519723

# N Fold 4
target class: toxic
acc: 0.9092822071545476
auc: 0.9638884551441615
p: 0.897329650092081
r: 0.9219489120151372
f: 0.9094727018198786

# N Fold 5
target class: toxic
acc: 0.9176993219546411
auc: 0.9659391712326519
p: 0.919852602487333
r: 0.9181609195402299
f: 0.9190059825126553

# N Fold 6
target class: toxic
acc: 0.906242693476736
auc: 0.9609029618355334
p: 0.9090909090909091
r: 0.9009433962264151
f: 0.9049988154465765

# N Fold 7
target class: toxic
acc: 0.9020341360766893
auc: 0.9612689315159662
p: 0.8856607310215557
r: 0.9152542372881356
f: 0.9002143367468445

# N Fold 8
target class: toxic
acc: 0.9139583820434884
auc: 0.9655469235509261
p: 0.8973897389738974
r: 0.9343955014058107
f: 0.9155188246097338

# N Fold 9
target class: toxic
acc: 0.9097287184284378
auc: 0.9649591040123584
p: 0.9091730682331677
r: 0.9157942649066909
f: 0.9124716553287981

# N Fold 10
target class: toxic
acc: 0.906688493919551
auc: 0.9616600484405584
p: 0.9107312440645774
r: 0.9008924377642086
f: 0.9057851239669422

# AVERAGED RESULTS: 
 - acc: 0.9089505825862134
 - auc: 0.9629401632945447
 - p: 0.903495374009096
 - r: 0.9157074612708315
 - f: 0.9094935115386086
