gpu(0)
TARGET CLASS: toxic
Number of comments: 42768
BERT START 2019-12-25 09:47:54.409366
BERT END 2019-12-25 09:52:29.188544
# Embeddings loaded >> Matrix size: (743478, 1024)
BERT LOADED 2019-12-25 09:52:32.810722
Model: "sequential_1"
_________________________________________________________________
Layer (type)                 Output Shape              Param #   
=================================================================
embedding_1 (Embedding)      (None, 250, 1024)         761321472 
_________________________________________________________________
lstm_1 (LSTM)                (None, 250, 128)          590336    
_________________________________________________________________
dropout_1 (Dropout)          (None, 250, 128)          0         
_________________________________________________________________
lstm_2 (LSTM)                (None, 64)                49408     
_________________________________________________________________
dropout_2 (Dropout)          (None, 64)                0         
_________________________________________________________________
dense_1 (Dense)              (None, 1)                 65        
=================================================================
Total params: 761,961,281
Trainable params: 639,809
Non-trainable params: 761,321,472
_________________________________________________________________
None

# N Fold 1
target class: toxic
acc: 0.8636895019873744
auc: 0.9351322137046609
p: 0.8637015781922525
r: 0.8583650190114068
f: 0.8610250297973778

# N Fold 2
target class: toxic
acc: 0.8585457096095394
auc: 0.9301061769136953
p: 0.8533710513908533
r: 0.8602661596958175
f: 0.8568047337278106

# N Fold 3
target class: toxic
acc: 0.8601823708206687
auc: 0.9330493064536248
p: 0.8614757808963331
r: 0.8669703872437358
f: 0.8642143505903723

# N Fold 4
target class: toxic
acc: 0.8576104746317512
auc: 0.9272643750574217
p: 0.8587270973963356
r: 0.849308536003815
f: 0.8539918484775832

# N Fold 5
target class: toxic
acc: 0.8643909282207155
auc: 0.9339097954827761
p: 0.8689390302448392
r: 0.8549834671705243
f: 0.8619047619047618

# N Fold 6
target class: toxic
acc: 0.8622866495206921
auc: 0.9281854870102322
p: 0.875
r: 0.8486811661267931
f: 0.8616396523373266

# N Fold 7
target class: toxic
acc: 0.851063829787234
auc: 0.9250781354230686
p: 0.8774002954209749
r: 0.8211981566820277
f: 0.8483694358486074

# N Fold 8
target class: toxic
acc: 0.8625204582651391
auc: 0.9329456058892872
p: 0.8663573085846867
r: 0.8615597600369174
f: 0.8639518741323461

# N Fold 9
target class: toxic
acc: 0.8557062675397568
auc: 0.9244579394257703
p: 0.8672610203070827
r: 0.8338095238095238
f: 0.8502063607671766

# N Fold 10
target class: toxic
acc: 0.8599158091674463
auc: 0.9323336140722172
p: 0.8723908918406073
r: 0.8478561549100968
f: 0.8599485620762217

# AVERAGED RESULTS: 
 - acc: 0.8595911999550317
 - auc: 0.9302462649432754
 - p: 0.8664624054273965
 - r: 0.8502998330690659
 - f: 0.8582056609659584
