gpu(0)
TARGET CLASS: toxic
Number of comments: 42768
BERT START 2019-12-23 14:47:09.756249
BERT END 2019-12-23 14:51:44.914016
# Embeddings loaded >> Matrix size: (743478, 1024)
BERT LOADED 2019-12-23 14:51:48.563605
Model: "sequential_1"
_________________________________________________________________
Layer (type)                 Output Shape              Param #   
=================================================================
embedding_1 (Embedding)      (None, 250, 1024)         761321472 
_________________________________________________________________
dense_1 (Dense)              (None, 250, 128)          131200    
_________________________________________________________________
dropout_1 (Dropout)          (None, 250, 128)          0         
_________________________________________________________________
dense_2 (Dense)              (None, 250, 64)           8256      
_________________________________________________________________
dropout_2 (Dropout)          (None, 250, 64)           0         
_________________________________________________________________
flatten_1 (Flatten)          (None, 16000)             0         
_________________________________________________________________
dense_3 (Dense)              (None, 1)                 16001     
=================================================================
Total params: 761,476,929
Trainable params: 155,457
Non-trainable params: 761,321,472
_________________________________________________________________
None

# N Fold 1
target class: toxic
acc: 0.8185644143090952
auc: 0.8967315056319722
p: 0.7982456140350878
r: 0.8520599250936329
f: 0.8242753623188407

# N Fold 2
target class: toxic
acc: 0.8293196165536592
auc: 0.8980100531052133
p: 0.8398692810457516
r: 0.8229643183897529
f: 0.8313308687615527

# N Fold 3
target class: toxic
acc: 0.8216039279869067
auc: 0.8937353094774263
p: 0.8745980707395499
r: 0.7552059231837113
f: 0.8105289297243606

# N Fold 4
target class: toxic
acc: 0.8300210427870003
auc: 0.9001076571297585
p: 0.8405940594059406
r: 0.8074179743223966
f: 0.8236720834343925

# N Fold 5
target class: toxic
acc: 0.8293196165536592
auc: 0.9010281395933813
p: 0.8603491271820449
r: 0.7931034482758621
f: 0.8253588516746413

# N Fold 6
target class: toxic
acc: 0.81739537058686
auc: 0.8970379707637279
p: 0.8066146072576941
r: 0.8298676748582231
f: 0.8180759375727928

# N Fold 7
target class: toxic
acc: 0.8197334580313304
auc: 0.8970306540638622
p: 0.8126709206927986
r: 0.8320111992533831
f: 0.8222273460917685

# N Fold 8
target class: toxic
acc: 0.8248772504091653
auc: 0.9009321921574339
p: 0.818694222639737
r: 0.8276353276353277
f: 0.8231404958677686

# N Fold 9
target class: toxic
acc: 0.8154817586529467
auc: 0.8983207549109884
p: 0.7891097666378565
r: 0.8584861307005172
f: 0.8223373114163476

# N Fold 10
target class: toxic
acc: 0.8224976613657624
auc: 0.8924355638105052
p: 0.8399405351833499
r: 0.7954012200844673
f: 0.8170643528561099

# AVERAGED RESULTS: 
 - acc: 0.8228814117236385
 - auc: 0.897536980064427
 - p: 0.828068620481981
 - r: 0.8174153141797275
 - f: 0.8218011539718575
