TARGET CLASS: toxic
Number of comments: 42768
# SAMPLE OF COMMENTS LABELS
[1 0 0 1 0 0 0 0 1 0]
# Word considered: 90037
# Embeddings loaded. Matrix size: (90038, 300)
Model: "sequential_1"
_________________________________________________________________
Layer (type)                 Output Shape              Param #   
=================================================================
embedding_1 (Embedding)      (None, 250, 300)          27011400  
_________________________________________________________________
bidirectional_1 (Bidirection (None, 250, 256)          439296    
_________________________________________________________________
dropout_1 (Dropout)          (None, 250, 256)          0         
_________________________________________________________________
bidirectional_2 (Bidirection (None, 128)               164352    
_________________________________________________________________
dropout_2 (Dropout)          (None, 128)               0         
_________________________________________________________________
dense_1 (Dense)              (None, 1)                 129       
=================================================================
Total params: 27,615,177
Trainable params: 603,777
Non-trainable params: 27,011,400
_________________________________________________________________
None

# N Fold 1
target class: toxic
acc: 0.9081131634323124
auc: 0.9638803715526656
p: 0.8983908045977012
r: 0.9190968955785512
f: 0.9086259009532667

# N Fold 2
target class: toxic
acc: 0.911620294599018
auc: 0.9654109328320987
p: 0.9016393442622951
r: 0.919732441471572
f: 0.9105960264900663

# N Fold 3
target class: toxic
acc: 0.9132569558101473
auc: 0.9648470851704108
p: 0.9066183136899365
r: 0.9237875288683602
f: 0.9151223976206817

# N Fold 4
target class: toxic
acc: 0.9034369885433715
auc: 0.9602540721740784
p: 0.9113560134163872
r: 0.8929577464788733
f: 0.902063078017548

# N Fold 5
target class: toxic
acc: 0.9076455459434183
auc: 0.9594677955309012
p: 0.8958904109589041
r: 0.9215594175669328
f: 0.9085436443621209

# N Fold 6
target class: toxic
acc: 0.9113864858545709
auc: 0.9631901981397413
p: 0.9090495679854479
r: 0.9178145087235996
f: 0.9134110121087502

# N Fold 7
target class: toxic
acc: 0.9141921907879355
auc: 0.9643488475630929
p: 0.9059907834101383
r: 0.923438233912635
f: 0.9146313096068854

# N Fold 8
target class: toxic
acc: 0.9111526771101239
auc: 0.9624144896416308
p: 0.9080199365654735
r: 0.9188445667125172
f: 0.9134001823154057

# N Fold 9
target class: toxic
acc: 0.9111318989710009
auc: 0.9664897970796276
p: 0.901685393258427
r: 0.9188931297709924
f: 0.9102079395085066

# N Fold 10
target class: toxic
acc: 0.9022450888681011
auc: 0.9593799219941527
p: 0.9087917254348848
r: 0.8961520630505332
f: 0.9024276377217554

# AVERAGED RESULTS: 
 - acc: 0.909418128992
 - auc: 0.96296835116784
 - p: 0.9047432293579596
 - r: 0.9152276532134567
 - f: 0.9099029128704987
