gpu(0)
TARGET CLASS: toxic
Number of comments: 42768
BERT START 2019-12-26 18:04:35.888863
BERT END 2019-12-26 18:09:09.300417
# Embeddings loaded >> Matrix size: (743478, 1024)
BERT LOADED 2019-12-26 18:09:12.933110
Model: "sequential_1"
_________________________________________________________________
Layer (type)                 Output Shape              Param #   
=================================================================
embedding_1 (Embedding)      (None, 250, 1024)         761321472 
_________________________________________________________________
bidirectional_1 (Bidirection (None, 250, 256)          1180672   
_________________________________________________________________
dropout_1 (Dropout)          (None, 250, 256)          0         
_________________________________________________________________
bidirectional_2 (Bidirection (None, 128)               164352    
_________________________________________________________________
dropout_2 (Dropout)          (None, 128)               0         
_________________________________________________________________
dense_1 (Dense)              (None, 1)                 129       
=================================================================
Total params: 762,666,625
Trainable params: 1,345,153
Non-trainable params: 761,321,472
_________________________________________________________________
None

# N Fold 1
target class: toxic
acc: 0.8597147533317746
auc: 0.9275871726036149
p: 0.8878048780487805
r: 0.8310502283105022
f: 0.8584905660377359

# N Fold 2
target class: toxic
acc: 0.8714051905541267
auc: 0.9404656937997007
p: 0.8648397584765444
r: 0.8778877887788779
f: 0.8713149274684137

# N Fold 3
target class: toxic
acc: 0.8700023380874444
auc: 0.9363462246406342
p: 0.859375
r: 0.8751205400192864
f: 0.8671763019589106

# N Fold 4
target class: toxic
acc: 0.8721066167874678
auc: 0.9373079547094556
p: 0.8860204578665368
r: 0.8531894934333959
f: 0.8692951015531661

# N Fold 5
target class: toxic
acc: 0.8548047696983867
auc: 0.9262194924580824
p: 0.8953241232731137
r: 0.7989568515884305
f: 0.8443998997744926

# N Fold 6
target class: toxic
acc: 0.8590133270984335
auc: 0.9317270459461563
p: 0.8777506112469438
r: 0.8356610800744879
f: 0.8561888862389697

# N Fold 7
target class: toxic
acc: 0.8527004909983633
auc: 0.9261013406598596
p: 0.8428635749662314
r: 0.8694844403158384
f: 0.8559670781893004

# N Fold 8
target class: toxic
acc: 0.8580780921206453
auc: 0.928377189701922
p: 0.8793187347931873
r: 0.8342566943674977
f: 0.8561952144041697

# N Fold 9
target class: toxic
acc: 0.8430776426566885
auc: 0.9210874910850627
p: 0.9209463358338142
r: 0.7492957746478873
f: 0.8263008024851153

# N Fold 10
target class: toxic
acc: 0.85266604303087
auc: 0.9278172153466293
p: 0.8350109409190372
r: 0.8829245719574271
f: 0.8582995951417004

# AVERAGED RESULTS: 
 - acc: 0.85935692643642
 - auc: 0.9303036820951118
 - p: 0.8749254415424189
 - r: 0.8407827463493631
 - f: 0.8563628373251975
