TARGET CLASS: toxic
Number of comments: 42768
# SAMPLE OF COMMENTS LABELS
[1 0 0 1 1 0 0 0 0 1]
# Word considered: 90037
# Embeddings loaded. Matrix size: (90038, 300)
Model: "sequential_1"
_________________________________________________________________
Layer (type)                 Output Shape              Param #   
=================================================================
embedding_1 (Embedding)      (None, 250, 300)          27011400  
_________________________________________________________________
dense_1 (Dense)              (None, 250, 128)          38528     
_________________________________________________________________
dropout_1 (Dropout)          (None, 250, 128)          0         
_________________________________________________________________
dense_2 (Dense)              (None, 250, 64)           8256      
_________________________________________________________________
dropout_2 (Dropout)          (None, 250, 64)           0         
_________________________________________________________________
flatten_1 (Flatten)          (None, 16000)             0         
_________________________________________________________________
dense_3 (Dense)              (None, 1)                 16001     
=================================================================
Total params: 27,074,185
Trainable params: 62,785
Non-trainable params: 27,011,400
_________________________________________________________________
None

# N Fold 1
target class: toxic
acc: 0.8594809445873276
auc: 0.9208242947736716
p: 0.8761105626850938
r: 0.8352941176470589
f: 0.8552156106962178

# N Fold 2
target class: toxic
acc: 0.851063829787234
auc: 0.9136467289547953
p: 0.8236062717770035
r: 0.8907206782854451
f: 0.8558497397601268

# N Fold 3
target class: toxic
acc: 0.8538695347205986
auc: 0.9212537784708986
p: 0.8810916179337231
r: 0.8259479214253084
f: 0.8526290969111058

# N Fold 4
target class: toxic
acc: 0.8566752396539631
auc: 0.9162518040673518
p: 0.8519553072625698
r: 0.8611764705882353
f: 0.8565410718464779

# N Fold 5
target class: toxic
acc: 0.8517652560205752
auc: 0.9105339195292933
p: 0.8413823659725299
r: 0.8731034482758621
f: 0.8569494584837545

# N Fold 6
target class: toxic
acc: 0.856441430909516
auc: 0.9154272837011573
p: 0.8568720379146919
r: 0.8528301886792453
f: 0.8548463356973994

# N Fold 7
target class: toxic
acc: 0.8440495674538228
auc: 0.920600941443871
p: 0.9076487252124645
r: 0.7606837606837606
f: 0.8276931025574786

# N Fold 8
target class: toxic
acc: 0.8519990647650222
auc: 0.9106170862824814
p: 0.8371886120996441
r: 0.8757561656584458
f: 0.8560382078690016

# N Fold 9
target class: toxic
acc: 0.8423760523854069
auc: 0.9076329211153099
p: 0.8211920529801324
r: 0.8736496007515265
f: 0.8466090122894857

# N Fold 10
target class: toxic
acc: 0.8444808231992517
auc: 0.9095568187312283
p: 0.8532504780114722
r: 0.832944470368642
f: 0.8429752066115702

# AVERAGED RESULTS: 
 - acc: 0.8512201743482718
 - auc: 0.9146345577070059
 - p: 0.8550298031849326
 - r: 0.848210682236353
 - f: 0.8505346842722619
