TARGET CLASS: toxic
Number of comments: 42768
# SAMPLE OF COMMENTS LABELS
[1 0 1 0 1 1 0 0 0 0]
# Word considered: 90037
# Embeddings loaded. Matrix size: (90038, 300)
Model: "sequential_1"
_________________________________________________________________
Layer (type)                 Output Shape              Param #   
=================================================================
embedding_1 (Embedding)      (None, 250, 300)          27011400  
_________________________________________________________________
dense_1 (Dense)              (None, 250, 128)          38528     
_________________________________________________________________
dropout_1 (Dropout)          (None, 250, 128)          0         
_________________________________________________________________
dense_2 (Dense)              (None, 250, 64)           8256      
_________________________________________________________________
dropout_2 (Dropout)          (None, 250, 64)           0         
_________________________________________________________________
flatten_1 (Flatten)          (None, 16000)             0         
_________________________________________________________________
dense_3 (Dense)              (None, 1)                 16001     
=================================================================
Total params: 27,074,185
Trainable params: 62,785
Non-trainable params: 27,011,400
_________________________________________________________________
None

# N Fold 1
target class: toxic
acc: 0.8608837970540099
auc: 0.9203674709266306
p: 0.8323542702214188
r: 0.8915779283639884
f: 0.8609488198177144

# N Fold 2
target class: toxic
acc: 0.8580780921206453
auc: 0.9210456473840422
p: 0.8640469738030714
r: 0.8621000450653448
f: 0.8630724114595082

# N Fold 3
target class: toxic
acc: 0.8594809445873276
auc: 0.9245579002426322
p: 0.837956847203875
r: 0.8909176029962547
f: 0.8636260494667575

# N Fold 4
target class: toxic
acc: 0.8599485620762216
auc: 0.9224302167826111
p: 0.9002570694087404
r: 0.812152133580705
f: 0.853938063886857

# N Fold 5
target class: toxic
acc: 0.8524666822539163
auc: 0.9181703538874793
p: 0.8837090163934426
r: 0.810239549084077
f: 0.8453810340602792

# N Fold 6
target class: toxic
acc: 0.855973813420622
auc: 0.9183106347355464
p: 0.8616200578592093
r: 0.8445179584120983
f: 0.8529832935560859

# N Fold 7
target class: toxic
acc: 0.8664952069207388
auc: 0.9256632204568414
p: 0.8568815729309557
r: 0.8789868667917449
f: 0.8677934707108127

# N Fold 8
target class: toxic
acc: 0.8627542670095861
auc: 0.9210692533667869
p: 0.876967095851216
r: 0.8482472324723247
f: 0.8623681125439625

# N Fold 9
target class: toxic
acc: 0.8645930776426567
auc: 0.9233081058277377
p: 0.8702179176755448
r: 0.8524667931688804
f: 0.8612508986340761

# N Fold 10
target class: toxic
acc: 0.8543030869971936
auc: 0.9163731724157846
p: 0.8437359676695105
r: 0.872330547818013
f: 0.8577950239671308

# AVERAGED RESULTS: 
 - acc: 0.8594977530082918
 - auc: 0.9211295976026093
 - p: 0.8627746789016985
 - r: 0.8563536657753431
 - f: 0.8589157178103184
