TARGET CLASS: toxic
Number of comments: 42768
# SAMPLE OF COMMENTS LABELS
[1 1 0 0 1 1 1 1 0 0]
# Word considered: 90037
# Embeddings loaded. Matrix size: (90038, 300)
Model: "sequential_1"
_________________________________________________________________
Layer (type)                 Output Shape              Param #   
=================================================================
embedding_1 (Embedding)      (None, 250, 300)          27011400  
_________________________________________________________________
bidirectional_1 (Bidirection (None, 250, 256)          439296    
_________________________________________________________________
dropout_1 (Dropout)          (None, 250, 256)          0         
_________________________________________________________________
bidirectional_2 (Bidirection (None, 128)               164352    
_________________________________________________________________
dropout_2 (Dropout)          (None, 128)               0         
_________________________________________________________________
dense_1 (Dense)              (None, 1)                 129       
=================================================================
Total params: 27,615,177
Trainable params: 603,777
Non-trainable params: 27,011,400
_________________________________________________________________
None

# N Fold 1
target class: toxic
acc: 0.9109188683656769
auc: 0.9691911683988117
p: 0.8966442953020134
r: 0.9303621169916435
f: 0.913192071086808

# N Fold 2
target class: toxic
acc: 0.9134907645545943
auc: 0.9694647021537113
p: 0.9043397106859543
r: 0.9215406562054208
f: 0.9128591615638247

# N Fold 3
target class: toxic
acc: 0.9153612345101707
auc: 0.9705279445923434
p: 0.9239287433798749
r: 0.90390956194065
f: 0.9138095238095238

# N Fold 4
target class: toxic
acc: 0.9179331306990881
auc: 0.9681379688921548
p: 0.90892696122633
r: 0.9311778290993071
f: 0.9199178644763859

# N Fold 5
target class: toxic
acc: 0.9198036006546645
auc: 0.9702546550530637
p: 0.9157278053177107
r: 0.9287020109689214
f: 0.9221692761515772

# N Fold 6
target class: toxic
acc: 0.9085807809212064
auc: 0.9677437099627472
p: 0.8988361683079678
r: 0.9240681086056144
f: 0.9112775130474245

# N Fold 7
target class: toxic
acc: 0.9097498246434417
auc: 0.9692877651037212
p: 0.8714664310954063
r: 0.9540618955512572
f: 0.9108956602031394

# N Fold 8
target class: toxic
acc: 0.9132569558101473
auc: 0.9675349353467032
p: 0.9094287041337669
r: 0.9175257731958762
f: 0.91345929554467

# N Fold 9
target class: toxic
acc: 0.9115996258185219
auc: 0.9675243296226284
p: 0.9198868991517436
r: 0.9037037037037037
f: 0.9117234936945352

# N Fold 10
target class: toxic
acc: 0.9148737137511693
auc: 0.9711156838549325
p: 0.9078212290502793
r: 0.9215500945179584
f: 0.9146341463414634

# AVERAGED RESULTS: 
 - acc: 0.9135568499728681
 - auc: 0.9690782862980817
 - p: 0.9057006947651047
 - r: 0.9236601750780353
 - f: 0.9143938005919352
