TARGET CLASS: toxic
Number of comments: 42768
# SAMPLE OF COMMENTS LABELS
[1 0 1 1 0 1 1 1 1 1]
# Word considered: 90037
# Embeddings loaded. Matrix size: (90038, 300)
Model: "sequential_1"
_________________________________________________________________
Layer (type)                 Output Shape              Param #   
=================================================================
embedding_1 (Embedding)      (None, 250, 300)          27011400  
_________________________________________________________________
conv1d_1 (Conv1D)            (None, 241, 128)          384128    
_________________________________________________________________
dropout_1 (Dropout)          (None, 241, 128)          0         
_________________________________________________________________
conv1d_2 (Conv1D)            (None, 237, 64)           41024     
_________________________________________________________________
dropout_2 (Dropout)          (None, 237, 64)           0         
_________________________________________________________________
flatten_1 (Flatten)          (None, 15168)             0         
_________________________________________________________________
dense_1 (Dense)              (None, 1)                 15169     
=================================================================
Total params: 27,451,721
Trainable params: 440,321
Non-trainable params: 27,011,400
_________________________________________________________________
None

# N Fold 1
target class: toxic
acc: 0.8440495674538228
auc: 0.8975800349879729
p: 0.8944805194805194
r: 0.7778823529411765
f: 0.8321167883211679

# N Fold 2
target class: toxic
acc: 0.8375029226093056
auc: 0.9014152065658833
p: 0.7881422924901186
r: 0.9261495587552253
f: 0.8515908605594704

# N Fold 3
target class: toxic
acc: 0.8573766658873042
auc: 0.9033730471141902
p: 0.8582976699952449
r: 0.8526216343882853
f: 0.8554502369668247

# N Fold 4
target class: toxic
acc: 0.8428805237315876
auc: 0.8972841871369586
p: 0.8570062171209948
r: 0.8277136258660508
f: 0.8421052631578948

# N Fold 5
target class: toxic
acc: 0.834229600187047
auc: 0.8879420094763018
p: 0.8525232729054385
r: 0.8100558659217877
f: 0.8307471950346144

# N Fold 6
target class: toxic
acc: 0.8442833761982698
auc: 0.8973321433415146
p: 0.8597908745247148
r: 0.8298165137614679
f: 0.8445378151260503

# N Fold 7
target class: toxic
acc: 0.8358662613981763
auc: 0.8928207436412913
p: 0.85947879407256
r: 0.7975343764817449
f: 0.8273487456960156

# N Fold 8
target class: toxic
acc: 0.8414776712649054
auc: 0.8879810152324223
p: 0.8109495295124037
r: 0.8893058161350844
f: 0.8483221476510066

# N Fold 9
target class: toxic
acc: 0.8451824134705332
auc: 0.8921003185281318
p: 0.8465227817745803
r: 0.8376839107736118
f: 0.8420801526717556

# N Fold 10
target class: toxic
acc: 0.8412067352666043
auc: 0.8897998969140728
p: 0.8307068887888338
r: 0.8589385474860335
f: 0.8445868619821468

# AVERAGED RESULTS: 
 - acc: 0.8424055737467556
 - auc: 0.894762860293874
 - p: 0.8457898840665409
 - r: 0.8407702202510468
 - f: 0.8418886067166947
