TARGET CLASS: toxic
Number of comments: 42768
# SAMPLE OF COMMENTS LABELS
[1 1 1 0 0 1 0 0 1 0]
# Word considered: 90037
# Embeddings loaded. Matrix size: (90038, 300)
Model: "sequential_1"
_________________________________________________________________
Layer (type)                 Output Shape              Param #   
=================================================================
embedding_1 (Embedding)      (None, 250, 300)          27011400  
_________________________________________________________________
lstm_1 (LSTM)                (None, 250, 128)          219648    
_________________________________________________________________
dropout_1 (Dropout)          (None, 250, 128)          0         
_________________________________________________________________
lstm_2 (LSTM)                (None, 64)                49408     
_________________________________________________________________
dropout_2 (Dropout)          (None, 64)                0         
_________________________________________________________________
dense_1 (Dense)              (None, 1)                 65        
=================================================================
Total params: 27,280,521
Trainable params: 269,121
Non-trainable params: 27,011,400
_________________________________________________________________
None

# N Fold 1
target class: toxic
acc: 0.9095160158989947
auc: 0.970458561123251
p: 0.93189448441247
r: 0.8880255941499086
f: 0.9094313128949215

# N Fold 2
target class: toxic
acc: 0.9090483984101005
auc: 0.9664786792040236
p: 0.9029712163416899
r: 0.9152941176470588
f: 0.9090909090909091

# N Fold 3
target class: toxic
acc: 0.9092822071545476
auc: 0.9685195256379773
p: 0.9227662796567391
r: 0.8860882210373243
f: 0.9040553907022751

# N Fold 4
target class: toxic
acc: 0.922609305588029
auc: 0.9743590332317827
p: 0.9135234590616376
r: 0.9328323156411461
f: 0.923076923076923

# N Fold 5
target class: toxic
acc: 0.9120879120879121
auc: 0.9697265001447598
p: 0.9269361909400877
r: 0.8938468764678252
f: 0.9100908656145384

# N Fold 6
target class: toxic
acc: 0.9141921907879355
auc: 0.9700309978146211
p: 0.9108193752829334
r: 0.922089825847846
f: 0.9164199498975177

# N Fold 7
target class: toxic
acc: 0.9202712181435586
auc: 0.976231711023789
p: 0.9049327354260089
r: 0.9399161620866325
f: 0.9220927575965273

# N Fold 8
target class: toxic
acc: 0.9184007481879822
auc: 0.9708502744915903
p: 0.8987962550156041
r: 0.9429373246024322
f: 0.9203378224149737

# N Fold 9
target class: toxic
acc: 0.9158091674462114
auc: 0.9726427583328064
p: 0.9226779820839227
r: 0.9089642359498374
f: 0.9157697707065982

# N Fold 10
target class: toxic
acc: 0.9127689429373246
auc: 0.9693309749769196
p: 0.9076566125290023
r: 0.9183098591549296
f: 0.9129521586931155

# AVERAGED RESULTS: 
 - acc: 0.9143986106642596
 - auc: 0.9708629015981521
 - p: 0.9142974590750096
 - r: 0.9148304532584941
 - f: 0.9143317860688299
