TARGET CLASS: toxic
Number of comments: 42768
# SAMPLE OF COMMENTS LABELS
[0 0 1 0 1 0 0 1 1 1]
# Word considered: 90037
# Embeddings loaded. Matrix size: (90038, 300)
Model: "sequential_1"
_________________________________________________________________
Layer (type)                 Output Shape              Param #   
=================================================================
embedding_1 (Embedding)      (None, 250, 300)          27011400  
_________________________________________________________________
conv1d_1 (Conv1D)            (None, 241, 128)          384128    
_________________________________________________________________
dropout_1 (Dropout)          (None, 241, 128)          0         
_________________________________________________________________
conv1d_2 (Conv1D)            (None, 237, 64)           41024     
_________________________________________________________________
dropout_2 (Dropout)          (None, 237, 64)           0         
_________________________________________________________________
flatten_1 (Flatten)          (None, 15168)             0         
_________________________________________________________________
dense_1 (Dense)              (None, 1)                 15169     
=================================================================
Total params: 27,451,721
Trainable params: 440,321
Non-trainable params: 27,011,400
_________________________________________________________________
None

# N Fold 1
target class: toxic
acc: 0.8534019172317044
auc: 0.9066389996105902
p: 0.843413033286451
r: 0.859942638623327
f: 0.8515976331360947

# N Fold 2
target class: toxic
acc: 0.8447509936871639
auc: 0.9079500433715081
p: 0.8549222797927462
r: 0.8360202671579917
f: 0.8453656264555195

# N Fold 3
target class: toxic
acc: 0.850830021042787
auc: 0.9058164927279899
p: 0.8502598016060463
r: 0.8486562942008486
f: 0.8494572911750826

# N Fold 4
target class: toxic
acc: 0.8573766658873042
auc: 0.9114600348559296
p: 0.8769004413928396
r: 0.8327899394503959
f: 0.8542761586239848

# N Fold 5
target class: toxic
acc: 0.8377367313537526
auc: 0.8968476955091805
p: 0.8224907063197026
r: 0.8501440922190202
f: 0.8360888049126123

# N Fold 6
target class: toxic
acc: 0.8400748187982231
auc: 0.8972726708090835
p: 0.861328125
r: 0.8151571164510166
f: 0.8376068376068377

# N Fold 7
target class: toxic
acc: 0.8473228898760814
auc: 0.900573193975384
p: 0.8943217665615142
r: 0.7900603808639108
f: 0.8389642416769421

# N Fold 8
target class: toxic
acc: 0.8403086275426701
auc: 0.8991679895766661
p: 0.8054443554843875
r: 0.9108193752829334
f: 0.8548969619715318

# N Fold 9
target class: toxic
acc: 0.8601496725912068
auc: 0.917492294781896
p: 0.8639518741323461
r: 0.8599723629663749
f: 0.8619575253924284

# N Fold 10
target class: toxic
acc: 0.8463517305893359
auc: 0.9110405899081838
p: 0.8108819657744625
r: 0.8910318225650916
f: 0.8490696071674707

# AVERAGED RESULTS: 
 - acc: 0.847830406860023
 - auc: 0.9054260005126412
 - p: 0.8483914349350496
 - r: 0.8494594289780911
 - f: 0.8479280688118505
