gpu(0)
TARGET CLASS: toxic
Number of comments: 42768
BERT START 2019-12-23 21:01:20.135747
BERT END 2019-12-23 21:05:55.290930
# Embeddings loaded >> Matrix size: (743478, 1024)
BERT LOADED 2019-12-23 21:05:58.913188
Model: "sequential_1"
_________________________________________________________________
Layer (type)                 Output Shape              Param #   
=================================================================
embedding_1 (Embedding)      (None, 250, 1024)         761321472 
_________________________________________________________________
conv1d_1 (Conv1D)            (None, 241, 128)          1310848   
_________________________________________________________________
dropout_1 (Dropout)          (None, 241, 128)          0         
_________________________________________________________________
conv1d_2 (Conv1D)            (None, 237, 64)           41024     
_________________________________________________________________
dropout_2 (Dropout)          (None, 237, 64)           0         
_________________________________________________________________
flatten_1 (Flatten)          (None, 15168)             0         
_________________________________________________________________
dense_1 (Dense)              (None, 1)                 15169     
=================================================================
Total params: 762,688,513
Trainable params: 1,367,041
Non-trainable params: 761,321,472
_________________________________________________________________
None

# N Fold 1
target class: toxic
acc: 0.8218377367313537
auc: 0.893263871638146
p: 0.8341487279843445
r: 0.8012218045112782
f: 0.817353787152445

# N Fold 2
target class: toxic
acc: 0.7877016600420855
auc: 0.8618591934680749
p: 0.8376288659793815
r: 0.7326420198376916
f: 0.7816257816257816

# N Fold 3
target class: toxic
acc: 0.8115501519756839
auc: 0.8833923095998141
p: 0.8405572755417957
r: 0.7662276575729069
f: 0.8016732283464568

# N Fold 4
target class: toxic
acc: 0.8148234743979424
auc: 0.8888985352963019
p: 0.805901337021669
r: 0.824917413874469
f: 0.8152985074626866

# N Fold 5
target class: toxic
acc: 0.8019639934533551
auc: 0.8785442068337246
p: 0.8214990138067061
r: 0.7745234774523477
f: 0.7973199329983249

# N Fold 6
target class: toxic
acc: 0.7722702829085808
auc: 0.8493322563250547
p: 0.75
r: 0.8153701968134958
f: 0.7813201616524471

# N Fold 7
target class: toxic
acc: 0.8129530044423662
auc: 0.8837156209065999
p: 0.8004545454545454
r: 0.8298774740810556
f: 0.8149005090236001

# N Fold 8
target class: toxic
acc: 0.823006780453589
auc: 0.9115138951755566
p: 0.7723320158102767
r: 0.9152224824355972
f: 0.8377277599142551

# N Fold 9
target class: toxic
acc: 0.8037885874649204
auc: 0.8896137528733216
p: 0.7679895333624073
r: 0.8515473887814313
f: 0.8076129328135748

# N Fold 10
target class: toxic
acc: 0.7890551917680075
auc: 0.8656111957512105
p: 0.7842876165113183
r: 0.809436555199267
f: 0.7966636609558161

# AVERAGED RESULTS: 
 - acc: 0.8038950863637885
 - auc: 0.8805744837867805
 - p: 0.8014798931472444
 - r: 0.812098647055954
 - f: 0.8051496261945388
