TARGET CLASS: severe_toxic
Number of comments: 3924
# SAMPLE OF COMMENTS LABELS
[1 1 1 1 1 0 0 1 0 0]
# Word considered: 18790
# Embeddings loaded. Matrix size: (18791, 300)
Model: "sequential_1"
_________________________________________________________________
Layer (type)                 Output Shape              Param #   
=================================================================
embedding_1 (Embedding)      (None, 250, 300)          5637300   
_________________________________________________________________
dense_1 (Dense)              (None, 250, 128)          38528     
_________________________________________________________________
dropout_1 (Dropout)          (None, 250, 128)          0         
_________________________________________________________________
dense_2 (Dense)              (None, 250, 64)           8256      
_________________________________________________________________
dropout_2 (Dropout)          (None, 250, 64)           0         
_________________________________________________________________
flatten_1 (Flatten)          (None, 16000)             0         
_________________________________________________________________
dense_3 (Dense)              (None, 1)                 16001     
=================================================================
Total params: 5,700,085
Trainable params: 62,785
Non-trainable params: 5,637,300
_________________________________________________________________
None

# N Fold 1
target class: severe_toxic
acc: 0.916030534351145
auc: 0.9667357512953367
p: 0.925531914893617
r: 0.9015544041450777
f: 0.9133858267716536

# N Fold 2
target class: severe_toxic
acc: 0.9236641221374046
auc: 0.9721798379459118
p: 0.9127906976744186
r: 0.9127906976744186
f: 0.9127906976744186

# N Fold 3
target class: severe_toxic
acc: 0.905852417302799
auc: 0.9571272953625896
p: 0.9195979899497487
r: 0.8970588235294118
f: 0.9081885856079405

# N Fold 4
target class: severe_toxic
acc: 0.9287531806615776
auc: 0.9741070965735317
p: 0.9627659574468085
r: 0.8960396039603961
f: 0.9282051282051282

# N Fold 5
target class: severe_toxic
acc: 0.9107142857142857
auc: 0.9705476060155863
p: 0.885
r: 0.9365079365079365
f: 0.910025706940874

# N Fold 6
target class: severe_toxic
acc: 0.9336734693877551
auc: 0.978563061304178
p: 0.934010152284264
r: 0.934010152284264
f: 0.934010152284264

# N Fold 7
target class: severe_toxic
acc: 0.8928571428571429
auc: 0.9558750748873435
p: 0.8955223880597015
r: 0.8955223880597015
f: 0.8955223880597015

# N Fold 8
target class: severe_toxic
acc: 0.9132653061224489
auc: 0.9690160647798579
p: 0.9661016949152542
r: 0.8592964824120602
f: 0.9095744680851063

# N Fold 9
target class: severe_toxic
acc: 0.9030612244897959
auc: 0.9597413433458489
p: 0.8826530612244898
r: 0.9202127659574468
f: 0.9010416666666667

# N Fold 10
target class: severe_toxic
acc: 0.9413265306122449
auc: 0.9804344963791968
p: 0.9490740740740741
r: 0.9447004608294931
f: 0.9468822170900693

# AVERAGED RESULTS: 
 - acc: 0.91691982136366
 - auc: 0.9684327627889381
 - p: 0.9233047930522377
 - r: 0.9097693715360207
 - f: 0.9159626837385823
