TARGET CLASS: severe_toxic
Number of comments: 3924
# SAMPLE OF COMMENTS LABELS
[1 1 0 0 1 0 1 1 1 0]
# Word considered: 18790
# Embeddings loaded. Matrix size: (18791, 300)
Model: "sequential_1"
_________________________________________________________________
Layer (type)                 Output Shape              Param #   
=================================================================
embedding_1 (Embedding)      (None, 250, 300)          5637300   
_________________________________________________________________
lstm_1 (LSTM)                (None, 250, 128)          219648    
_________________________________________________________________
dropout_1 (Dropout)          (None, 250, 128)          0         
_________________________________________________________________
lstm_2 (LSTM)                (None, 64)                49408     
_________________________________________________________________
dropout_2 (Dropout)          (None, 64)                0         
_________________________________________________________________
dense_1 (Dense)              (None, 1)                 65        
=================================================================
Total params: 5,906,421
Trainable params: 269,121
Non-trainable params: 5,637,300
_________________________________________________________________
None

# N Fold 1
target class: severe_toxic
acc: 0.9185750636132316
auc: 0.9717955371043072
p: 0.9020618556701031
r: 0.9308510638297872
f: 0.9162303664921466

# N Fold 2
target class: severe_toxic
acc: 0.9389312977099237
auc: 0.9736923954175523
p: 0.9158878504672897
r: 0.9702970297029703
f: 0.9423076923076923

# N Fold 3
target class: severe_toxic
acc: 0.9363867684478372
auc: 0.9774872912127813
p: 0.9141414141414141
r: 0.9576719576719577
f: 0.9354005167958657

# N Fold 4
target class: severe_toxic
acc: 0.9618320610687023
auc: 0.9886026541764246
p: 0.9516129032258065
r: 0.9672131147540983
f: 0.959349593495935

# N Fold 5
target class: severe_toxic
acc: 0.9566326530612245
auc: 0.9774622846236306
p: 0.9615384615384616
r: 0.9569377990430622
f: 0.9592326139088729

# N Fold 6
target class: severe_toxic
acc: 0.9642857142857143
auc: 0.9926585442049359
p: 0.96
r: 0.9696969696969697
f: 0.964824120603015

# N Fold 7
target class: severe_toxic
acc: 0.9719387755102041
auc: 0.9944531658817373
p: 0.9572192513368984
r: 0.9835164835164835
f: 0.970189701897019

# N Fold 8
target class: severe_toxic
acc: 0.9642857142857143
auc: 0.984093512444028
p: 0.96
r: 0.9696969696969697
f: 0.964824120603015

# N Fold 9
target class: severe_toxic
acc: 0.9438775510204082
auc: 0.9811191573403555
p: 0.9577464788732394
r: 0.9400921658986175
f: 0.9488372093023255

# N Fold 10
target class: severe_toxic
acc: 0.9642857142857143
auc: 0.9830799666805498
p: 0.9595959595959596
r: 0.9693877551020408
f: 0.964467005076142

# AVERAGED RESULTS: 
 - acc: 0.9521031313288675
 - auc: 0.9824444509086302
 - p: 0.9439804174849172
 - r: 0.9615361308912957
 - f: 0.9525662940482029
