gpu(0)
TARGET CLASS: severe_toxic
Number of comments: 3924
BERT START 2019-12-23 17:18:47.552484
BERT END 2019-12-23 17:19:18.666336
# Embeddings loaded >> Matrix size: (66260, 1024)
BERT LOADED 2019-12-23 17:19:19.009154
Model: "sequential_1"
_________________________________________________________________
Layer (type)                 Output Shape              Param #   
=================================================================
embedding_1 (Embedding)      (None, 250, 1024)         67850240  
_________________________________________________________________
dense_1 (Dense)              (None, 250, 128)          131200    
_________________________________________________________________
dropout_1 (Dropout)          (None, 250, 128)          0         
_________________________________________________________________
dense_2 (Dense)              (None, 250, 64)           8256      
_________________________________________________________________
dropout_2 (Dropout)          (None, 250, 64)           0         
_________________________________________________________________
flatten_1 (Flatten)          (None, 16000)             0         
_________________________________________________________________
dense_3 (Dense)              (None, 1)                 16001     
=================================================================
Total params: 68,005,697
Trainable params: 155,457
Non-trainable params: 67,850,240
_________________________________________________________________
None

# N Fold 1
target class: severe_toxic
acc: 0.9236641221374046
auc: 0.9698235232509427
p: 0.9397590361445783
r: 0.8863636363636364
f: 0.912280701754386

# N Fold 2
target class: severe_toxic
acc: 0.916030534351145
auc: 0.9703176824212272
p: 0.9076923076923077
r: 0.921875
f: 0.9147286821705427

# N Fold 3
target class: severe_toxic
acc: 0.9236641221374046
auc: 0.9602655877165681
p: 0.9027777777777778
r: 0.9558823529411765
f: 0.9285714285714286

# N Fold 4
target class: severe_toxic
acc: 0.9287531806615776
auc: 0.9774287497399626
p: 0.9502487562189055
r: 0.9138755980861244
f: 0.9317073170731708

# N Fold 5
target class: severe_toxic
acc: 0.9183673469387755
auc: 0.9662358010184098
p: 0.9226519337016574
r: 0.9027027027027027
f: 0.912568306010929

# N Fold 6
target class: severe_toxic
acc: 0.9005102040816326
auc: 0.9429400890462676
p: 0.9040404040404041
r: 0.8994974874371859
f: 0.9017632241813602

# N Fold 7
target class: severe_toxic
acc: 0.923469387755102
auc: 0.9677994791666666
p: 0.905
r: 0.9427083333333334
f: 0.9234693877551022

# N Fold 8
target class: severe_toxic
acc: 0.8979591836734694
auc: 0.9576077053234413
p: 0.9015544041450777
r: 0.8923076923076924
f: 0.8969072164948454

# N Fold 9
target class: severe_toxic
acc: 0.923469387755102
auc: 0.9627913100724161
p: 0.9516908212560387
r: 0.9078341013824884
f: 0.929245283018868

# N Fold 10
target class: severe_toxic
acc: 0.875
auc: 0.9598510688155805
p: 0.8272727272727273
r: 0.9430051813471503
f: 0.8813559322033898

# AVERAGED RESULTS: 
 - acc: 0.9130887469491613
 - auc: 0.9635060996571483
 - p: 0.9112688168249474
 - r: 0.916605208590149
 - f: 0.9132597479234023
