TARGET CLASS: severe_toxic
Number of comments: 3924
# SAMPLE OF COMMENTS LABELS
[0 0 1 0 1 0 0 1 1 1]
# Word considered: 18790
# Embeddings loaded. Matrix size: (18791, 300)
Model: "sequential_1"
_________________________________________________________________
Layer (type)                 Output Shape              Param #   
=================================================================
embedding_1 (Embedding)      (None, 250, 300)          5637300   
_________________________________________________________________
bidirectional_1 (Bidirection (None, 250, 256)          439296    
_________________________________________________________________
dropout_1 (Dropout)          (None, 250, 256)          0         
_________________________________________________________________
bidirectional_2 (Bidirection (None, 128)               164352    
_________________________________________________________________
dropout_2 (Dropout)          (None, 128)               0         
_________________________________________________________________
dense_1 (Dense)              (None, 1)                 129       
=================================================================
Total params: 6,241,077
Trainable params: 603,777
Non-trainable params: 5,637,300
_________________________________________________________________
None

# N Fold 1
target class: severe_toxic
acc: 0.9541984732824428
auc: 0.9684049556788141
p: 0.9481865284974094
r: 0.9581151832460733
f: 0.953125

# N Fold 2
target class: severe_toxic
acc: 0.9465648854961832
auc: 0.9696396162820845
p: 0.9289340101522843
r: 0.9631578947368421
f: 0.9457364341085271

# N Fold 3
target class: severe_toxic
acc: 0.9618320610687023
auc: 0.982797093928386
p: 0.9567307692307693
r: 0.9707317073170731
f: 0.963680387409201

# N Fold 4
target class: severe_toxic
acc: 0.9592875318066157
auc: 0.9790297339593115
p: 0.9624413145539906
r: 0.9624413145539906
f: 0.9624413145539906

# N Fold 5
target class: severe_toxic
acc: 0.9693877551020408
auc: 0.9880989583333333
p: 0.9653465346534653
r: 0.975
f: 0.9701492537313433

# N Fold 6
target class: severe_toxic
acc: 0.9489795918367347
auc: 0.979375
p: 0.9387755102040817
r: 0.9583333333333334
f: 0.9484536082474228

# N Fold 7
target class: severe_toxic
acc: 0.9566326530612245
auc: 0.9832464825429912
p: 0.964824120603015
r: 0.9504950495049505
f: 0.9576059850374065

# N Fold 8
target class: severe_toxic
acc: 0.9413265306122449
auc: 0.9781510416666667
p: 0.9246231155778895
r: 0.9583333333333334
f: 0.9411764705882352

# N Fold 9
target class: severe_toxic
acc: 0.9540816326530612
auc: 0.9802935010482181
p: 0.9402173913043478
r: 0.9611111111111111
f: 0.9505494505494505

# N Fold 10
target class: severe_toxic
acc: 0.9566326530612245
auc: 0.9860471170115841
p: 0.9545454545454546
r: 0.9593908629441624
f: 0.9569620253164557

# AVERAGED RESULTS: 
 - acc: 0.9548923767980475
 - auc: 0.9795083500451389
 - p: 0.9484624749322708
 - r: 0.961710979008087
 - f: 0.9549879929542032
