TARGET CLASS: severe_toxic
Number of comments: 3924
# SAMPLE OF COMMENTS LABELS
[0 1 1 0 0 1 1 0 1 0]
# Word considered: 18790
# Embeddings loaded. Matrix size: (18791, 300)
Model: "sequential_1"
_________________________________________________________________
Layer (type)                 Output Shape              Param #   
=================================================================
embedding_1 (Embedding)      (None, 250, 300)          5637300   
_________________________________________________________________
conv1d_1 (Conv1D)            (None, 241, 128)          384128    
_________________________________________________________________
dropout_1 (Dropout)          (None, 241, 128)          0         
_________________________________________________________________
conv1d_2 (Conv1D)            (None, 237, 64)           41024     
_________________________________________________________________
dropout_2 (Dropout)          (None, 237, 64)           0         
_________________________________________________________________
flatten_1 (Flatten)          (None, 15168)             0         
_________________________________________________________________
dense_1 (Dense)              (None, 1)                 15169     
=================================================================
Total params: 6,077,621
Trainable params: 440,321
Non-trainable params: 5,637,300
_________________________________________________________________
None

# N Fold 1
target class: severe_toxic
acc: 0.8854961832061069
auc: 0.9442136960697782
p: 0.9128205128205128
r: 0.8640776699029126
f: 0.8877805486284289

# N Fold 2
target class: severe_toxic
acc: 0.8931297709923665
auc: 0.9449119526258376
p: 0.9661016949152542
r: 0.8260869565217391
f: 0.890625

# N Fold 3
target class: severe_toxic
acc: 0.8880407124681934
auc: 0.955557857660831
p: 0.8958333333333334
r: 0.8775510204081632
f: 0.8865979381443299

# N Fold 4
target class: severe_toxic
acc: 0.8702290076335878
auc: 0.9371454592766069
p: 0.8402061855670103
r: 0.8907103825136612
f: 0.8647214854111406

# N Fold 5
target class: severe_toxic
acc: 0.8928571428571429
auc: 0.9528086608114203
p: 0.8944099378881988
r: 0.8520710059171598
f: 0.8727272727272727

# N Fold 6
target class: severe_toxic
acc: 0.8673469387755102
auc: 0.9380596626405664
p: 0.86
r: 0.8775510204081632
f: 0.8686868686868686

# N Fold 7
target class: severe_toxic
acc: 0.8826530612244898
auc: 0.9480477195175954
p: 0.8961748633879781
r: 0.8586387434554974
f: 0.877005347593583

# N Fold 8
target class: severe_toxic
acc: 0.9132653061224489
auc: 0.9625828074677281
p: 0.9234449760765551
r: 0.9146919431279621
f: 0.9190476190476191

# N Fold 9
target class: severe_toxic
acc: 0.9005102040816326
auc: 0.9498306409588329
p: 0.8899521531100478
r: 0.9207920792079208
f: 0.905109489051095

# N Fold 10
target class: severe_toxic
acc: 0.9107142857142857
auc: 0.9639368602016096
p: 0.9510869565217391
r: 0.8706467661691543
f: 0.9090909090909092

# AVERAGED RESULTS: 
 - acc: 0.8904242613075765
 - auc: 0.9497095317230806
 - p: 0.903003061362063
 - r: 0.8752817587632333
 - f: 0.8881392478381247
