TARGET CLASS: severe_toxic
Number of comments: 3924
# SAMPLE OF COMMENTS LABELS
[1 0 0 0 1 0 1 0 1 1]
# Word considered: 18790
# Embeddings loaded. Matrix size: (18791, 300)
Model: "sequential_1"
_________________________________________________________________
Layer (type)                 Output Shape              Param #   
=================================================================
embedding_1 (Embedding)      (None, 250, 300)          5637300   
_________________________________________________________________
conv1d_1 (Conv1D)            (None, 241, 128)          384128    
_________________________________________________________________
dropout_1 (Dropout)          (None, 241, 128)          0         
_________________________________________________________________
conv1d_2 (Conv1D)            (None, 237, 64)           41024     
_________________________________________________________________
dropout_2 (Dropout)          (None, 237, 64)           0         
_________________________________________________________________
flatten_1 (Flatten)          (None, 15168)             0         
_________________________________________________________________
dense_1 (Dense)              (None, 1)                 15169     
=================================================================
Total params: 6,077,621
Trainable params: 440,321
Non-trainable params: 5,637,300
_________________________________________________________________
None

# N Fold 1
target class: severe_toxic
acc: 0.9134860050890585
auc: 0.9701424870466322
p: 0.9392265193370166
r: 0.8808290155440415
f: 0.9090909090909092

# N Fold 2
target class: severe_toxic
acc: 0.8575063613231552
auc: 0.9511967187581123
p: 0.8073770491803278
r: 0.9563106796116505
f: 0.8755555555555555

# N Fold 3
target class: severe_toxic
acc: 0.9389312977099237
auc: 0.9793264248704663
p: 0.9333333333333333
r: 0.9430051813471503
f: 0.9381443298969072

# N Fold 4
target class: severe_toxic
acc: 0.9033078880407125
auc: 0.9485562389242155
p: 0.9027777777777778
r: 0.9198113207547169
f: 0.9112149532710281

# N Fold 5
target class: severe_toxic
acc: 0.9183673469387755
auc: 0.9599505401535859
p: 0.9222797927461139
r: 0.9128205128205128
f: 0.9175257731958762

# N Fold 6
target class: severe_toxic
acc: 0.9336734693877551
auc: 0.9739663492891615
p: 0.9497206703910615
r: 0.9090909090909091
f: 0.9289617486338797

# N Fold 7
target class: severe_toxic
acc: 0.9132653061224489
auc: 0.971740601895241
p: 0.9040404040404041
r: 0.9226804123711341
f: 0.913265306122449

# N Fold 8
target class: severe_toxic
acc: 0.9081632653061225
auc: 0.9609966933111151
p: 0.96045197740113
r: 0.8542713567839196
f: 0.9042553191489361

# N Fold 9
target class: severe_toxic
acc: 0.8801020408163265
auc: 0.9536979166666666
p: 0.8695652173913043
r: 0.9
f: 0.8845208845208845

# N Fold 10
target class: severe_toxic
acc: 0.9158163265306123
auc: 0.968154365048239
p: 0.907608695652174
r: 0.912568306010929
f: 0.9100817438692098

# AVERAGED RESULTS: 
 - acc: 0.9082619307264891
 - auc: 0.9637728335963436
 - p: 0.9096381437250644
 - r: 0.9111387694334964
 - f: 0.9092616523305636
