TARGET CLASS: severe_toxic
Number of comments: 3924
# SAMPLE OF COMMENTS LABELS
[1 1 1 0 1 1 0 1 0 1]
# Word considered: 18790
# Embeddings loaded. Matrix size: (18791, 300)
Model: "sequential_1"
_________________________________________________________________
Layer (type)                 Output Shape              Param #   
=================================================================
embedding_1 (Embedding)      (None, 250, 300)          5637300   
_________________________________________________________________
dense_1 (Dense)              (None, 250, 128)          38528     
_________________________________________________________________
dropout_1 (Dropout)          (None, 250, 128)          0         
_________________________________________________________________
dense_2 (Dense)              (None, 250, 64)           8256      
_________________________________________________________________
dropout_2 (Dropout)          (None, 250, 64)           0         
_________________________________________________________________
flatten_1 (Flatten)          (None, 16000)             0         
_________________________________________________________________
dense_3 (Dense)              (None, 1)                 16001     
=================================================================
Total params: 5,700,085
Trainable params: 62,785
Non-trainable params: 5,637,300
_________________________________________________________________
None

# N Fold 1
target class: severe_toxic
acc: 0.8575063613231552
auc: 0.939099243758417
p: 0.9375
r: 0.7653061224489796
f: 0.8426966292134831

# N Fold 2
target class: severe_toxic
acc: 0.9236641221374046
auc: 0.9676326488064213
p: 0.9504950495049505
r: 0.9056603773584906
f: 0.927536231884058

# N Fold 3
target class: severe_toxic
acc: 0.9033078880407125
auc: 0.9582511676180592
p: 0.8676470588235294
r: 0.9414893617021277
f: 0.903061224489796

# N Fold 4
target class: severe_toxic
acc: 0.8778625954198473
auc: 0.9475741519921043
p: 0.8349514563106796
r: 0.9247311827956989
f: 0.8775510204081631

# N Fold 5
target class: severe_toxic
acc: 0.9464285714285714
auc: 0.9816439711510923
p: 0.9635416666666666
r: 0.9296482412060302
f: 0.9462915601023018

# N Fold 6
target class: severe_toxic
acc: 0.8698979591836735
auc: 0.9415238294314381
p: 0.8341708542713567
r: 0.9021739130434783
f: 0.8668407310704961

# N Fold 7
target class: severe_toxic
acc: 0.9132653061224489
auc: 0.9727499671528052
p: 0.8864864864864865
r: 0.9265536723163842
f: 0.9060773480662982

# N Fold 8
target class: severe_toxic
acc: 0.8954081632653061
auc: 0.9573366375374984
p: 0.9183673469387755
r: 0.8780487804878049
f: 0.8977556109725686

# N Fold 9
target class: severe_toxic
acc: 0.8801020408163265
auc: 0.9571956880950507
p: 0.8346774193548387
r: 0.971830985915493
f: 0.8980477223427332

# N Fold 10
target class: severe_toxic
acc: 0.9209183673469388
auc: 0.9675221469515373
p: 0.9014084507042254
r: 0.9504950495049505
f: 0.9253012048192771

# AVERAGED RESULTS: 
 - acc: 0.8988361375084385
 - auc: 0.9590529452494424
 - p: 0.8929245789061508
 - r: 0.9095937686779437
 - f: 0.8991159283369176
