TARGET CLASS: severe_toxic
Number of comments: 3924
# SAMPLE OF COMMENTS LABELS
[1 0 0 1 0 0 0 1 0 1]
# Word considered: 18790
# Embeddings loaded. Matrix size: (18791, 300)
Model: "sequential_1"
_________________________________________________________________
Layer (type)                 Output Shape              Param #   
=================================================================
embedding_1 (Embedding)      (None, 250, 300)          5637300   
_________________________________________________________________
lstm_1 (LSTM)                (None, 250, 128)          219648    
_________________________________________________________________
dropout_1 (Dropout)          (None, 250, 128)          0         
_________________________________________________________________
lstm_2 (LSTM)                (None, 64)                49408     
_________________________________________________________________
dropout_2 (Dropout)          (None, 64)                0         
_________________________________________________________________
dense_1 (Dense)              (None, 1)                 65        
=================================================================
Total params: 5,906,421
Trainable params: 269,121
Non-trainable params: 5,637,300
_________________________________________________________________
None

# N Fold 1
target class: severe_toxic
acc: 0.9363867684478372
auc: 0.9738280238280238
p: 0.9726775956284153
r: 0.898989898989899
f: 0.9343832020997376

# N Fold 2
target class: severe_toxic
acc: 0.9516539440203562
auc: 0.9851523631840796
p: 0.9595959595959596
r: 0.945273631840796
f: 0.9523809523809523

# N Fold 3
target class: severe_toxic
acc: 0.9491094147582697
auc: 0.9887852887852888
p: 0.926829268292683
r: 0.9743589743589743
f: 0.9500000000000001

# N Fold 4
target class: severe_toxic
acc: 0.9516539440203562
auc: 0.9735216240070609
p: 0.9421052631578948
r: 0.9572192513368984
f: 0.9496021220159151

# N Fold 5
target class: severe_toxic
acc: 0.9464285714285714
auc: 0.9737837485326725
p: 0.9560439560439561
r: 0.93048128342246
f: 0.943089430894309

# N Fold 6
target class: severe_toxic
acc: 0.9464285714285714
auc: 0.9750826672221209
p: 0.9095238095238095
r: 0.9896373056994818
f: 0.9478908188585607

# N Fold 7
target class: severe_toxic
acc: 0.9438775510204082
auc: 0.9786014022467224
p: 0.9593908629441624
r: 0.9310344827586207
f: 0.945

# N Fold 8
target class: severe_toxic
acc: 0.9311224489795918
auc: 0.9755173494983277
p: 0.9153439153439153
r: 0.9402173913043478
f: 0.9276139410187668

# N Fold 9
target class: severe_toxic
acc: 0.9617346938775511
auc: 0.9877114544931629
p: 0.9619047619047619
r: 0.9665071770334929
f: 0.964200477326969

# N Fold 10
target class: severe_toxic
acc: 0.9540816326530612
auc: 0.9881570366505804
p: 0.9651741293532339
r: 0.9463414634146341
f: 0.9556650246305418

# AVERAGED RESULTS: 
 - acc: 0.9472477540634574
 - auc: 0.980014095844804
 - p: 0.9468589521788792
 - r: 0.9480060860159605
 - f: 0.9469825969225752
