gpu(0)
TARGET CLASS: severe_toxic
Number of comments: 3924
BERT START 2019-12-24 12:40:20.763549
BERT END 2019-12-24 12:40:51.862144
# Embeddings loaded >> Matrix size: (66260, 1024)
BERT LOADED 2019-12-24 12:40:52.190361
Model: "sequential_1"
_________________________________________________________________
Layer (type)                 Output Shape              Param #   
=================================================================
embedding_1 (Embedding)      (None, 250, 1024)         67850240  
_________________________________________________________________
conv1d_1 (Conv1D)            (None, 241, 128)          1310848   
_________________________________________________________________
dropout_1 (Dropout)          (None, 241, 128)          0         
_________________________________________________________________
conv1d_2 (Conv1D)            (None, 237, 64)           41024     
_________________________________________________________________
dropout_2 (Dropout)          (None, 237, 64)           0         
_________________________________________________________________
flatten_1 (Flatten)          (None, 15168)             0         
_________________________________________________________________
dense_1 (Dense)              (None, 1)                 15169     
=================================================================
Total params: 69,217,281
Trainable params: 1,367,041
Non-trainable params: 67,850,240
_________________________________________________________________
None

# N Fold 1
target class: severe_toxic
acc: 0.8702290076335878
auc: 0.925692429438143
p: 0.8789808917197452
r: 0.8117647058823529
f: 0.8440366972477065

# N Fold 2
target class: severe_toxic
acc: 0.8804071246819338
auc: 0.9396713126690244
p: 0.8648648648648649
r: 0.9186602870813397
f: 0.8909512761020882

# N Fold 3
target class: severe_toxic
acc: 0.9033078880407125
auc: 0.9484357194654511
p: 0.9157894736842105
r: 0.8877551020408163
f: 0.9015544041450776

# N Fold 4
target class: severe_toxic
acc: 0.9389312977099237
auc: 0.9688505031642286
p: 0.9285714285714286
r: 0.9558823529411765
f: 0.9420289855072465

# N Fold 5
target class: severe_toxic
acc: 0.9183673469387755
auc: 0.9579288025889967
p: 0.9306930693069307
r: 0.912621359223301
f: 0.9215686274509804

# N Fold 6
target class: severe_toxic
acc: 0.9285714285714286
auc: 0.9712714255852843
p: 0.9326923076923077
r: 0.9326923076923077
f: 0.9326923076923077

# N Fold 7
target class: severe_toxic
acc: 0.9132653061224489
auc: 0.9623712012521195
p: 0.8868778280542986
r: 0.9560975609756097
f: 0.92018779342723

# N Fold 8
target class: severe_toxic
acc: 0.8826530612244898
auc: 0.9361180642469754
p: 0.8446601941747572
r: 0.925531914893617
f: 0.883248730964467

# N Fold 9
target class: severe_toxic
acc: 0.8979591836734694
auc: 0.9507258842234213
p: 0.8983957219251337
r: 0.8888888888888888
f: 0.8936170212765958

# N Fold 10
target class: severe_toxic
acc: 0.9183673469387755
auc: 0.9594365462371202
p: 0.91005291005291
r: 0.9197860962566845
f: 0.9148936170212767

# AVERAGED RESULTS: 
 - acc: 0.9052058991535545
 - auc: 0.9520501888870765
 - p: 0.8991578690046588
 - r: 0.9109680575876095
 - f: 0.9044779460834976
