gpu(0)
TARGET CLASS: severe_toxic
Number of comments: 3924
BERT START 2019-12-25 23:32:03.681300
BERT END 2019-12-25 23:32:36.772830
# Embeddings loaded >> Matrix size: (66260, 1024)
BERT LOADED 2019-12-25 23:32:37.100716
Model: "sequential_1"
_________________________________________________________________
Layer (type)                 Output Shape              Param #   
=================================================================
embedding_1 (Embedding)      (None, 250, 1024)         67850240  
_________________________________________________________________
lstm_1 (LSTM)                (None, 250, 128)          590336    
_________________________________________________________________
dropout_1 (Dropout)          (None, 250, 128)          0         
_________________________________________________________________
lstm_2 (LSTM)                (None, 64)                49408     
_________________________________________________________________
dropout_2 (Dropout)          (None, 64)                0         
_________________________________________________________________
dense_1 (Dense)              (None, 1)                 65        
=================================================================
Total params: 68,490,049
Trainable params: 639,809
Non-trainable params: 67,850,240
_________________________________________________________________
None

# N Fold 1
target class: severe_toxic
acc: 0.926208651399491
auc: 0.9705493308434485
p: 0.9441624365482234
r: 0.9117647058823529
f: 0.9276807980049876

# N Fold 2
target class: severe_toxic
acc: 0.926208651399491
auc: 0.9737444704657819
p: 0.9095744680851063
r: 0.9344262295081968
f: 0.9218328840970351

# N Fold 3
target class: severe_toxic
acc: 0.9312977099236641
auc: 0.9813516180977613
p: 0.9344262295081968
r: 0.9193548387096774
f: 0.9268292682926829

# N Fold 4
target class: severe_toxic
acc: 0.9033078880407125
auc: 0.9805181347150259
p: 0.8552631578947368
r: 0.975
f: 0.911214953271028

# N Fold 5
target class: severe_toxic
acc: 0.9566326530612245
auc: 0.9858768093304175
p: 0.9682539682539683
r: 0.9432989690721649
f: 0.9556135770234987

# N Fold 6
target class: severe_toxic
acc: 0.9158163265306123
auc: 0.9736300924118183
p: 0.9655172413793104
r: 0.8615384615384616
f: 0.9105691056910569

# N Fold 7
target class: severe_toxic
acc: 0.9183673469387755
auc: 0.9727201667535175
p: 0.9072164948453608
r: 0.9263157894736842
f: 0.9166666666666665

# N Fold 8
target class: severe_toxic
acc: 0.951530612244898
auc: 0.9864004629629629
p: 0.958139534883721
r: 0.9537037037037037
f: 0.9559164733178654

# N Fold 9
target class: severe_toxic
acc: 0.9285714285714286
auc: 0.957815957308343
p: 0.9282051282051282
r: 0.9282051282051282
f: 0.9282051282051282

# N Fold 10
target class: severe_toxic
acc: 0.9285714285714286
auc: 0.9649803421251334
p: 0.8976744186046511
r: 0.9698492462311558
f: 0.9323671497584541

# AVERAGED RESULTS: 
 - acc: 0.9286512696681726
 - auc: 0.974758738501421
 - p: 0.9268433078208403
 - r: 0.9323457072324526
 - f: 0.9286896004328403
