gpu(0)
TARGET CLASS: severe_toxic
Number of comments: 3924
BERT START 2019-12-27 23:18:48.534257
BERT END 2019-12-27 23:19:19.401724
# Embeddings loaded >> Matrix size: (66260, 1024)
BERT LOADED 2019-12-27 23:19:19.739051
Model: "sequential_1"
_________________________________________________________________
Layer (type)                 Output Shape              Param #   
=================================================================
embedding_1 (Embedding)      (None, 250, 1024)         67850240  
_________________________________________________________________
bidirectional_1 (Bidirection (None, 250, 256)          1180672   
_________________________________________________________________
dropout_1 (Dropout)          (None, 250, 256)          0         
_________________________________________________________________
bidirectional_2 (Bidirection (None, 128)               164352    
_________________________________________________________________
dropout_2 (Dropout)          (None, 128)               0         
_________________________________________________________________
dense_1 (Dense)              (None, 1)                 129       
=================================================================
Total params: 69,195,393
Trainable params: 1,345,153
Non-trainable params: 67,850,240
_________________________________________________________________
None

# N Fold 1
target class: severe_toxic
acc: 0.9312977099236641
auc: 0.9630397594733295
p: 0.9141414141414141
r: 0.9476439790575916
f: 0.9305912596401029

# N Fold 2
target class: severe_toxic
acc: 0.9236641221374046
auc: 0.9663804319542024
p: 0.900523560209424
r: 0.9398907103825137
f: 0.9197860962566845

# N Fold 3
target class: severe_toxic
acc: 0.9363867684478372
auc: 0.9603399065905552
p: 0.95
r: 0.926829268292683
f: 0.9382716049382716

# N Fold 4
target class: severe_toxic
acc: 0.9440203562340967
auc: 0.9774163472495597
p: 0.9438775510204082
r: 0.9438775510204082
f: 0.9438775510204082

# N Fold 5
target class: severe_toxic
acc: 0.9336734693877551
auc: 0.969166210545521
p: 0.9267015706806283
r: 0.9365079365079365
f: 0.9315789473684211

# N Fold 6
target class: severe_toxic
acc: 0.951530612244898
auc: 0.9806865274845571
p: 0.9521276595744681
r: 0.9470899470899471
f: 0.9496021220159151

# N Fold 7
target class: severe_toxic
acc: 0.9413265306122449
auc: 0.9719358533791523
p: 0.9211822660098522
r: 0.9639175257731959
f: 0.9420654911838792

# N Fold 8
target class: severe_toxic
acc: 0.9209183673469388
auc: 0.9636441736957201
p: 0.9222797927461139
r: 0.9175257731958762
f: 0.9198966408268733

# N Fold 9
target class: severe_toxic
acc: 0.9489795918367347
auc: 0.9728929924242424
p: 0.9666666666666667
r: 0.9398148148148148
f: 0.9530516431924883

# N Fold 10
target class: severe_toxic
acc: 0.9362244897959183
auc: 0.9719838267901396
p: 0.9326923076923077
r: 0.9463414634146341
f: 0.9394673123486682

# AVERAGED RESULTS: 
 - acc: 0.9368022017967492
 - auc: 0.9697486029586979
 - p: 0.9330192788741283
 - r: 0.9409438969549601
 - f: 0.9368188668791713
