TARGET CLASS: severe_toxic
Number of comments: 3924
# SAMPLE OF COMMENTS LABELS
[0 0 0 1 0 1 0 0 0 0]
# Word considered: 18790
# Embeddings loaded. Matrix size: (18791, 300)
Model: "sequential_1"
_________________________________________________________________
Layer (type)                 Output Shape              Param #   
=================================================================
embedding_1 (Embedding)      (None, 250, 300)          5637300   
_________________________________________________________________
bidirectional_1 (Bidirection (None, 250, 256)          439296    
_________________________________________________________________
dropout_1 (Dropout)          (None, 250, 256)          0         
_________________________________________________________________
bidirectional_2 (Bidirection (None, 128)               164352    
_________________________________________________________________
dropout_2 (Dropout)          (None, 128)               0         
_________________________________________________________________
dense_1 (Dense)              (None, 1)                 129       
=================================================================
Total params: 6,241,077
Trainable params: 603,777
Non-trainable params: 5,637,300
_________________________________________________________________
None

# N Fold 1
target class: severe_toxic
acc: 0.9440203562340967
auc: 0.9826737801719672
p: 0.9182692307692307
r: 0.9744897959183674
f: 0.9455445544554454

# N Fold 2
target class: severe_toxic
acc: 0.9567430025445293
auc: 0.98508662724349
p: 0.9605911330049262
r: 0.9558823529411765
f: 0.9582309582309583

# N Fold 3
target class: severe_toxic
acc: 0.9618320610687023
auc: 0.9793965293965294
p: 0.9639175257731959
r: 0.958974358974359
f: 0.9614395886889461

# N Fold 4
target class: severe_toxic
acc: 0.9363867684478372
auc: 0.9808212058212058
p: 0.9444444444444444
r: 0.918918918918919
f: 0.9315068493150684

# N Fold 5
target class: severe_toxic
acc: 0.9617346938775511
auc: 0.980843511848836
p: 0.961352657004831
r: 0.9660194174757282
f: 0.963680387409201

# N Fold 6
target class: severe_toxic
acc: 0.9285714285714286
auc: 0.9668364016190103
p: 0.9282296650717703
r: 0.9371980676328503
f: 0.9326923076923078

# N Fold 7
target class: severe_toxic
acc: 0.9489795918367347
auc: 0.9895084869311674
p: 0.9540816326530612
r: 0.9444444444444444
f: 0.949238578680203

# N Fold 8
target class: severe_toxic
acc: 0.9642857142857143
auc: 0.9859236002093145
p: 0.9421052631578948
r: 0.9835164835164835
f: 0.9623655913978494

# N Fold 9
target class: severe_toxic
acc: 0.9285714285714286
auc: 0.9790009130037824
p: 0.8697674418604651
r: 1.0
f: 0.9303482587064676

# N Fold 10
target class: severe_toxic
acc: 0.9285714285714286
auc: 0.9836112558624284
p: 0.9142857142857143
r: 0.9504950495049505
f: 0.9320388349514563

# AVERAGED RESULTS: 
 - acc: 0.9459696474009451
 - auc: 0.9813702312107732
 - p: 0.9357044708025534
 - r: 0.9589938889327279
 - f: 0.9467085909527904
