gpu(0)
TARGET CLASS: obscene
Number of comments: 24280
BERT START 2019-12-23 17:33:18.525166
BERT END 2019-12-23 17:35:56.473146
# Embeddings loaded >> Matrix size: (416001, 1024)
BERT LOADED 2019-12-23 17:35:58.481814
Model: "sequential_1"
_________________________________________________________________
Layer (type)                 Output Shape              Param #   
=================================================================
embedding_1 (Embedding)      (None, 250, 1024)         425985024 
_________________________________________________________________
dense_1 (Dense)              (None, 250, 128)          131200    
_________________________________________________________________
dropout_1 (Dropout)          (None, 250, 128)          0         
_________________________________________________________________
dense_2 (Dense)              (None, 250, 64)           8256      
_________________________________________________________________
dropout_2 (Dropout)          (None, 250, 64)           0         
_________________________________________________________________
flatten_1 (Flatten)          (None, 16000)             0         
_________________________________________________________________
dense_3 (Dense)              (None, 1)                 16001     
=================================================================
Total params: 426,140,481
Trainable params: 155,457
Non-trainable params: 425,985,024
_________________________________________________________________
None

# N Fold 1
target class: obscene
acc: 0.8521416803953872
auc: 0.9150417392308032
p: 0.8607705779334501
r: 0.830938292476754
f: 0.8455913978494625

# N Fold 2
target class: obscene
acc: 0.8484349258649094
auc: 0.9169240458307968
p: 0.8539709649871904
r: 0.835421888053467
f: 0.8445945945945945

# N Fold 3
target class: obscene
acc: 0.8142504118616145
auc: 0.888328136715715
p: 0.823327615780446
r: 0.7966804979253111
f: 0.8097849008857023

# N Fold 4
target class: obscene
acc: 0.820840197693575
auc: 0.8883575671737601
p: 0.8214285714285714
r: 0.803921568627451
f: 0.8125807841447652

# N Fold 5
target class: obscene
acc: 0.8348434925864909
auc: 0.9066328932965795
p: 0.8647959183673469
r: 0.8077839555202542
f: 0.835318275154004

# N Fold 6
target class: obscene
acc: 0.8373146622734761
auc: 0.9064763902465515
p: 0.8517901748542881
r: 0.825
f: 0.8381810733306022

# N Fold 7
target class: obscene
acc: 0.8434925864909391
auc: 0.9129053831556148
p: 0.8589211618257261
r: 0.8313253012048193
f: 0.8448979591836735

# N Fold 8
target class: obscene
acc: 0.8266062602965404
auc: 0.9047872224921488
p: 0.7942727957799548
r: 0.8768718801996672
f: 0.8335310399367339

# N Fold 9
target class: obscene
acc: 0.8340197693574959
auc: 0.9050664477188602
p: 0.8641207815275311
r: 0.7955846279640229
f: 0.8284376330353341

# N Fold 10
target class: obscene
acc: 0.8315485996705108
auc: 0.9007959044507546
p: 0.8507853403141361
r: 0.8037922506183017
f: 0.8266214497668504

# AVERAGED RESULTS: 
 - acc: 0.8343492586490939
 - auc: 0.9045315730311585
 - p: 0.8444183902798641
 - r: 0.8207320262590049
 - f: 0.8319539107881723
