gpu(0)
TARGET CLASS: obscene
Number of comments: 24280
BERT START 2019-12-28 02:05:12.801330
BERT END 2019-12-28 02:07:49.621846
# Embeddings loaded >> Matrix size: (416001, 1024)
BERT LOADED 2019-12-28 02:07:51.660831
Model: "sequential_1"
_________________________________________________________________
Layer (type)                 Output Shape              Param #   
=================================================================
embedding_1 (Embedding)      (None, 250, 1024)         425985024 
_________________________________________________________________
bidirectional_1 (Bidirection (None, 250, 256)          1180672   
_________________________________________________________________
dropout_1 (Dropout)          (None, 250, 256)          0         
_________________________________________________________________
bidirectional_2 (Bidirection (None, 128)               164352    
_________________________________________________________________
dropout_2 (Dropout)          (None, 128)               0         
_________________________________________________________________
dense_1 (Dense)              (None, 1)                 129       
=================================================================
Total params: 427,330,177
Trainable params: 1,345,153
Non-trainable params: 425,985,024
_________________________________________________________________
None

# N Fold 1
target class: obscene
acc: 0.8805601317957167
auc: 0.9369412564718052
p: 0.903862660944206
r: 0.8554021121039805
f: 0.8789649415692821

# N Fold 2
target class: obscene
acc: 0.8805601317957167
auc: 0.9410653638013808
p: 0.9050576752440106
r: 0.8478802992518704
f: 0.8755364806866952

# N Fold 3
target class: obscene
acc: 0.8694398682042833
auc: 0.9372171826729372
p: 0.9032258064516129
r: 0.828266228430567
f: 0.8641234462066009

# N Fold 4
target class: obscene
acc: 0.8665568369028006
auc: 0.9316442919285204
p: 0.8607809847198642
r: 0.8637137989778535
f: 0.8622448979591836

# N Fold 5
target class: obscene
acc: 0.872322899505766
auc: 0.9404585806348252
p: 0.8793806030969845
r: 0.8694601128122482
f: 0.8743922204213939

# N Fold 6
target class: obscene
acc: 0.871499176276771
auc: 0.9397508800433252
p: 0.8912466843501327
r: 0.8421052631578947
f: 0.8659793814432989

# N Fold 7
target class: obscene
acc: 0.8826194398682042
auc: 0.9393403956757402
p: 0.9106047326906223
r: 0.8502454991816694
f: 0.8793906051629284

# N Fold 8
target class: obscene
acc: 0.8735584843492586
auc: 0.9378131378104916
p: 0.887468030690537
r: 0.8560855263157895
f: 0.8714943491000419

# N Fold 9
target class: obscene
acc: 0.8632619439868204
auc: 0.9368673340869819
p: 0.8832913518052057
r: 0.8449799196787149
f: 0.8637110016420361

# N Fold 10
target class: obscene
acc: 0.8817957166392092
auc: 0.9444232914980086
p: 0.8953792502179599
r: 0.8601340033500837
f: 0.8774028193079881

# AVERAGED RESULTS: 
 - acc: 0.8742174629324547
 - auc: 0.9385521714624017
 - p: 0.8920297780211136
 - r: 0.8518272763260671
 - f: 0.8713240143499449
