TARGET CLASS: obscene
Number of comments: 24280
# SAMPLE OF COMMENTS LABELS
[0 1 0 0 0 0 1 0 0 1]
# Word considered: 60810
# Embeddings loaded. Matrix size: (60811, 300)
Model: "sequential_1"
_________________________________________________________________
Layer (type)                 Output Shape              Param #   
=================================================================
embedding_1 (Embedding)      (None, 250, 300)          18243300  
_________________________________________________________________
bidirectional_1 (Bidirection (None, 250, 256)          439296    
_________________________________________________________________
dropout_1 (Dropout)          (None, 250, 256)          0         
_________________________________________________________________
bidirectional_2 (Bidirection (None, 128)               164352    
_________________________________________________________________
dropout_2 (Dropout)          (None, 128)               0         
_________________________________________________________________
dense_1 (Dense)              (None, 1)                 129       
=================================================================
Total params: 18,847,077
Trainable params: 603,777
Non-trainable params: 18,243,300
_________________________________________________________________
None

# N Fold 1
target class: obscene
acc: 0.9448105436573312
auc: 0.9846091408591409
p: 0.9529702970297029
r: 0.9375
f: 0.9451718494271686

# N Fold 2
target class: obscene
acc: 0.935337726523888
auc: 0.9820248864786814
p: 0.9113725490196078
r: 0.9635157545605307
f: 0.9367190648931882

# N Fold 3
target class: obscene
acc: 0.9373970345963756
auc: 0.9777454323375234
p: 0.935117599351176
r: 0.9412244897959183
f: 0.9381611065907242

# N Fold 4
target class: obscene
acc: 0.9406919275123559
auc: 0.981937521222411
p: 0.937394247038917
r: 0.9405772495755518
f: 0.9389830508474577

# N Fold 5
target class: obscene
acc: 0.9357495881383855
auc: 0.9801441764756982
p: 0.9256329113924051
r: 0.9496753246753247
f: 0.9375000000000001

# N Fold 6
target class: obscene
acc: 0.9394563426688632
auc: 0.9819982319055496
p: 0.9399519615692554
r: 0.942215088282504
f: 0.9410821643286573

# N Fold 7
target class: obscene
acc: 0.9324546952224053
auc: 0.9768271325735138
p: 0.9293344289235825
r: 0.9354838709677419
f: 0.93239901071723

# N Fold 8
target class: obscene
acc: 0.9345140032948929
auc: 0.9793583942145693
p: 0.9353233830845771
r: 0.9330024813895782
f: 0.9341614906832298

# N Fold 9
target class: obscene
acc: 0.9139209225700164
auc: 0.9734555066318764
p: 0.9632850241545894
r: 0.853595890410959
f: 0.9051293690422152
