TARGET CLASS: obscene
Number of comments: 24280
# SAMPLE OF COMMENTS LABELS
[1 0 1 1 1 0 1 0 0 1]
# Word considered: 60810
# Embeddings loaded. Matrix size: (60811, 300)
Model: "sequential_1"
_________________________________________________________________
Layer (type)                 Output Shape              Param #   
=================================================================
embedding_1 (Embedding)      (None, 250, 300)          18243300  
_________________________________________________________________
conv1d_1 (Conv1D)            (None, 241, 128)          384128    
_________________________________________________________________
dropout_1 (Dropout)          (None, 241, 128)          0         
_________________________________________________________________
conv1d_2 (Conv1D)            (None, 237, 64)           41024     
_________________________________________________________________
dropout_2 (Dropout)          (None, 237, 64)           0         
_________________________________________________________________
flatten_1 (Flatten)          (None, 15168)             0         
_________________________________________________________________
dense_1 (Dense)              (None, 1)                 15169     
=================================================================
Total params: 18,683,621
Trainable params: 440,321
Non-trainable params: 18,243,300
_________________________________________________________________
None

# N Fold 1
target class: obscene
acc: 0.8500823723228995
auc: 0.9078121023970686
p: 0.8847184986595175
r: 0.8081632653061225
f: 0.8447098976109215

# N Fold 2
target class: obscene
acc: 0.857495881383855
auc: 0.907660753571717
p: 0.8649350649350649
r: 0.840201850294365
f: 0.8523890784982935

# N Fold 3
target class: obscene
acc: 0.8632619439868204
auc: 0.9097140375696756
p: 0.8757446808510638
r: 0.8469135802469135
f: 0.8610878661087865

# N Fold 4
target class: obscene
acc: 0.8451400329489291
auc: 0.9060827468552082
p: 0.811265544989027
r: 0.9038304808475958
f: 0.8550501156515035

# N Fold 5
target class: obscene
acc: 0.8500823723228995
auc: 0.905550104763766
p: 0.873029772329247
r: 0.8199013157894737
f: 0.8456318914334182

# N Fold 6
target class: obscene
acc: 0.8587314662273476
auc: 0.9086127866698519
p: 0.8699045967042498
r: 0.8386287625418061
f: 0.853980417198808

# N Fold 7
target class: obscene
acc: 0.8612026359143328
auc: 0.9077366823618422
p: 0.8716814159292036
r: 0.836873406966865
f: 0.8539228435197226

# N Fold 8
target class: obscene
acc: 0.8492586490939045
auc: 0.9118391764051197
p: 0.8343653250773994
r: 0.8764227642276423
f: 0.8548770816812055

# N Fold 9
target class: obscene
acc: 0.8463756177924218
auc: 0.9051423206328257
p: 0.8391881342701015
r: 0.8655394524959742
f: 0.8521601268331351

# N Fold 10
target class: obscene
acc: 0.8525535420098846
auc: 0.9072137421414588
p: 0.8507704785077048
r: 0.8577269010629599
f: 0.8542345276872965

# AVERAGED RESULTS: 
 - acc: 0.8534184514003295
 - auc: 0.9077364453368534
 - p: 0.8575603512252579
 - r: 0.8494201779779718
 - f: 0.8528043846223091
