TARGET CLASS: obscene
Number of comments: 24280
# SAMPLE OF COMMENTS LABELS
[1 0 1 1 1 1 1 0 1 0]
# Word considered: 60810
# Embeddings loaded. Matrix size: (60811, 300)
Model: "sequential_1"
_________________________________________________________________
Layer (type)                 Output Shape              Param #   
=================================================================
embedding_1 (Embedding)      (None, 250, 300)          18243300  
_________________________________________________________________
bidirectional_1 (Bidirection (None, 250, 256)          439296    
_________________________________________________________________
dropout_1 (Dropout)          (None, 250, 256)          0         
_________________________________________________________________
bidirectional_2 (Bidirection (None, 128)               164352    
_________________________________________________________________
dropout_2 (Dropout)          (None, 128)               0         
_________________________________________________________________
dense_1 (Dense)              (None, 1)                 129       
=================================================================
Total params: 18,847,077
Trainable params: 603,777
Non-trainable params: 18,243,300
_________________________________________________________________
None

# N Fold 1
target class: obscene
acc: 0.9390444810543658
auc: 0.980611608057404
p: 0.9457120377655389
r: 0.9383294301327089
f: 0.9420062695924765

# N Fold 2
target class: obscene
acc: 0.9369851729818781
auc: 0.9770826545020093
p: 0.9443990188062142
r: 0.9314516129032258
f: 0.9378806333739341

# N Fold 3
target class: obscene
acc: 0.9303953871499177
auc: 0.97274631842782
p: 0.9342442356959864
r: 0.9224283305227656
f: 0.9282986847687739

# N Fold 4
target class: obscene
acc: 0.9402800658978583
auc: 0.9788990240522966
p: 0.9425
r: 0.9370339685169843
f: 0.9397590361445782

# N Fold 5
target class: obscene
acc: 0.9299835255354201
auc: 0.9782951212114427
p: 0.9495295124037639
r: 0.9090909090909091
f: 0.9288702928870292

# N Fold 6
target class: obscene
acc: 0.9308072487644151
auc: 0.9756187127516596
p: 0.927257525083612
r: 0.9319327731092437
f: 0.9295892707460185

# N Fold 7
target class: obscene
acc: 0.9382207578253706
auc: 0.9750488539673493
p: 0.9330065359477124
r: 0.943801652892562
f: 0.9383730484798686

# N Fold 8
target class: obscene
acc: 0.9476935749588138
auc: 0.9786361061070231
p: 0.9532554257095158
r: 0.9414674361088211
f: 0.947324761509747

# N Fold 9
target class: obscene
acc: 0.9361614497528831
auc: 0.9800356270358307
p: 0.9519797809604044
r: 0.9201954397394136
f: 0.9358178053830227

# N Fold 10
target class: obscene
acc: 0.9394563426688632
auc: 0.9762817950976553
p: 0.9233971690258118
r: 0.9527491408934707
f: 0.9378435517970402

# AVERAGED RESULTS: 
 - acc: 0.9369028006589786
 - auc: 0.977325582121049
 - p: 0.940528124139856
 - r: 0.9328480693910105
 - f: 0.9365763354682489
