TARGET CLASS: obscene
Number of comments: 24280
# SAMPLE OF COMMENTS LABELS
[0 1 1 0 0 0 0 0 1 1]
# Word considered: 60810
# Embeddings loaded. Matrix size: (60811, 300)
Model: "sequential_1"
_________________________________________________________________
Layer (type)                 Output Shape              Param #   
=================================================================
embedding_1 (Embedding)      (None, 250, 300)          18243300  
_________________________________________________________________
dense_1 (Dense)              (None, 250, 128)          38528     
_________________________________________________________________
dropout_1 (Dropout)          (None, 250, 128)          0         
_________________________________________________________________
dense_2 (Dense)              (None, 250, 64)           8256      
_________________________________________________________________
dropout_2 (Dropout)          (None, 250, 64)           0         
_________________________________________________________________
flatten_1 (Flatten)          (None, 16000)             0         
_________________________________________________________________
dense_3 (Dense)              (None, 1)                 16001     
=================================================================
Total params: 18,306,085
Trainable params: 62,785
Non-trainable params: 18,243,300
_________________________________________________________________
None

# N Fold 1
target class: obscene
acc: 0.8607907742998353
auc: 0.9187394781144781
p: 0.8463901689708141
r: 0.8887096774193548
f: 0.8670338316286388

# N Fold 2
target class: obscene
acc: 0.872322899505766
auc: 0.9348912260676967
p: 0.8429027113237639
r: 0.9034188034188034
f: 0.8721122112211221

# N Fold 3
target class: obscene
acc: 0.8628500823723229
auc: 0.9299676898222939
p: 0.8382004735595896
r: 0.892436974789916
f: 0.8644688644688644

# N Fold 4
target class: obscene
acc: 0.8830313014827018
auc: 0.9371788373445374
p: 0.889451476793249
r: 0.8732394366197183
f: 0.8812709030100335

# N Fold 5
target class: obscene
acc: 0.8817957166392092
auc: 0.9302913830976223
p: 0.9029982363315696
r: 0.8526228143213989
f: 0.8770877944325481

# N Fold 6
target class: obscene
acc: 0.8525535420098846
auc: 0.9243415874101578
p: 0.8270392749244713
r: 0.8946078431372549
f: 0.859497645211931

# N Fold 7
target class: obscene
acc: 0.8492586490939045
auc: 0.9142390507073352
p: 0.8989710009354537
r: 0.7883511074651354
f: 0.8400349650349651

# N Fold 8
target class: obscene
acc: 0.8813838550247117
auc: 0.9343679749644953
p: 0.8937446443873179
r: 0.8641259320629661
f: 0.8786857624262848

# N Fold 9
target class: obscene
acc: 0.8669686985172982
auc: 0.9291818881343524
p: 0.8952299829642248
r: 0.8401278976818545
f: 0.8668041237113403

# N Fold 10
target class: obscene
acc: 0.8698517298187809
auc: 0.9254910224383055
p: 0.9030837004405287
r: 0.8326563769293257
f: 0.8664412510566357

# AVERAGED RESULTS: 
 - acc: 0.8680807248764415
 - auc: 0.9278690138101274
 - p: 0.8738011670630983
 - r: 0.8630296863845728
 - f: 0.8673437352202364
