gpu(0)
TARGET CLASS: obscene
Number of comments: 24280
BERT START 2019-12-24 14:12:15.448479
BERT END 2019-12-24 14:14:53.379900
# Embeddings loaded >> Matrix size: (416001, 1024)
BERT LOADED 2019-12-24 14:14:55.427570
Model: "sequential_1"
_________________________________________________________________
Layer (type)                 Output Shape              Param #   
=================================================================
embedding_1 (Embedding)      (None, 250, 1024)         425985024 
_________________________________________________________________
conv1d_1 (Conv1D)            (None, 241, 128)          1310848   
_________________________________________________________________
dropout_1 (Dropout)          (None, 241, 128)          0         
_________________________________________________________________
conv1d_2 (Conv1D)            (None, 237, 64)           41024     
_________________________________________________________________
dropout_2 (Dropout)          (None, 237, 64)           0         
_________________________________________________________________
flatten_1 (Flatten)          (None, 15168)             0         
_________________________________________________________________
dense_1 (Dense)              (None, 1)                 15169     
=================================================================
Total params: 427,352,065
Trainable params: 1,367,041
Non-trainable params: 425,985,024
_________________________________________________________________
None

# N Fold 1
target class: obscene
acc: 0.8088962108731467
auc: 0.8784780194869539
p: 0.8070175438596491
r: 0.820097244732577
f: 0.8135048231511254

# N Fold 2
target class: obscene
acc: 0.8311367380560132
auc: 0.8964676627720107
p: 0.8374384236453202
r: 0.827922077922078
f: 0.8326530612244899

# N Fold 3
target class: obscene
acc: 0.8303130148270181
auc: 0.9006285833731486
p: 0.8377265238879736
r: 0.825487012987013
f: 0.8315617334423548

# N Fold 4
target class: obscene
acc: 0.8587314662273476
auc: 0.9237912790875247
p: 0.8626279863481229
r: 0.8474434199497066
f: 0.8549682875264271

# N Fold 5
target class: obscene
acc: 0.8150741350906096
auc: 0.8825104322879311
p: 0.8213969938107869
r: 0.7899659863945578
f: 0.8053749458170785

# N Fold 6
target class: obscene
acc: 0.7920098846787479
auc: 0.8863257925306699
p: 0.7581227436823105
r: 0.860655737704918
f: 0.8061420345489443

# N Fold 7
target class: obscene
acc: 0.8294892915980231
auc: 0.8963797352571566
p: 0.8127962085308057
r: 0.8532338308457711
f: 0.8325242718446603

# N Fold 8
target class: obscene
acc: 0.8294892915980231
auc: 0.8989368487621902
p: 0.8406408094435076
r: 0.8158756137479541
f: 0.8280730897009967

# N Fold 9
target class: obscene
acc: 0.8323723228995058
auc: 0.8923052911937842
p: 0.8262295081967214
r: 0.8379052369077307
f: 0.8320264135369376

# N Fold 10
target class: obscene
acc: 0.8093080724876441
auc: 0.8880529159982955
p: 0.7903596021423106
r: 0.8453355155482815
f: 0.8169236852510874

# AVERAGED RESULTS: 
 - acc: 0.8236820428336079
 - auc: 0.8943876560749665
 - p: 0.8194356343547509
 - r: 0.8323921676740588
 - f: 0.8253752346044102
