TARGET CLASS: obscene
Number of comments: 24280
# SAMPLE OF COMMENTS LABELS
[0 1 0 1 1 1 1 1 0 1]
# Word considered: 60810
# Embeddings loaded. Matrix size: (60811, 300)
Model: "sequential_1"
_________________________________________________________________
Layer (type)                 Output Shape              Param #   
=================================================================
embedding_1 (Embedding)      (None, 250, 300)          18243300  
_________________________________________________________________
lstm_1 (LSTM)                (None, 250, 128)          219648    
_________________________________________________________________
dropout_1 (Dropout)          (None, 250, 128)          0         
_________________________________________________________________
lstm_2 (LSTM)                (None, 64)                49408     
_________________________________________________________________
dropout_2 (Dropout)          (None, 64)                0         
_________________________________________________________________
dense_1 (Dense)              (None, 1)                 65        
=================================================================
Total params: 18,512,421
Trainable params: 269,121
Non-trainable params: 18,243,300
_________________________________________________________________
None

# N Fold 1
target class: obscene
acc: 0.9398682042833608
auc: 0.980886765045275
p: 0.9314049586776859
r: 0.9470588235294117
f: 0.9391666666666666

# N Fold 2
target class: obscene
acc: 0.9415156507413509
auc: 0.9772830130812661
p: 0.939917695473251
r: 0.9430222956234517
f: 0.941467436108821

# N Fold 3
target class: obscene
acc: 0.9427512355848435
auc: 0.9777044975725931
p: 0.932475884244373
r: 0.9547325102880658
f: 0.9434729564863765

# N Fold 4
target class: obscene
acc: 0.9308072487644151
auc: 0.9750846570295381
p: 0.9278350515463918
r: 0.9382518043303929
f: 0.9330143540669856

# N Fold 5
target class: obscene
acc: 0.929159802306425
auc: 0.9809198594730784
p: 0.9478114478114478
r: 0.9110032362459547
f: 0.9290429042904291

# N Fold 6
target class: obscene
acc: 0.935337726523888
auc: 0.975364009795617
p: 0.9264822134387352
r: 0.948220064724919
f: 0.9372251099560176

# N Fold 7
target class: obscene
acc: 0.9357495881383855
auc: 0.9777956418581417
p: 0.9241435562805873
r: 0.947324414715719
f: 0.935590421139554

# N Fold 8
target class: obscene
acc: 0.9299835255354201
auc: 0.9734199803907599
p: 0.9109535066981875
r: 0.9530090684253916
f: 0.9315068493150684

# N Fold 9
target class: obscene
acc: 0.9378088962108732
auc: 0.9775100475183326
p: 0.9278768233387358
r: 0.9486329743164872
f: 0.9381401065137239

# N Fold 10
target class: obscene
acc: 0.9349258649093904
auc: 0.9779238119675177
p: 0.9221949221949222
r: 0.9470142977291842
f: 0.9344398340248963

# AVERAGED RESULTS: 
 - acc: 0.9357907742998353
 - auc: 0.977389228373212
 - p: 0.9291096059704318
 - r: 0.9438269489928978
 - f: 0.9363066638568539
