TARGET CLASS: obscene
Number of comments: 24280
# SAMPLE OF COMMENTS LABELS
[1 0 1 0 1 0 1 0 0 0]
# Word considered: 60810
# Embeddings loaded. Matrix size: (60811, 300)
Model: "sequential_1"
_________________________________________________________________
Layer (type)                 Output Shape              Param #   
=================================================================
embedding_1 (Embedding)      (None, 250, 300)          18243300  
_________________________________________________________________
dense_1 (Dense)              (None, 250, 128)          38528     
_________________________________________________________________
dropout_1 (Dropout)          (None, 250, 128)          0         
_________________________________________________________________
dense_2 (Dense)              (None, 250, 64)           8256      
_________________________________________________________________
dropout_2 (Dropout)          (None, 250, 64)           0         
_________________________________________________________________
flatten_1 (Flatten)          (None, 16000)             0         
_________________________________________________________________
dense_3 (Dense)              (None, 1)                 16001     
=================================================================
Total params: 18,306,085
Trainable params: 62,785
Non-trainable params: 18,243,300
_________________________________________________________________
None

# N Fold 1
target class: obscene
acc: 0.8698517298187809
auc: 0.9326525086070172
p: 0.8807260155574762
r: 0.8512949039264829
f: 0.8657604078164826

# N Fold 2
target class: obscene
acc: 0.8752059308072487
auc: 0.9408084605259492
p: 0.8673469387755102
r: 0.8740359897172236
f: 0.8706786171574904

# N Fold 3
target class: obscene
acc: 0.8702635914332785
auc: 0.9293399196612746
p: 0.8563447725458898
r: 0.8882450331125827
f: 0.872003250711093

# N Fold 4
target class: obscene
acc: 0.8855024711696869
auc: 0.9361737737085281
p: 0.8864218616567037
r: 0.8774302620456467
f: 0.8819031435853866

# N Fold 5
target class: obscene
acc: 0.8735584843492586
auc: 0.9310146402700732
p: 0.8870151770657673
r: 0.8587755102040816
f: 0.8726669431771049

# N Fold 6
target class: obscene
acc: 0.863673805601318
auc: 0.9286395969014994
p: 0.8536398467432951
r: 0.8883572567783095
f: 0.870652598671356

# N Fold 7
target class: obscene
acc: 0.886326194398682
auc: 0.9414508123585709
p: 0.8887966804979253
r: 0.8829348722176422
f: 0.8858560794044665

# N Fold 8
target class: obscene
acc: 0.8830313014827018
auc: 0.9426629844750841
p: 0.9010416666666666
r: 0.859271523178808
f: 0.8796610169491526

# N Fold 9
target class: obscene
acc: 0.8747940691927513
auc: 0.9386034604519774
p: 0.9133099824868651
r: 0.8357371794871795
f: 0.8728033472803347

# N Fold 10
target class: obscene
acc: 0.8879736408566722
auc: 0.9434016373135352
p: 0.9236172080772608
r: 0.8504446240905417
f: 0.8855218855218856

# AVERAGED RESULTS: 
 - acc: 0.8770181219110379
 - auc: 0.9364747794273509
 - p: 0.885826015007336
 - r: 0.8666527154758499
 - f: 0.8757507290274753
