gpu(0)
TARGET CLASS: obscene
Number of comments: 24280
BERT START 2019-12-26 00:54:28.921190
BERT END 2019-12-26 00:57:06.707883
# Embeddings loaded >> Matrix size: (416001, 1024)
BERT LOADED 2019-12-26 00:57:08.730513
Model: "sequential_1"
_________________________________________________________________
Layer (type)                 Output Shape              Param #   
=================================================================
embedding_1 (Embedding)      (None, 250, 1024)         425985024 
_________________________________________________________________
lstm_1 (LSTM)                (None, 250, 128)          590336    
_________________________________________________________________
dropout_1 (Dropout)          (None, 250, 128)          0         
_________________________________________________________________
lstm_2 (LSTM)                (None, 64)                49408     
_________________________________________________________________
dropout_2 (Dropout)          (None, 64)                0         
_________________________________________________________________
dense_1 (Dense)              (None, 1)                 65        
=================================================================
Total params: 426,624,833
Trainable params: 639,809
Non-trainable params: 425,985,024
_________________________________________________________________
None

# N Fold 1
target class: obscene
acc: 0.8690280065897859
auc: 0.9407686133055949
p: 0.8566904196357878
r: 0.8876127973748975
f: 0.8718775181305399

# N Fold 2
target class: obscene
acc: 0.8867380560131796
auc: 0.9405311272918249
p: 0.9162257495590829
r: 0.85233798195242
f: 0.8831279218019551

# N Fold 3
target class: obscene
acc: 0.8735584843492586
auc: 0.9372286660328046
p: 0.8875838926174496
r: 0.859463850528026
f: 0.8732975650020636

# N Fold 4
target class: obscene
acc: 0.8735584843492586
auc: 0.9450226755753405
p: 0.8808290155440415
r: 0.8578637510513036
f: 0.8691947166595654

# N Fold 5
target class: obscene
acc: 0.8653212520593081
auc: 0.9312367671009771
p: 0.8814563928873835
r: 0.8477198697068404
f: 0.8642590286425903

# N Fold 6
target class: obscene
acc: 0.8855024711696869
auc: 0.9436960599865888
p: 0.9010067114093959
r: 0.8703403565640194
f: 0.8854080791426215

# N Fold 7
target class: obscene
acc: 0.878500823723229
auc: 0.9414257502341301
p: 0.9133510167992926
r: 0.8398373983739837
f: 0.8750529436679373

# N Fold 8
target class: obscene
acc: 0.8846787479406919
auc: 0.9450800518726347
p: 0.8918439716312057
r: 0.8642611683848798
f: 0.8778359511343804

# N Fold 9
target class: obscene
acc: 0.8661449752883031
auc: 0.9336945215155654
p: 0.868421052631579
r: 0.8648648648648649
f: 0.8666393106278211

# N Fold 10
target class: obscene
acc: 0.8813838550247117
auc: 0.9436716054325294
p: 0.8882303132938189
r: 0.870539419087137
f: 0.8792958927074602

# AVERAGED RESULTS: 
 - acc: 0.8764415156507414
 - auc: 0.940235583834799
 - p: 0.8885638536009037
 - r: 0.8614841457888373
 - f: 0.8745988927516934
