TARGET CLASS: obscene
Number of comments: 24280
# SAMPLE OF COMMENTS LABELS
[0 1 0 0 1 0 0 0 1 1]
# Word considered: 60810
# Embeddings loaded. Matrix size: (60811, 300)
Model: "sequential_1"
_________________________________________________________________
Layer (type)                 Output Shape              Param #   
=================================================================
embedding_1 (Embedding)      (None, 250, 300)          18243300  
_________________________________________________________________
conv1d_1 (Conv1D)            (None, 241, 128)          384128    
_________________________________________________________________
dropout_1 (Dropout)          (None, 241, 128)          0         
_________________________________________________________________
conv1d_2 (Conv1D)            (None, 237, 64)           41024     
_________________________________________________________________
dropout_2 (Dropout)          (None, 237, 64)           0         
_________________________________________________________________
flatten_1 (Flatten)          (None, 15168)             0         
_________________________________________________________________
dense_1 (Dense)              (None, 1)                 15169     
=================================================================
Total params: 18,683,621
Trainable params: 440,321
Non-trainable params: 18,243,300
_________________________________________________________________
None

# N Fold 1
target class: obscene
acc: 0.8537891268533773
auc: 0.9241171612626533
p: 0.815028901734104
r: 0.9193154034229829
f: 0.8640367675220223

# N Fold 2
target class: obscene
acc: 0.8406095551894563
auc: 0.9026838709677419
p: 0.8260511129431163
r: 0.8505942275042445
f: 0.8381430363864493

# N Fold 3
target class: obscene
acc: 0.8620263591433278
auc: 0.9192000707059719
p: 0.8546861564918314
r: 0.8568965517241379
f: 0.8557899268187689

# N Fold 4
target class: obscene
acc: 0.8677924217462932
auc: 0.9306736559960642
p: 0.8957968476357268
r: 0.8351020408163266
f: 0.864385297845374

# N Fold 5
target class: obscene
acc: 0.8624382207578254
auc: 0.9264793714656482
p: 0.8466872110939908
r: 0.8905996758508914
f: 0.8680884676145341

# N Fold 6
target class: obscene
acc: 0.8706754530477759
auc: 0.9341731618655132
p: 0.8427719821162444
r: 0.9165316045380876
f: 0.8781055900621119

# N Fold 7
target class: obscene
acc: 0.8554365733113674
auc: 0.9208029355567136
p: 0.8867924528301887
r: 0.8143564356435643
f: 0.8490322580645161

# N Fold 8
target class: obscene
acc: 0.8599670510708401
auc: 0.9170269617422269
p: 0.8835376532399299
r: 0.8297697368421053
f: 0.8558100084817643

# N Fold 9
target class: obscene
acc: 0.8752059308072487
auc: 0.9330097667293166
p: 0.8706349206349207
r: 0.8868229587712207
f: 0.8786543852623149

# N Fold 10
target class: obscene
acc: 0.8624382207578254
auc: 0.9340637419111446
p: 0.9039341262580055
r: 0.8118323746918652
f: 0.8554112554112553

# AVERAGED RESULTS: 
 - acc: 0.8610378912685338
 - auc: 0.9242230698202994
 - p: 0.8625921364978059
 - r: 0.8611821009805426
 - f: 0.8607456993469111
