TARGET CLASS: obscene
Number of comments: 24280
# SAMPLE OF COMMENTS LABELS
[1 0 0 1 0 1 1 1 1 0]
# Word considered: 60810
# Embeddings loaded. Matrix size: (60811, 300)
Model: "sequential_1"
_________________________________________________________________
Layer (type)                 Output Shape              Param #   
=================================================================
embedding_1 (Embedding)      (None, 250, 300)          18243300  
_________________________________________________________________
lstm_1 (LSTM)                (None, 250, 128)          219648    
_________________________________________________________________
dropout_1 (Dropout)          (None, 250, 128)          0         
_________________________________________________________________
lstm_2 (LSTM)                (None, 64)                49408     
_________________________________________________________________
dropout_2 (Dropout)          (None, 64)                0         
_________________________________________________________________
dense_1 (Dense)              (None, 1)                 65        
=================================================================
Total params: 18,512,421
Trainable params: 269,121
Non-trainable params: 18,243,300
_________________________________________________________________
None

# N Fold 1
target class: obscene
acc: 0.9345140032948929
auc: 0.9814912195588644
p: 0.919175911251981
r: 0.9531635168447001
f: 0.9358612343686971

# N Fold 2
target class: obscene
acc: 0.9357495881383855
auc: 0.9830542459551669
p: 0.9044684129429892
r: 0.9734660033167496
f: 0.9376996805111821

# N Fold 3
target class: obscene
acc: 0.9369851729818781
auc: 0.981183963045089
p: 0.9261044176706827
r: 0.9497528830313015
f: 0.9377795851972347

# N Fold 4
target class: obscene
acc: 0.943163097199341
auc: 0.984162395268438
p: 0.933806146572104
r: 0.9564164648910412
f: 0.944976076555024

# N Fold 5
target class: obscene
acc: 0.9456342668863262
auc: 0.9837309253216462
p: 0.9437652811735942
r: 0.9484029484029484
f: 0.946078431372549

# N Fold 6
target class: obscene
acc: 0.9271004942339374
auc: 0.9770589066060463
p: 0.9142621599340478
r: 0.9382402707275804
f: 0.9260960334029228

# N Fold 7
target class: obscene
acc: 0.9320428336079077
auc: 0.9781352765625806
p: 0.9318364073777065
r: 0.9355877616747182
f: 0.9337083165930092

# N Fold 8
target class: obscene
acc: 0.9373970345963756
auc: 0.9782398078343617
p: 0.9321608040201005
r: 0.9400337837837838
f: 0.936080740117746

# N Fold 9
target class: obscene
acc: 0.935337726523888
auc: 0.9770896685670388
p: 0.9301765650080257
r: 0.9430431244914564
f: 0.9365656565656566

# N Fold 10
target class: obscene
acc: 0.9402800658978583
auc: 0.9799536143613629
p: 0.9337694194603434
r: 0.9469320066334992
f: 0.9403046521202141

# AVERAGED RESULTS: 
 - acc: 0.936820428336079
 - auc: 0.9804100023080595
 - p: 0.9269525525411575
 - r: 0.9485038763797778
 - f: 0.9375150406804236
