TARGET CLASS: threat
Number of comments: 1378
# SAMPLE OF COMMENTS LABELS
[0 1 1 1 0 1 0 1 0 1]
# Word considered: 9804
# Embeddings loaded. Matrix size: (9805, 300)
Model: "sequential_1"
_________________________________________________________________
Layer (type)                 Output Shape              Param #   
=================================================================
embedding_1 (Embedding)      (None, 250, 300)          2941500   
_________________________________________________________________
conv1d_1 (Conv1D)            (None, 241, 128)          384128    
_________________________________________________________________
dropout_1 (Dropout)          (None, 241, 128)          0         
_________________________________________________________________
conv1d_2 (Conv1D)            (None, 237, 64)           41024     
_________________________________________________________________
dropout_2 (Dropout)          (None, 237, 64)           0         
_________________________________________________________________
flatten_1 (Flatten)          (None, 15168)             0         
_________________________________________________________________
dense_1 (Dense)              (None, 1)                 15169     
=================================================================
Total params: 3,381,821
Trainable params: 440,321
Non-trainable params: 2,941,500
_________________________________________________________________
None

# N Fold 1
target class: threat
acc: 0.927536231884058
auc: 0.9841938883034773
p: 0.9315068493150684
r: 0.9315068493150684
f: 0.9315068493150684

# N Fold 2
target class: threat
acc: 0.9057971014492754
auc: 0.956081081081081
p: 0.8923076923076924
r: 0.90625
f: 0.8992248062015504

# N Fold 3
target class: threat
acc: 0.9130434782608695
auc: 0.9627916754256884
p: 0.9104477611940298
r: 0.9104477611940298
f: 0.9104477611940298

# N Fold 4
target class: threat
acc: 0.9202898550724637
auc: 0.9710084033613445
p: 0.9253731343283582
r: 0.9117647058823529
f: 0.9185185185185185

# N Fold 5
target class: threat
acc: 0.8623188405797102
auc: 0.9590371621621622
p: 0.8767123287671232
r: 0.8648648648648649
f: 0.870748299319728

# N Fold 6
target class: threat
acc: 0.8695652173913043
auc: 0.9242328042328043
p: 0.835820895522388
r: 0.8888888888888888
f: 0.8615384615384615

# N Fold 7
target class: threat
acc: 0.9057971014492754
auc: 0.958543771043771
p: 0.9206349206349206
r: 0.8787878787878788
f: 0.8992248062015504

# N Fold 8
target class: threat
acc: 0.8840579710144928
auc: 0.9420442571127504
p: 0.8450704225352113
r: 0.9230769230769231
f: 0.8823529411764706

# N Fold 9
target class: threat
acc: 0.9124087591240876
auc: 0.9627705627705627
p: 0.9333333333333333
r: 0.9090909090909091
f: 0.9210526315789475

# N Fold 10
target class: threat
acc: 0.8832116788321168
auc: 0.9529914529914529
p: 0.9117647058823529
r: 0.8611111111111112
f: 0.8857142857142858

# AVERAGED RESULTS: 
 - acc: 0.8984026235057654
 - auc: 0.9573695058485094
 - p: 0.8982972043820479
 - r: 0.8985789892212027
 - f: 0.8980329360758611
