gpu(0)
TARGET CLASS: threat
Number of comments: 1378
BERT START 2019-12-23 18:59:42.888775
BERT END 2019-12-23 18:59:57.164853
# Embeddings loaded >> Matrix size: (24180, 1024)
BERT LOADED 2019-12-23 18:59:57.283767
Model: "sequential_1"
_________________________________________________________________
Layer (type)                 Output Shape              Param #   
=================================================================
embedding_1 (Embedding)      (None, 250, 1024)         24760320  
_________________________________________________________________
dense_1 (Dense)              (None, 250, 128)          131200    
_________________________________________________________________
dropout_1 (Dropout)          (None, 250, 128)          0         
_________________________________________________________________
dense_2 (Dense)              (None, 250, 64)           8256      
_________________________________________________________________
dropout_2 (Dropout)          (None, 250, 64)           0         
_________________________________________________________________
flatten_1 (Flatten)          (None, 16000)             0         
_________________________________________________________________
dense_3 (Dense)              (None, 1)                 16001     
=================================================================
Total params: 24,915,777
Trainable params: 155,457
Non-trainable params: 24,760,320
_________________________________________________________________
None

# N Fold 1
target class: threat
acc: 0.8623188405797102
auc: 0.9194166489248456
p: 0.8918918918918919
r: 0.8571428571428571
f: 0.8741721854304636

# N Fold 2
target class: threat
acc: 0.8768115942028986
auc: 0.9576719576719576
p: 0.859375
r: 0.873015873015873
f: 0.8661417322834646

# N Fold 3
target class: threat
acc: 0.8043478260869565
auc: 0.9101495726495726
p: 0.7684210526315789
r: 0.9358974358974359
f: 0.8439306358381503

# N Fold 4
target class: threat
acc: 0.8768115942028986
auc: 0.9383068783068783
p: 0.896551724137931
r: 0.8253968253968254
f: 0.8595041322314049

# N Fold 5
target class: threat
acc: 0.8768115942028986
auc: 0.9693121693121693
p: 0.8625
r: 0.92
f: 0.8903225806451613

# N Fold 6
target class: threat
acc: 0.855072463768116
auc: 0.9199746621621621
p: 0.8857142857142857
r: 0.8378378378378378
f: 0.8611111111111112

# N Fold 7
target class: threat
acc: 0.8985507246376812
auc: 0.9494906621392191
p: 0.875
r: 0.9032258064516129
f: 0.8888888888888888

# N Fold 8
target class: threat
acc: 0.8768115942028986
auc: 0.9669125395152792
p: 0.8076923076923077
r: 0.9692307692307692
f: 0.8811188811188813

# N Fold 9
target class: threat
acc: 0.8832116788321168
auc: 0.9347497842968076
p: 0.8571428571428571
r: 0.8852459016393442
f: 0.8709677419354839

# N Fold 10
target class: threat
acc: 0.9343065693430657
auc: 0.9869825010670081
p: 0.9696969696969697
r: 0.9014084507042254
f: 0.9343065693430657

# AVERAGED RESULTS: 
 - acc: 0.874505448005924
 - auc: 0.94529673760459
 - p: 0.8673986088907822
 - r: 0.8908401757316781
 - f: 0.8770464458826075
