gpu(0)
TARGET CLASS: threat
Number of comments: 1378
BERT START 2019-12-24 23:10:12.302510
BERT END 2019-12-24 23:10:26.521485
# Embeddings loaded >> Matrix size: (24180, 1024)
BERT LOADED 2019-12-24 23:10:26.642233
Model: "sequential_1"
_________________________________________________________________
Layer (type)                 Output Shape              Param #   
=================================================================
embedding_1 (Embedding)      (None, 250, 1024)         24760320  
_________________________________________________________________
conv1d_1 (Conv1D)            (None, 241, 128)          1310848   
_________________________________________________________________
dropout_1 (Dropout)          (None, 241, 128)          0         
_________________________________________________________________
conv1d_2 (Conv1D)            (None, 237, 64)           41024     
_________________________________________________________________
dropout_2 (Dropout)          (None, 237, 64)           0         
_________________________________________________________________
flatten_1 (Flatten)          (None, 15168)             0         
_________________________________________________________________
dense_1 (Dense)              (None, 1)                 15169     
=================================================================
Total params: 26,127,361
Trainable params: 1,367,041
Non-trainable params: 24,760,320
_________________________________________________________________
None

# N Fold 1
target class: threat
acc: 0.5217391304347826
auc: 0.6832912457912458
p: 0.5
r: 0.9242424242424242
f: 0.648936170212766

# N Fold 2
target class: threat
acc: 0.8478260869565217
auc: 0.9286617492096944
p: 0.8513513513513513
r: 0.863013698630137
f: 0.8571428571428572

# N Fold 3
target class: threat
acc: 0.8695652173913043
auc: 0.9331216931216931
p: 0.8688524590163934
r: 0.8412698412698413
f: 0.8548387096774194

# N Fold 4
target class: threat
acc: 0.8985507246376812
auc: 0.9231902356902356
p: 0.8939393939393939
r: 0.8939393939393939
f: 0.8939393939393939

# N Fold 5
target class: threat
acc: 0.8115942028985508
auc: 0.9241596638655462
p: 0.7619047619047619
r: 0.9142857142857143
f: 0.8311688311688312

# N Fold 6
target class: threat
acc: 0.8768115942028986
auc: 0.9368697478991597
p: 0.8840579710144928
r: 0.8714285714285714
f: 0.8776978417266188

# N Fold 7
target class: threat
acc: 0.855072463768116
auc: 0.9359378281873556
p: 0.8769230769230769
r: 0.8260869565217391
f: 0.8507462686567164

# N Fold 8
target class: threat
acc: 0.9202898550724637
auc: 0.9411640211640211
p: 0.9333333333333333
r: 0.8888888888888888
f: 0.9105691056910569

# N Fold 9
target class: threat
acc: 0.8832116788321168
auc: 0.9526854219948848
p: 0.90625
r: 0.8529411764705882
f: 0.8787878787878787

# N Fold 10
target class: threat
acc: 0.8759124087591241
auc: 0.9336419753086421
p: 0.9444444444444444
r: 0.8395061728395061
f: 0.888888888888889

# AVERAGED RESULTS: 
 - acc: 0.836057336295356
 - auc: 0.9092723582232478
 - p: 0.8421056791927248
 - r: 0.8715602838516805
 - f: 0.8492715945892427
