gpu(0)
TARGET CLASS: threat
Number of comments: 1378
BERT START 2019-12-26 08:45:11.315559
BERT END 2019-12-26 08:45:25.527254
# Embeddings loaded >> Matrix size: (24180, 1024)
BERT LOADED 2019-12-26 08:45:25.647889
Model: "sequential_1"
_________________________________________________________________
Layer (type)                 Output Shape              Param #   
=================================================================
embedding_1 (Embedding)      (None, 250, 1024)         24760320  
_________________________________________________________________
lstm_1 (LSTM)                (None, 250, 128)          590336    
_________________________________________________________________
dropout_1 (Dropout)          (None, 250, 128)          0         
_________________________________________________________________
lstm_2 (LSTM)                (None, 64)                49408     
_________________________________________________________________
dropout_2 (Dropout)          (None, 64)                0         
_________________________________________________________________
dense_1 (Dense)              (None, 1)                 65        
=================================================================
Total params: 25,400,129
Trainable params: 639,809
Non-trainable params: 24,760,320
_________________________________________________________________
None

# N Fold 1
target class: threat
acc: 0.8840579710144928
auc: 0.9497028862478777
p: 0.9054054054054054
r: 0.881578947368421
f: 0.8933333333333332

# N Fold 2
target class: threat
acc: 0.927536231884058
auc: 0.9784969129231424
p: 0.958904109589041
r: 0.9090909090909091
f: 0.9333333333333333

# N Fold 3
target class: threat
acc: 0.8840579710144928
auc: 0.947945205479452
p: 0.8656716417910447
r: 0.8923076923076924
f: 0.8787878787878788

# N Fold 4
target class: threat
acc: 0.927536231884058
auc: 0.9636752136752137
p: 0.9358974358974359
r: 0.9358974358974359
f: 0.9358974358974359

# N Fold 5
target class: threat
acc: 0.8768115942028986
auc: 0.9489224137931035
p: 0.8153846153846154
r: 0.9137931034482759
f: 0.8617886178861788

# N Fold 6
target class: threat
acc: 0.8623188405797102
auc: 0.8869491164573133
p: 0.8620689655172413
r: 0.819672131147541
f: 0.8403361344537814

# N Fold 7
target class: threat
acc: 0.9420289855072463
auc: 0.9835858585858587
p: 0.9705882352941176
r: 0.9166666666666666
f: 0.9428571428571428

# N Fold 8
target class: threat
acc: 0.9202898550724637
auc: 0.9588235294117647
p: 0.9523809523809523
r: 0.8823529411764706
f: 0.916030534351145

# N Fold 9
target class: threat
acc: 0.9343065693430657
auc: 0.9646206308610401
p: 0.96875
r: 0.8985507246376812
f: 0.9323308270676692

# N Fold 10
target class: threat
acc: 0.9343065693430657
auc: 0.9788461538461539
p: 0.9242424242424242
r: 0.9384615384615385
f: 0.9312977099236641

# AVERAGED RESULTS: 
 - acc: 0.9093250819845552
 - auc: 0.956156792128092
 - p: 0.9159293785502278
 - r: 0.8988372090202632
 - f: 0.9065992947891562
