TARGET CLASS: threat
Number of comments: 1378
# SAMPLE OF COMMENTS LABELS
[0 1 1 0 1 0 1 0 1 0]
# Word considered: 9804
# Embeddings loaded. Matrix size: (9805, 300)
Model: "sequential_1"
_________________________________________________________________
Layer (type)                 Output Shape              Param #   
=================================================================
embedding_1 (Embedding)      (None, 250, 300)          2941500   
_________________________________________________________________
bidirectional_1 (Bidirection (None, 250, 256)          439296    
_________________________________________________________________
dropout_1 (Dropout)          (None, 250, 256)          0         
_________________________________________________________________
bidirectional_2 (Bidirection (None, 128)               164352    
_________________________________________________________________
dropout_2 (Dropout)          (None, 128)               0         
_________________________________________________________________
dense_1 (Dense)              (None, 1)                 129       
=================================================================
Total params: 3,545,277
Trainable params: 603,777
Non-trainable params: 2,941,500
_________________________________________________________________
None

# N Fold 1
target class: threat
acc: 0.9565217391304348
auc: 0.9919354838709677
p: 0.9242424242424242
r: 0.9838709677419355
f: 0.9531249999999999

# N Fold 2
target class: threat
acc: 0.9637681159420289
auc: 0.9947478991596639
p: 0.9846153846153847
r: 0.9411764705882353
f: 0.962406015037594

# N Fold 3
target class: threat
acc: 0.9057971014492754
auc: 0.9650793650793651
p: 0.9078947368421053
r: 0.92
f: 0.913907284768212

# N Fold 4
target class: threat
acc: 0.9347826086956522
auc: 0.9746835443037974
p: 0.9487179487179487
r: 0.9367088607594937
f: 0.9426751592356688

# N Fold 5
target class: threat
acc: 0.9565217391304348
auc: 0.9941139373554762
p: 0.9850746268656716
r: 0.9295774647887324
f: 0.9565217391304348

# N Fold 6
target class: threat
acc: 0.9347826086956522
auc: 0.9700431034482758
p: 0.9016393442622951
r: 0.9482758620689655
f: 0.9243697478991596

# N Fold 7
target class: threat
acc: 0.9420289855072463
auc: 0.9821428571428572
p: 0.9696969696969697
r: 0.9142857142857143
f: 0.9411764705882354

# N Fold 8
target class: threat
acc: 0.9637681159420289
auc: 0.9892789573260459
p: 0.9558823529411765
r: 0.9701492537313433
f: 0.962962962962963

# N Fold 9
target class: threat
acc: 0.9562043795620438
auc: 0.9891304347826086
p: 0.9436619718309859
r: 0.9710144927536232
f: 0.9571428571428571

# N Fold 10
target class: threat
acc: 0.9708029197080292
auc: 0.9844349680170575
p: 0.9714285714285714
r: 0.9714285714285714
f: 0.9714285714285714

# AVERAGED RESULTS: 
 - acc: 0.9484978313762826
 - auc: 0.9835590550486115
 - p: 0.9492854331443533
 - r: 0.9486487658146614
 - f: 0.9485715808193697
