TARGET CLASS: threat
Number of comments: 1378
# SAMPLE OF COMMENTS LABELS
[0 1 0 1 0 1 1 0 1 0]
# Word considered: 9804
# Embeddings loaded. Matrix size: (9805, 300)
Model: "sequential_1"
_________________________________________________________________
Layer (type)                 Output Shape              Param #   
=================================================================
embedding_1 (Embedding)      (None, 250, 300)          2941500   
_________________________________________________________________
conv1d_1 (Conv1D)            (None, 241, 128)          384128    
_________________________________________________________________
dropout_1 (Dropout)          (None, 241, 128)          0         
_________________________________________________________________
conv1d_2 (Conv1D)            (None, 237, 64)           41024     
_________________________________________________________________
dropout_2 (Dropout)          (None, 237, 64)           0         
_________________________________________________________________
flatten_1 (Flatten)          (None, 15168)             0         
_________________________________________________________________
dense_1 (Dense)              (None, 1)                 15169     
=================================================================
Total params: 3,381,821
Trainable params: 440,321
Non-trainable params: 2,941,500
_________________________________________________________________
None

# N Fold 1
target class: threat
acc: 0.9202898550724637
auc: 0.9734076098381333
p: 0.9838709677419355
r: 0.8591549295774648
f: 0.9172932330827067

# N Fold 2
target class: threat
acc: 0.8985507246376812
auc: 0.9640756302521009
p: 0.9
r: 0.9
f: 0.9

# N Fold 3
target class: threat
acc: 0.9420289855072463
auc: 0.9780092592592593
p: 0.9210526315789473
r: 0.9722222222222222
f: 0.9459459459459458

# N Fold 4
target class: threat
acc: 0.9347826086956522
auc: 0.9836168872085697
p: 0.9411764705882353
r: 0.927536231884058
f: 0.9343065693430658

# N Fold 5
target class: threat
acc: 0.7246376811594203
auc: 0.9024595333193189
p: 1.0
r: 0.4647887323943662
f: 0.6346153846153846

# N Fold 6
target class: threat
acc: 0.9492753623188406
auc: 0.9934668071654373
p: 0.9459459459459459
r: 0.958904109589041
f: 0.9523809523809523

# N Fold 7
target class: threat
acc: 0.8840579710144928
auc: 0.9663865546218487
p: 0.8714285714285714
r: 0.8970588235294118
f: 0.8840579710144928

# N Fold 8
target class: threat
acc: 0.9130434782608695
auc: 0.9676470588235293
p: 0.9375
r: 0.8823529411764706
f: 0.9090909090909091

# N Fold 9
target class: threat
acc: 0.927007299270073
auc: 0.9755469755469756
p: 0.9206349206349206
r: 0.9206349206349206
f: 0.9206349206349206

# N Fold 10
target class: threat
acc: 0.9197080291970803
auc: 0.9805222602739725
p: 0.9076923076923077
r: 0.921875
f: 0.9147286821705427

# AVERAGED RESULTS: 
 - acc: 0.901338199513382
 - auc: 0.9685138576309146
 - p: 0.9329301815610864
 - r: 0.8704527911007955
 - f: 0.8913054568278921
