TARGET CLASS: threat
Number of comments: 1378
# SAMPLE OF COMMENTS LABELS
[1 1 1 0 0 0 0 0 1 1]
# Word considered: 9804
# Embeddings loaded. Matrix size: (9805, 300)
Model: "sequential_1"
_________________________________________________________________
Layer (type)                 Output Shape              Param #   
=================================================================
embedding_1 (Embedding)      (None, 250, 300)          2941500   
_________________________________________________________________
lstm_1 (LSTM)                (None, 250, 128)          219648    
_________________________________________________________________
dropout_1 (Dropout)          (None, 250, 128)          0         
_________________________________________________________________
lstm_2 (LSTM)                (None, 250, 64)           49408     
_________________________________________________________________
dropout_2 (Dropout)          (None, 250, 64)           0         
_________________________________________________________________
seq_weighted_attention_1 (Se (None, 64)                65        
_________________________________________________________________
dense_1 (Dense)              (None, 1)                 65        
=================================================================
Total params: 3,210,686
Trainable params: 269,186
Non-trainable params: 2,941,500
_________________________________________________________________
None

# N Fold 1
target class: threat
acc: 0.927536231884058
auc: 0.9921477079796265
p: 0.9342105263157895
r: 0.9342105263157895
f: 0.9342105263157895

# N Fold 2
target class: threat
acc: 0.9420289855072463
auc: 0.9847972972972974
p: 0.9375
r: 0.9375
f: 0.9375

# N Fold 3
target class: threat
acc: 0.9492753623188406
auc: 0.9941188825876917
p: 0.9696969696969697
r: 0.927536231884058
f: 0.9481481481481481

# N Fold 4
target class: threat
acc: 0.8913043478260869
auc: 0.9629629629629629
p: 0.8695652173913043
r: 0.9090909090909091
f: 0.888888888888889

# N Fold 5
target class: threat
acc: 0.9420289855072463
auc: 0.9859243697478992
p: 0.918918918918919
r: 0.9714285714285714
f: 0.9444444444444445

# N Fold 6
target class: threat
acc: 0.9347826086956522
auc: 0.9778714436248682
p: 0.9102564102564102
r: 0.9726027397260274
f: 0.9403973509933774

# N Fold 7
target class: threat
acc: 0.927536231884058
auc: 0.9827549499680647
p: 0.9466666666666667
r: 0.922077922077922
f: 0.9342105263157895

# N Fold 8
target class: threat
acc: 0.9565217391304348
auc: 0.9892314189189189
p: 0.9833333333333333
r: 0.921875
f: 0.9516129032258064

# N Fold 9
target class: threat
acc: 0.8686131386861314
auc: 0.9477739726027398
p: 0.7804878048780488
r: 1.0
f: 0.8767123287671234

# N Fold 10
target class: threat
acc: 0.9051094890510949
auc: 0.9716175842936405
p: 0.9076923076923077
r: 0.8939393939393939
f: 0.900763358778626

# AVERAGED RESULTS: 
 - acc: 0.9244737120490849
 - auc: 0.978920058998371
 - p: 0.9158328155149749
 - r: 0.9390261294462672
 - f: 0.9256888475877993
