TARGET CLASS: threat
Number of comments: 1378
# SAMPLE OF COMMENTS LABELS
[1 0 1 0 0 0 0 1 0 1]
# Word considered: 9804
# Embeddings loaded. Matrix size: (9805, 300)
Model: "sequential_1"
_________________________________________________________________
Layer (type)                 Output Shape              Param #   
=================================================================
embedding_1 (Embedding)      (None, 250, 300)          2941500   
_________________________________________________________________
lstm_1 (LSTM)                (None, 250, 128)          219648    
_________________________________________________________________
dropout_1 (Dropout)          (None, 250, 128)          0         
_________________________________________________________________
lstm_2 (LSTM)                (None, 250, 64)           49408     
_________________________________________________________________
dropout_2 (Dropout)          (None, 250, 64)           0         
_________________________________________________________________
seq_weighted_attention_1 (Se (None, 64)                65        
_________________________________________________________________
dense_1 (Dense)              (None, 1)                 65        
=================================================================
Total params: 3,210,686
Trainable params: 269,186
Non-trainable params: 2,941,500
_________________________________________________________________
None

# N Fold 1
target class: threat
acc: 0.8840579710144928
auc: 0.9591148577449947
p: 0.8888888888888888
r: 0.8615384615384616
f: 0.8750000000000001

# N Fold 2
target class: threat
acc: 0.8913043478260869
auc: 0.9761854583772391
p: 0.8472222222222222
r: 0.9384615384615385
f: 0.8905109489051095

# N Fold 3
target class: threat
acc: 0.9057971014492754
auc: 0.9667857893630439
p: 0.9354838709677419
r: 0.8656716417910447
f: 0.8992248062015503

# N Fold 4
target class: threat
acc: 0.8985507246376812
auc: 0.9691810344827587
p: 0.9230769230769231
r: 0.8275862068965517
f: 0.8727272727272727

# N Fold 5
target class: threat
acc: 0.9565217391304348
auc: 0.9932560590094837
p: 0.9466666666666667
r: 0.9726027397260274
f: 0.9594594594594594

# N Fold 6
target class: threat
acc: 0.8478260869565217
auc: 0.9476890756302521
p: 0.9622641509433962
r: 0.7285714285714285
f: 0.8292682926829268

# N Fold 7
target class: threat
acc: 0.9420289855072463
auc: 0.9764705882352941
p: 0.9558823529411765
r: 0.9285714285714286
f: 0.9420289855072465

# N Fold 8
target class: threat
acc: 0.9347826086956522
auc: 0.9728820685305866
p: 0.9305555555555556
r: 0.9436619718309859
f: 0.9370629370629372

# N Fold 9
target class: threat
acc: 0.9781021897810219
auc: 0.9935064935064934
p: 0.9743589743589743
r: 0.987012987012987
f: 0.9806451612903225

# N Fold 10
target class: threat
acc: 0.9416058394160584
auc: 0.964683219178082
p: 0.9577464788732394
r: 0.9315068493150684
f: 0.9444444444444444

# AVERAGED RESULTS: 
 - acc: 0.9180577594414472
 - auc: 0.9719754644058228
 - p: 0.9322146084494785
 - r: 0.8985185253715522
 - f: 0.9130372308281269
