TARGET CLASS: threat
Number of comments: 1378
# SAMPLE OF COMMENTS LABELS
[0 0 1 1 0 1 0 1 0 0]
# Word considered: 9804
# Embeddings loaded. Matrix size: (9805, 300)
Model: "sequential_1"
_________________________________________________________________
Layer (type)                 Output Shape              Param #   
=================================================================
embedding_1 (Embedding)      (None, 250, 300)          2941500   
_________________________________________________________________
dense_1 (Dense)              (None, 250, 128)          38528     
_________________________________________________________________
dropout_1 (Dropout)          (None, 250, 128)          0         
_________________________________________________________________
dense_2 (Dense)              (None, 250, 64)           8256      
_________________________________________________________________
dropout_2 (Dropout)          (None, 250, 64)           0         
_________________________________________________________________
flatten_1 (Flatten)          (None, 16000)             0         
_________________________________________________________________
dense_3 (Dense)              (None, 1)                 16001     
=================================================================
Total params: 3,004,285
Trainable params: 62,785
Non-trainable params: 2,941,500
_________________________________________________________________
None

# N Fold 1
target class: threat
acc: 0.927536231884058
auc: 0.9718969555035128
p: 0.9322033898305084
r: 0.9016393442622951
f: 0.9166666666666666

# N Fold 2
target class: threat
acc: 0.8695652173913043
auc: 0.9512246621621623
p: 0.8026315789473685
r: 0.953125
f: 0.8714285714285714

# N Fold 3
target class: threat
acc: 0.9420289855072463
auc: 0.9729729729729729
p: 0.9
r: 0.984375
f: 0.9402985074626866

# N Fold 4
target class: threat
acc: 0.9347826086956522
auc: 0.9850746268656717
p: 0.9393939393939394
r: 0.9253731343283582
f: 0.9323308270676692

# N Fold 5
target class: threat
acc: 0.9420289855072463
auc: 0.9797681770284511
p: 0.922077922077922
r: 0.9726027397260274
f: 0.9466666666666667

# N Fold 6
target class: threat
acc: 0.8985507246376812
auc: 0.9592803030303031
p: 0.9642857142857143
r: 0.8181818181818182
f: 0.8852459016393442

# N Fold 7
target class: threat
acc: 0.9565217391304348
auc: 0.9865920608108109
p: 0.9722222222222222
r: 0.9459459459459459
f: 0.9589041095890412

# N Fold 8
target class: threat
acc: 0.8695652173913043
auc: 0.9478663022913602
p: 0.8840579710144928
r: 0.8591549295774648
f: 0.8714285714285713

# N Fold 9
target class: threat
acc: 0.8905109489051095
auc: 0.9551172707889126
p: 0.8823529411764706
r: 0.8955223880597015
f: 0.888888888888889

# N Fold 10
target class: threat
acc: 0.9124087591240876
auc: 0.9697339246119734
p: 0.926829268292683
r: 0.926829268292683
f: 0.926829268292683

# AVERAGED RESULTS: 
 - acc: 0.9143499418174125
 - auc: 0.967952725606613
 - p: 0.9126054947241321
 - r: 0.9182749568374294
 - f: 0.913868797913079
