gpu(0)
TARGET CLASS: threat
Number of comments: 1378
BERT START 2019-12-28 18:35:23.157396
BERT END 2019-12-28 18:35:37.534213
# Embeddings loaded >> Matrix size: (24180, 1024)
BERT LOADED 2019-12-28 18:35:37.658996
Model: "sequential_1"
_________________________________________________________________
Layer (type)                 Output Shape              Param #   
=================================================================
embedding_1 (Embedding)      (None, 250, 1024)         24760320  
_________________________________________________________________
bidirectional_1 (Bidirection (None, 250, 256)          1180672   
_________________________________________________________________
dropout_1 (Dropout)          (None, 250, 256)          0         
_________________________________________________________________
bidirectional_2 (Bidirection (None, 128)               164352    
_________________________________________________________________
dropout_2 (Dropout)          (None, 128)               0         
_________________________________________________________________
dense_1 (Dense)              (None, 1)                 129       
=================================================================
Total params: 26,105,473
Trainable params: 1,345,153
Non-trainable params: 24,760,320
_________________________________________________________________
None

# N Fold 1
target class: threat
acc: 0.927536231884058
auc: 0.9781144781144782
p: 0.8888888888888888
r: 0.9696969696969697
f: 0.927536231884058

# N Fold 2
target class: threat
acc: 0.8768115942028986
auc: 0.9531217153668279
p: 0.890625
r: 0.8507462686567164
f: 0.8702290076335878

# N Fold 3
target class: threat
acc: 0.8985507246376812
auc: 0.9367779878176854
p: 0.8985507246376812
r: 0.8985507246376812
f: 0.8985507246376812

# N Fold 4
target class: threat
acc: 0.8695652173913043
auc: 0.8949800462087796
p: 0.9322033898305084
r: 0.7971014492753623
f: 0.859375

# N Fold 5
target class: threat
acc: 0.9130434782608695
auc: 0.9487068965517241
p: 0.9594594594594594
r: 0.8875
f: 0.922077922077922

# N Fold 6
target class: threat
acc: 0.9782608695652174
auc: 0.9922285234194497
p: 0.9583333333333334
r: 1.0
f: 0.9787234042553191

# N Fold 7
target class: threat
acc: 0.9057971014492754
auc: 0.9479365079365079
p: 0.9166666666666666
r: 0.873015873015873
f: 0.894308943089431

# N Fold 8
target class: threat
acc: 0.8913043478260869
auc: 0.9427609427609428
p: 0.8695652173913043
r: 0.9090909090909091
f: 0.888888888888889

# N Fold 9
target class: threat
acc: 0.9124087591240876
auc: 0.9656716417910448
p: 0.9142857142857143
r: 0.9142857142857143
f: 0.9142857142857143

# N Fold 10
target class: threat
acc: 0.8978102189781022
auc: 0.9490405117270789
p: 0.9
r: 0.9
f: 0.9

# AVERAGED RESULTS: 
 - acc: 0.9071088543319581
 - auc: 0.950933925169452
 - p: 0.9128578394493556
 - r: 0.8999987908659226
 - f: 0.9053975836752602
