TARGET CLASS: threat
Number of comments: 1378
# SAMPLE OF COMMENTS LABELS
[1 0 0 0 1 1 0 0 0 0]
# Word considered: 9804
# Embeddings loaded. Matrix size: (9805, 300)
Model: "sequential_1"
_________________________________________________________________
Layer (type)                 Output Shape              Param #   
=================================================================
embedding_1 (Embedding)      (None, 250, 300)          2941500   
_________________________________________________________________
dense_1 (Dense)              (None, 250, 128)          38528     
_________________________________________________________________
dropout_1 (Dropout)          (None, 250, 128)          0         
_________________________________________________________________
dense_2 (Dense)              (None, 250, 64)           8256      
_________________________________________________________________
dropout_2 (Dropout)          (None, 250, 64)           0         
_________________________________________________________________
flatten_1 (Flatten)          (None, 16000)             0         
_________________________________________________________________
dense_3 (Dense)              (None, 1)                 16001     
=================================================================
Total params: 3,004,285
Trainable params: 62,785
Non-trainable params: 2,941,500
_________________________________________________________________
None

# N Fold 1
target class: threat
acc: 0.8913043478260869
auc: 0.9517386722866175
p: 0.953125
r: 0.8356164383561644
f: 0.8905109489051095

# N Fold 2
target class: threat
acc: 0.9637681159420289
auc: 0.9932659932659933
p: 0.958904109589041
r: 0.9722222222222222
f: 0.9655172413793104

# N Fold 3
target class: threat
acc: 0.9347826086956522
auc: 0.979774324036619
p: 0.8939393939393939
r: 0.9672131147540983
f: 0.9291338582677166

# N Fold 4
target class: threat
acc: 0.9202898550724637
auc: 0.977195945945946
p: 0.8955223880597015
r: 0.9375
f: 0.9160305343511451

# N Fold 5
target class: threat
acc: 0.8985507246376812
auc: 0.9688588850174216
p: 0.8620689655172413
r: 0.8928571428571429
f: 0.8771929824561403

# N Fold 6
target class: threat
acc: 0.9492753623188406
auc: 0.9891025641025641
p: 0.9733333333333334
r: 0.9358974358974359
f: 0.954248366013072

# N Fold 7
target class: threat
acc: 0.927536231884058
auc: 0.9717905045773898
p: 0.9855072463768116
r: 0.8831168831168831
f: 0.9315068493150684

# N Fold 8
target class: threat
acc: 0.9420289855072463
auc: 0.9748775814349585
p: 0.96
r: 0.935064935064935
f: 0.9473684210526316

# N Fold 9
target class: threat
acc: 0.9343065693430657
auc: 0.9801790281329923
p: 0.9166666666666666
r: 0.9565217391304348
f: 0.9361702127659574

# N Fold 10
target class: threat
acc: 0.9635036496350365
auc: 0.9881720430107527
p: 0.9384615384615385
r: 0.9838709677419355
f: 0.9606299212598426

# AVERAGED RESULTS: 
 - acc: 0.932534645086216
 - auc: 0.9774955541811254
 - p: 0.9337528641943728
 - r: 0.9299880879141252
 - f: 0.9308309335765994
