TARGET CLASS: threat
Number of comments: 1378
# SAMPLE OF COMMENTS LABELS
[0 1 1 0 1 1 1 1 0 1]
# Word considered: 9804
# Embeddings loaded. Matrix size: (9805, 300)
Model: "sequential_1"
_________________________________________________________________
Layer (type)                 Output Shape              Param #   
=================================================================
embedding_1 (Embedding)      (None, 250, 300)          2941500   
_________________________________________________________________
bidirectional_1 (Bidirection (None, 250, 256)          439296    
_________________________________________________________________
dropout_1 (Dropout)          (None, 250, 256)          0         
_________________________________________________________________
bidirectional_2 (Bidirection (None, 128)               164352    
_________________________________________________________________
dropout_2 (Dropout)          (None, 128)               0         
_________________________________________________________________
dense_1 (Dense)              (None, 1)                 129       
=================================================================
Total params: 3,545,277
Trainable params: 603,777
Non-trainable params: 2,941,500
_________________________________________________________________
None

# N Fold 1
target class: threat
acc: 0.9202898550724637
auc: 0.9775068320369981
p: 0.9
r: 0.9402985074626866
f: 0.9197080291970803

# N Fold 2
target class: threat
acc: 0.9492753623188406
auc: 0.9766144604162197
p: 0.9615384615384616
r: 0.9493670886075949
f: 0.9554140127388535

# N Fold 3
target class: threat
acc: 0.9492753623188406
auc: 0.9841938883034773
p: 0.9583333333333334
r: 0.9452054794520548
f: 0.9517241379310345

# N Fold 4
target class: threat
acc: 0.9130434782608695
auc: 0.9836134453781512
p: 0.85
r: 1.0
f: 0.9189189189189189

# N Fold 5
target class: threat
acc: 0.9782608695652174
auc: 0.9930320945945946
p: 0.9841269841269841
r: 0.96875
f: 0.9763779527559054

# N Fold 6
target class: threat
acc: 0.927536231884058
auc: 0.9490740740740741
p: 0.9375
r: 0.9090909090909091
f: 0.923076923076923

# N Fold 7
target class: threat
acc: 0.9565217391304348
auc: 0.9938973063973064
p: 0.9459459459459459
r: 0.9722222222222222
f: 0.9589041095890412

# N Fold 8
target class: threat
acc: 0.9637681159420289
auc: 0.9947478991596639
p: 0.9565217391304348
r: 0.9705882352941176
f: 0.9635036496350365

# N Fold 9
target class: threat
acc: 0.9927007299270073
auc: 0.9982942430703624
p: 1.0
r: 0.9850746268656716
f: 0.9924812030075187

# N Fold 10
target class: threat
acc: 0.9708029197080292
auc: 0.9852564102564103
p: 0.9692307692307692
r: 0.9692307692307692
f: 0.9692307692307692

# AVERAGED RESULTS: 
 - acc: 0.952147466412779
 - auc: 0.9836230653687258
 - p: 0.9463197233305929
 - r: 0.9609827838226026
 - f: 0.9529339706081081
