TARGET CLASS: threat
Number of comments: 1378
# SAMPLE OF COMMENTS LABELS
[0 0 0 1 1 1 1 1 1 1]
# Word considered: 9804
# Embeddings loaded. Matrix size: (9805, 300)
Model: "sequential_1"
_________________________________________________________________
Layer (type)                 Output Shape              Param #   
=================================================================
embedding_1 (Embedding)      (None, 250, 300)          2941500   
_________________________________________________________________
lstm_1 (LSTM)                (None, 250, 128)          219648    
_________________________________________________________________
dropout_1 (Dropout)          (None, 250, 128)          0         
_________________________________________________________________
lstm_2 (LSTM)                (None, 64)                49408     
_________________________________________________________________
dropout_2 (Dropout)          (None, 64)                0         
_________________________________________________________________
dense_1 (Dense)              (None, 1)                 65        
=================================================================
Total params: 3,210,621
Trainable params: 269,121
Non-trainable params: 2,941,500
_________________________________________________________________
None

# N Fold 1
target class: threat
acc: 0.9057971014492754
auc: 0.9862690409783308
p: 0.8194444444444444
r: 1.0
f: 0.9007633587786259

# N Fold 2
target class: threat
acc: 0.927536231884058
auc: 0.9744422785358458
p: 0.9080459770114943
r: 0.9753086419753086
f: 0.9404761904761905

# N Fold 3
target class: threat
acc: 0.9492753623188406
auc: 0.9827767275782399
p: 0.9558823529411765
r: 0.9420289855072463
f: 0.9489051094890512

# N Fold 4
target class: threat
acc: 0.9710144927536232
auc: 0.9938624338624339
p: 0.9733333333333334
r: 0.9733333333333334
f: 0.9733333333333334

# N Fold 5
target class: threat
acc: 0.9057971014492754
auc: 0.9671052631578948
p: 0.8656716417910447
r: 0.9354838709677419
f: 0.8992248062015503

# N Fold 6
target class: threat
acc: 0.9565217391304348
auc: 0.9730242360379348
p: 0.9682539682539683
r: 0.9384615384615385
f: 0.953125

# N Fold 7
target class: threat
acc: 0.9637681159420289
auc: 0.9857758620689655
p: 0.987012987012987
r: 0.95
f: 0.9681528662420381

# N Fold 8
target class: threat
acc: 0.9782608695652174
auc: 0.9970594412938458
p: 0.9852941176470589
r: 0.9710144927536232
f: 0.9781021897810219

# N Fold 9
target class: threat
acc: 0.9562043795620438
auc: 0.9750320102432779
p: 0.9333333333333333
r: 0.9859154929577465
f: 0.9589041095890412

# N Fold 10
target class: threat
acc: 0.9635036496350365
auc: 0.9978175469227412
p: 0.9206349206349206
r: 1.0
f: 0.9586776859504132

# AVERAGED RESULTS: 
 - acc: 0.9477679043689834
 - auc: 0.983316484067951
 - p: 0.9316907076403761
 - r: 0.9671546355956538
 - f: 0.9479664649841266
