TARGET CLASS: threat
Number of comments: 1378
# SAMPLE OF COMMENTS LABELS
[0 1 0 1 1 0 1 0 1 1]
# Word considered: 9804
# Embeddings loaded. Matrix size: (9805, 300)
Model: "sequential_1"
_________________________________________________________________
Layer (type)                 Output Shape              Param #   
=================================================================
embedding_1 (Embedding)      (None, 250, 300)          2941500   
_________________________________________________________________
lstm_1 (LSTM)                (None, 250, 128)          219648    
_________________________________________________________________
dropout_1 (Dropout)          (None, 250, 128)          0         
_________________________________________________________________
lstm_2 (LSTM)                (None, 64)                49408     
_________________________________________________________________
dropout_2 (Dropout)          (None, 64)                0         
_________________________________________________________________
dense_1 (Dense)              (None, 1)                 65        
=================================================================
Total params: 3,210,621
Trainable params: 269,121
Non-trainable params: 2,941,500
_________________________________________________________________
None

# N Fold 1
target class: threat
acc: 0.927536231884058
auc: 0.9798361688720857
p: 0.9154929577464789
r: 0.9420289855072463
f: 0.9285714285714286

# N Fold 2
target class: threat
acc: 0.9492753623188406
auc: 0.9821466078554926
p: 0.918918918918919
r: 0.9855072463768116
f: 0.951048951048951

# N Fold 3
target class: threat
acc: 0.9782608695652174
auc: 0.9909606895101954
p: 0.9857142857142858
r: 0.971830985915493
f: 0.9787234042553192

# N Fold 4
target class: threat
acc: 0.9492753623188406
auc: 0.9892857142857143
p: 0.9701492537313433
r: 0.9285714285714286
f: 0.948905109489051

# N Fold 5
target class: threat
acc: 0.8913043478260869
auc: 0.9510195501366407
p: 0.8888888888888888
r: 0.9014084507042254
f: 0.8951048951048951

# N Fold 6
target class: threat
acc: 0.9782608695652174
auc: 0.9945378151260504
p: 1.0
r: 0.9558823529411765
f: 0.9774436090225563

# N Fold 7
target class: threat
acc: 0.927536231884058
auc: 0.9836134453781512
p: 0.9264705882352942
r: 0.9264705882352942
f: 0.9264705882352942

# N Fold 8
target class: threat
acc: 0.9565217391304348
auc: 0.9785714285714285
p: 0.9705882352941176
r: 0.9428571428571428
f: 0.9565217391304348

# N Fold 9
target class: threat
acc: 0.9416058394160584
auc: 0.9794871794871794
p: 0.9324324324324325
r: 0.9583333333333334
f: 0.9452054794520548

# N Fold 10
target class: threat
acc: 0.9927007299270073
auc: 0.9993528904227782
p: 0.9838709677419355
r: 1.0
f: 0.991869918699187

# AVERAGED RESULTS: 
 - acc: 0.949227758383582
 - auc: 0.9828811489645717
 - p: 0.9492526528703695
 - r: 0.9512890514442152
 - f: 0.9499865123009172
