TARGET CLASS: identity_hate
Number of comments: 4234
# SAMPLE OF COMMENTS LABELS
[1 0 0 0 1 0 1 0 1 0]
# Word considered: 20625
# Embeddings loaded. Matrix size: (20626, 300)
Model: "sequential_1"
_________________________________________________________________
Layer (type)                 Output Shape              Param #   
=================================================================
embedding_1 (Embedding)      (None, 250, 300)          6187800   
_________________________________________________________________
bidirectional_1 (Bidirection (None, 250, 256)          439296    
_________________________________________________________________
dropout_1 (Dropout)          (None, 250, 256)          0         
_________________________________________________________________
bidirectional_2 (Bidirection (None, 128)               164352    
_________________________________________________________________
dropout_2 (Dropout)          (None, 128)               0         
_________________________________________________________________
dense_1 (Dense)              (None, 1)                 129       
=================================================================
Total params: 6,791,577
Trainable params: 603,777
Non-trainable params: 6,187,800
_________________________________________________________________
None

# N Fold 1
target class: identity_hate
acc: 0.9268867924528302
auc: 0.9756988528789399
p: 0.9234234234234234
r: 0.9360730593607306
f: 0.9297052154195011

# N Fold 2
target class: identity_hate
acc: 0.8962264150943396
auc: 0.9564772145417306
p: 0.8790697674418605
r: 0.9130434782608695
f: 0.8957345971563981

# N Fold 3
target class: identity_hate
acc: 0.9080188679245284
auc: 0.9666733453549723
p: 0.8818181818181818
r: 0.9371980676328503
f: 0.9086651053864169

# N Fold 4
target class: identity_hate
acc: 0.9174528301886793
auc: 0.9714972833348179
p: 0.9052132701421801
r: 0.9271844660194175
f: 0.9160671462829737

# N Fold 5
target class: identity_hate
acc: 0.9314420803782506
auc: 0.9681390134529149
p: 0.9181034482758621
r: 0.9551569506726457
f: 0.9362637362637363

# N Fold 6
target class: identity_hate
acc: 0.9314420803782506
auc: 0.9757635379868533
p: 0.9425837320574163
r: 0.9205607476635514
f: 0.9314420803782506

# N Fold 7
target class: identity_hate
acc: 0.8699763593380615
auc: 0.9709408974989933
p: 0.8068181818181818
r: 0.9815668202764977
f: 0.8856548856548857

# N Fold 8
target class: identity_hate
acc: 0.9148936170212766
auc: 0.9641994633273703
p: 0.9257425742574258
r: 0.8990384615384616
f: 0.9121951219512195

# N Fold 9
target class: identity_hate
acc: 0.8959810874704491
auc: 0.9605822116889505
p: 0.9473684210526315
r: 0.8411214953271028
f: 0.8910891089108911

# N Fold 10
target class: identity_hate
acc: 0.91725768321513
auc: 0.9646633215357734
p: 0.9238578680203046
r: 0.900990099009901
f: 0.9122807017543859

# AVERAGED RESULTS: 
 - acc: 0.9109577813461796
 - auc: 0.9674635141601317
 - p: 0.9053998868307468
 - r: 0.9211933645762028
 - f: 0.9119097699158659
