TARGET CLASS: identity_hate
Number of comments: 4234
# SAMPLE OF COMMENTS LABELS
[1 1 0 1 0 1 1 0 0 1]
# Word considered: 20625
# Embeddings loaded. Matrix size: (20626, 300)
Model: "sequential_1"
_________________________________________________________________
Layer (type)                 Output Shape              Param #   
=================================================================
embedding_1 (Embedding)      (None, 250, 300)          6187800   
_________________________________________________________________
lstm_1 (LSTM)                (None, 250, 128)          219648    
_________________________________________________________________
dropout_1 (Dropout)          (None, 250, 128)          0         
_________________________________________________________________
lstm_2 (LSTM)                (None, 64)                49408     
_________________________________________________________________
dropout_2 (Dropout)          (None, 64)                0         
_________________________________________________________________
dense_1 (Dense)              (None, 1)                 65        
=================================================================
Total params: 6,456,921
Trainable params: 269,121
Non-trainable params: 6,187,800
_________________________________________________________________
None

# N Fold 1
target class: identity_hate
acc: 0.9056603773584906
auc: 0.964911099137931
p: 0.9137931034482759
r: 0.9137931034482759
f: 0.9137931034482759

# N Fold 2
target class: identity_hate
acc: 0.9221698113207547
auc: 0.9666889483065955
p: 0.934010152284264
r: 0.9019607843137255
f: 0.9177057356608478

# N Fold 3
target class: identity_hate
acc: 0.910377358490566
auc: 0.9685768332035162
p: 0.8765957446808511
r: 0.958139534883721
f: 0.9155555555555556

# N Fold 4
target class: identity_hate
acc: 0.8844339622641509
auc: 0.9594302881940582
p: 0.8418803418803419
r: 0.9425837320574163
f: 0.8893905191873589

# N Fold 5
target class: identity_hate
acc: 0.9196217494089834
auc: 0.9800366627917374
p: 0.9587628865979382
r: 0.8773584905660378
f: 0.916256157635468

# N Fold 6
target class: identity_hate
acc: 0.8817966903073287
auc: 0.9709192825112107
p: 0.8205128205128205
r: 0.96
f: 0.8847926267281105

# N Fold 7
target class: identity_hate
acc: 0.9101654846335697
auc: 0.9713327370304115
p: 0.8898678414096917
r: 0.9395348837209302
f: 0.914027149321267

# N Fold 8
target class: identity_hate
acc: 0.9101654846335697
auc: 0.9645809803478653
p: 0.9372197309417041
r: 0.8969957081545065
f: 0.9166666666666667

# N Fold 9
target class: identity_hate
acc: 0.9267139479905437
auc: 0.9699481865284973
p: 0.9402173913043478
r: 0.8963730569948186
f: 0.9177718832891246

# N Fold 10
target class: identity_hate
acc: 0.8865248226950354
auc: 0.9681596382845375
p: 0.9534883720930233
r: 0.803921568627451
f: 0.8723404255319148

# AVERAGED RESULTS: 
 - acc: 0.9057629689102993
 - auc: 0.968458465633636
 - p: 0.9066348385153258
 - r: 0.9090660862766883
 - f: 0.905829982302459
