gpu(0)
TARGET CLASS: identity_hate
Number of comments: 4234
BERT START 2019-12-24 23:47:05.384059
BERT END 2019-12-24 23:47:37.427089
# Embeddings loaded >> Matrix size: (71039, 1024)
BERT LOADED 2019-12-24 23:47:37.774214
Model: "sequential_1"
_________________________________________________________________
Layer (type)                 Output Shape              Param #   
=================================================================
embedding_1 (Embedding)      (None, 250, 1024)         72743936  
_________________________________________________________________
conv1d_1 (Conv1D)            (None, 241, 128)          1310848   
_________________________________________________________________
dropout_1 (Dropout)          (None, 241, 128)          0         
_________________________________________________________________
conv1d_2 (Conv1D)            (None, 237, 64)           41024     
_________________________________________________________________
dropout_2 (Dropout)          (None, 237, 64)           0         
_________________________________________________________________
flatten_1 (Flatten)          (None, 15168)             0         
_________________________________________________________________
dense_1 (Dense)              (None, 1)                 15169     
=================================================================
Total params: 74,110,977
Trainable params: 1,367,041
Non-trainable params: 72,743,936
_________________________________________________________________
None

# N Fold 1
target class: identity_hate
acc: 0.8136792452830188
auc: 0.8815994480056979
p: 0.8056872037914692
r: 0.8173076923076923
f: 0.8114558472553699

# N Fold 2
target class: identity_hate
acc: 0.7783018867924528
auc: 0.8551897883775612
p: 0.7436823104693141
r: 0.8995633187772926
f: 0.8142292490118578

# N Fold 3
target class: identity_hate
acc: 0.8915094339622641
auc: 0.9264209938581797
p: 0.8883248730964467
r: 0.8793969849246231
f: 0.8838383838383839

# N Fold 4
target class: identity_hate
acc: 0.8584905660377359
auc: 0.91891165602956
p: 0.8477366255144033
r: 0.8995633187772926
f: 0.8728813559322034

# N Fold 5
target class: identity_hate
acc: 0.8439716312056738
auc: 0.9064631191672649
p: 0.8481675392670157
r: 0.8140703517587939
f: 0.8307692307692307

# N Fold 6
target class: identity_hate
acc: 0.8274231678486997
auc: 0.8857532948185594
p: 0.8192771084337349
r: 0.8793103448275862
f: 0.8482328482328482

# N Fold 7
target class: identity_hate
acc: 0.8534278959810875
auc: 0.900899288622433
p: 0.8817733990147784
r: 0.8248847926267281
f: 0.8523809523809524

# N Fold 8
target class: identity_hate
acc: 0.8108747044917257
auc: 0.8901400496950531
p: 0.7477477477477478
r: 0.8736842105263158
f: 0.8058252427184467

# N Fold 9
target class: identity_hate
acc: 0.8203309692671394
auc: 0.909196688297158
p: 0.8341968911917098
r: 0.7853658536585366
f: 0.8090452261306532

# N Fold 10
target class: identity_hate
acc: 0.7990543735224587
auc: 0.8496400304073694
p: 0.8263157894736842
r: 0.7511961722488039
f: 0.7869674185463659

# AVERAGED RESULTS: 
 - acc: 0.8297063874392256
 - auc: 0.8924214357278837
 - p: 0.8242909488000304
 - r: 0.8424343040433665
 - f: 0.8315625754816311
