gpu(0)
TARGET CLASS: identity_hate
Number of comments: 4234
BERT START 2019-12-28 19:42:38.122577
BERT END 2019-12-28 19:43:10.264241
# Embeddings loaded >> Matrix size: (71039, 1024)
BERT LOADED 2019-12-28 19:43:10.622984
Model: "sequential_1"
_________________________________________________________________
Layer (type)                 Output Shape              Param #   
=================================================================
embedding_1 (Embedding)      (None, 250, 1024)         72743936  
_________________________________________________________________
bidirectional_1 (Bidirection (None, 250, 256)          1180672   
_________________________________________________________________
dropout_1 (Dropout)          (None, 250, 256)          0         
_________________________________________________________________
bidirectional_2 (Bidirection (None, 128)               164352    
_________________________________________________________________
dropout_2 (Dropout)          (None, 128)               0         
_________________________________________________________________
dense_1 (Dense)              (None, 1)                 129       
=================================================================
Total params: 74,089,089
Trainable params: 1,345,153
Non-trainable params: 72,743,936
_________________________________________________________________
None

# N Fold 1
target class: identity_hate
acc: 0.8773584905660378
auc: 0.9487899692155586
p: 0.845771144278607
r: 0.8900523560209425
f: 0.8673469387755102

# N Fold 2
target class: identity_hate
acc: 0.9033018867924528
auc: 0.9583333333333333
p: 0.9222797927461139
r: 0.8725490196078431
f: 0.8967254408060453

# N Fold 3
target class: identity_hate
acc: 0.9033018867924528
auc: 0.9516071428571428
p: 0.9178082191780822
r: 0.8973214285714286
f: 0.90744920993228

# N Fold 4
target class: identity_hate
acc: 0.9009433962264151
auc: 0.9562000756513807
p: 0.8894009216589862
r: 0.9146919431279621
f: 0.9018691588785046

# N Fold 5
target class: identity_hate
acc: 0.8936170212765957
auc: 0.9483892768641586
p: 0.9111111111111111
r: 0.8913043478260869
f: 0.9010989010989011

# N Fold 6
target class: identity_hate
acc: 0.8770685579196218
auc: 0.947025939177102
p: 0.875
r: 0.875
f: 0.875

# N Fold 7
target class: identity_hate
acc: 0.8770685579196218
auc: 0.9433945364979848
p: 0.8719211822660099
r: 0.8719211822660099
f: 0.8719211822660099

# N Fold 8
target class: identity_hate
acc: 0.8747044917257684
auc: 0.9448723690103001
p: 0.8847926267281107
r: 0.8727272727272727
f: 0.8787185354691075

# N Fold 9
target class: identity_hate
acc: 0.8865248226950354
auc: 0.94757484491594
p: 0.9013452914798207
r: 0.8854625550660793
f: 0.8933333333333332

# N Fold 10
target class: identity_hate
acc: 0.806146572104019
auc: 0.921549712849964
p: 0.9834710743801653
r: 0.5979899497487438
f: 0.74375

# AVERAGED RESULTS: 
 - acc: 0.880003568401802
 - auc: 0.9467737200372864
 - p: 0.9002901363827007
 - r: 0.8569020054962369
 - f: 0.8737212700559692
