TARGET CLASS: identity_hate
Number of comments: 4234
# SAMPLE OF COMMENTS LABELS
[1 0 0 1 1 0 0 0 0 1]
# Word considered: 20625
# Embeddings loaded. Matrix size: (20626, 300)
Model: "sequential_1"
_________________________________________________________________
Layer (type)                 Output Shape              Param #   
=================================================================
embedding_1 (Embedding)      (None, 250, 300)          6187800   
_________________________________________________________________
lstm_1 (LSTM)                (None, 250, 128)          219648    
_________________________________________________________________
dropout_1 (Dropout)          (None, 250, 128)          0         
_________________________________________________________________
lstm_2 (LSTM)                (None, 64)                49408     
_________________________________________________________________
dropout_2 (Dropout)          (None, 64)                0         
_________________________________________________________________
dense_1 (Dense)              (None, 1)                 65        
=================================================================
Total params: 6,456,921
Trainable params: 269,121
Non-trainable params: 6,187,800
_________________________________________________________________
None

# N Fold 1
target class: identity_hate
acc: 0.9127358490566038
auc: 0.9592600013357376
p: 0.8828828828828829
r: 0.9468599033816425
f: 0.9137529137529138

# N Fold 2
target class: identity_hate
acc: 0.9433962264150944
auc: 0.9852587512247263
p: 0.9375
r: 0.9466019417475728
f: 0.9420289855072463

# N Fold 3
target class: identity_hate
acc: 0.8915094339622641
auc: 0.9595638143985757
p: 0.8687782805429864
r: 0.9186602870813397
f: 0.8930232558139536

# N Fold 4
target class: identity_hate
acc: 0.910377358490566
auc: 0.9723157167376235
p: 0.8828451882845189
r: 0.9547511312217195
f: 0.9173913043478261

# N Fold 5
target class: identity_hate
acc: 0.9148936170212766
auc: 0.9653045230631437
p: 0.8957345971563981
r: 0.9310344827586207
f: 0.9130434782608696

# N Fold 6
target class: identity_hate
acc: 0.91725768321513
auc: 0.9627032839030509
p: 0.9305555555555556
r: 0.9095022624434389
f: 0.9199084668192219

# N Fold 7
target class: identity_hate
acc: 0.9385342789598109
auc: 0.9717054956848367
p: 0.9272727272727272
r: 0.9532710280373832
f: 0.9400921658986175

# N Fold 8
target class: identity_hate
acc: 0.9219858156028369
auc: 0.9741329156410831
p: 0.9134615384615384
r: 0.926829268292683
f: 0.9200968523002422

# N Fold 9
target class: identity_hate
acc: 0.933806146572104
auc: 0.9695777867419657
p: 0.9409090909090909
r: 0.9324324324324325
f: 0.9366515837104072

# N Fold 10
target class: identity_hate
acc: 0.8936170212765957
auc: 0.9576309081965745
p: 0.9456521739130435
r: 0.8325358851674641
f: 0.8854961832061068

# AVERAGED RESULTS: 
 - acc: 0.9178113430572282
 - auc: 0.9677453196927318
 - p: 0.9125592034978742
 - r: 0.9252478622564297
 - f: 0.9181485189617405
