TARGET CLASS: identity_hate
Number of comments: 4234
# SAMPLE OF COMMENTS LABELS
[1 0 0 0 1 0 0 0 0 0]
# Word considered: 20625
# Embeddings loaded. Matrix size: (20626, 300)
Model: "sequential_1"
_________________________________________________________________
Layer (type)                 Output Shape              Param #   
=================================================================
embedding_1 (Embedding)      (None, 250, 300)          6187800   
_________________________________________________________________
conv1d_1 (Conv1D)            (None, 241, 128)          384128    
_________________________________________________________________
dropout_1 (Dropout)          (None, 241, 128)          0         
_________________________________________________________________
conv1d_2 (Conv1D)            (None, 237, 64)           41024     
_________________________________________________________________
dropout_2 (Dropout)          (None, 237, 64)           0         
_________________________________________________________________
flatten_1 (Flatten)          (None, 15168)             0         
_________________________________________________________________
dense_1 (Dense)              (None, 1)                 15169     
=================================================================
Total params: 6,628,121
Trainable params: 440,321
Non-trainable params: 6,187,800
_________________________________________________________________
None

# N Fold 1
target class: identity_hate
acc: 0.7995283018867925
auc: 0.9152870493991989
p: 0.7208480565371025
r: 0.9714285714285714
f: 0.8275862068965518

# N Fold 2
target class: identity_hate
acc: 0.8066037735849056
auc: 0.8866087344028519
p: 0.8382352941176471
r: 0.7772727272727272
f: 0.8066037735849056

# N Fold 3
target class: identity_hate
acc: 0.8466981132075472
auc: 0.9216473685384736
p: 0.8469387755102041
r: 0.8258706467661692
f: 0.836272040302267

# N Fold 4
target class: identity_hate
acc: 0.8466981132075472
auc: 0.9097667378917378
p: 0.8042553191489362
r: 0.9086538461538461
f: 0.8532731376975169

# N Fold 5
target class: identity_hate
acc: 0.8439716312056738
auc: 0.9072798819478602
p: 0.8109243697478992
r: 0.9018691588785047
f: 0.8539823008849557

# N Fold 6
target class: identity_hate
acc: 0.8486997635933806
auc: 0.9212755968881339
p: 0.8394495412844036
r: 0.8632075471698113
f: 0.8511627906976743

# N Fold 7
target class: identity_hate
acc: 0.851063829787234
auc: 0.9110651152383085
p: 0.8571428571428571
r: 0.8532110091743119
f: 0.8551724137931034

# N Fold 8
target class: identity_hate
acc: 0.8605200945626478
auc: 0.9297346874860184
p: 0.8237704918032787
r: 0.9262672811059908
f: 0.8720173535791758

# N Fold 9
target class: identity_hate
acc: 0.8156028368794326
auc: 0.8769411501454465
p: 0.8398058252427184
r: 0.7935779816513762
f: 0.8160377358490567

# N Fold 10
target class: identity_hate
acc: 0.8581560283687943
auc: 0.9146850323043789
p: 0.845771144278607
r: 0.8542713567839196
f: 0.85

# AVERAGED RESULTS: 
 - acc: 0.8377542486283955
 - auc: 0.9094291354242409
 - p: 0.8227141674813654
 - r: 0.8675630126385229
 - f: 0.8422107753285207
