TARGET CLASS: identity_hate
Number of comments: 4234
# SAMPLE OF COMMENTS LABELS
[1 0 0 0 1 1 1 1 1 0]
# Word considered: 20625
# Embeddings loaded. Matrix size: (20626, 300)
Model: "sequential_1"
_________________________________________________________________
Layer (type)                 Output Shape              Param #   
=================================================================
embedding_1 (Embedding)      (None, 250, 300)          6187800   
_________________________________________________________________
bidirectional_1 (Bidirection (None, 250, 256)          439296    
_________________________________________________________________
dropout_1 (Dropout)          (None, 250, 256)          0         
_________________________________________________________________
bidirectional_2 (Bidirection (None, 128)               164352    
_________________________________________________________________
dropout_2 (Dropout)          (None, 128)               0         
_________________________________________________________________
dense_1 (Dense)              (None, 1)                 129       
=================================================================
Total params: 6,791,577
Trainable params: 603,777
Non-trainable params: 6,187,800
_________________________________________________________________
None

# N Fold 1
target class: identity_hate
acc: 0.9363207547169812
auc: 0.9723778574630211
p: 0.9282051282051282
r: 0.9329896907216495
f: 0.9305912596401028

# N Fold 2
target class: identity_hate
acc: 0.8985849056603774
auc: 0.9533084371296316
p: 0.8774509803921569
r: 0.9086294416243654
f: 0.8927680798004988

# N Fold 3
target class: identity_hate
acc: 0.9080188679245284
auc: 0.955
p: 0.8714859437751004
r: 0.96875
f: 0.9175475687103595

# N Fold 4
target class: identity_hate
acc: 0.9268867924528302
auc: 0.9647338910644357
p: 0.91324200913242
r: 0.9433962264150944
f: 0.9280742459396751

# N Fold 5
target class: identity_hate
acc: 0.900709219858156
auc: 0.9550190029063269
p: 0.8962264150943396
r: 0.9047619047619048
f: 0.9004739336492891

# N Fold 6
target class: identity_hate
acc: 0.9196217494089834
auc: 0.9723393754486719
p: 0.880184331797235
r: 0.9597989949748744
f: 0.9182692307692307

# N Fold 7
target class: identity_hate
acc: 0.9243498817966903
auc: 0.9695847362514028
p: 0.9288888888888889
r: 0.9288888888888889
f: 0.9288888888888889

# N Fold 8
target class: identity_hate
acc: 0.9196217494089834
auc: 0.9641432477253373
p: 0.9122807017543859
r: 0.9369369369369369
f: 0.9244444444444444

# N Fold 9
target class: identity_hate
acc: 0.9148936170212766
auc: 0.9647085201793721
p: 0.8942307692307693
r: 0.93
f: 0.911764705882353

# N Fold 10
target class: identity_hate
acc: 0.9314420803782506
auc: 0.9722561389228057
p: 0.9399141630901288
r: 0.9358974358974359
f: 0.9379014989293363

# AVERAGED RESULTS: 
 - acc: 0.9180449618627058
 - auc: 0.9643471207091006
 - p: 0.9042109331360553
 - r: 0.935004952022115
 - f: 0.9190723856654178
