TARGET CLASS: identity_hate
Number of comments: 4234
# SAMPLE OF COMMENTS LABELS
[1 0 1 1 1 1 0 1 0 0]
# Word considered: 20625
# Embeddings loaded. Matrix size: (20626, 300)
Model: "sequential_1"
_________________________________________________________________
Layer (type)                 Output Shape              Param #   
=================================================================
embedding_1 (Embedding)      (None, 250, 300)          6187800   
_________________________________________________________________
conv1d_1 (Conv1D)            (None, 241, 128)          384128    
_________________________________________________________________
dropout_1 (Dropout)          (None, 241, 128)          0         
_________________________________________________________________
conv1d_2 (Conv1D)            (None, 237, 64)           41024     
_________________________________________________________________
dropout_2 (Dropout)          (None, 237, 64)           0         
_________________________________________________________________
flatten_1 (Flatten)          (None, 15168)             0         
_________________________________________________________________
dense_1 (Dense)              (None, 1)                 15169     
=================================================================
Total params: 6,628,121
Trainable params: 440,321
Non-trainable params: 6,187,800
_________________________________________________________________
None

# N Fold 1
target class: identity_hate
acc: 0.8726415094339622
auc: 0.9287723214285714
p: 0.9009433962264151
r: 0.8526785714285714
f: 0.8761467889908257

# N Fold 2
target class: identity_hate
acc: 0.8632075471698113
auc: 0.9314487396454976
p: 0.8669724770642202
r: 0.8669724770642202
f: 0.8669724770642202

# N Fold 3
target class: identity_hate
acc: 0.8726415094339622
auc: 0.9424519690999354
p: 0.8883248730964467
r: 0.8454106280193237
f: 0.8663366336633662

# N Fold 4
target class: identity_hate
acc: 0.8702830188679245
auc: 0.9454632666265087
p: 0.8925233644859814
r: 0.8565022421524664
f: 0.8741418764302059

# N Fold 5
target class: identity_hate
acc: 0.8463356973995272
auc: 0.9312382487241473
p: 0.8318965517241379
r: 0.8812785388127854
f: 0.8558758314855875

# N Fold 6
target class: identity_hate
acc: 0.8676122931442081
auc: 0.9355488079172289
p: 0.8293838862559242
r: 0.8974358974358975
f: 0.8620689655172414

# N Fold 7
target class: identity_hate
acc: 0.8676122931442081
auc: 0.9305331901950259
p: 0.8756218905472637
r: 0.8502415458937198
f: 0.8627450980392157

# N Fold 8
target class: identity_hate
acc: 0.8747044917257684
auc: 0.9442195231668917
p: 0.8736842105263158
r: 0.8512820512820513
f: 0.8623376623376623

# N Fold 9
target class: identity_hate
acc: 0.8723404255319149
auc: 0.9398255813953489
p: 0.8969072164948454
r: 0.8365384615384616
f: 0.8656716417910447

# N Fold 10
target class: identity_hate
acc: 0.8652482269503546
auc: 0.9091438555620268
p: 0.8596491228070176
r: 0.8868778280542986
f: 0.8730512249443206

# AVERAGED RESULTS: 
 - acc: 0.8672627012801641
 - auc: 0.9338645503761183
 - p: 0.8715906989228568
 - r: 0.8625218241681796
 - f: 0.8665348200263691
