TARGET CLASS: identity_hate
Number of comments: 4234
# SAMPLE OF COMMENTS LABELS
[1 0 1 1 1 1 1 0 1 0]
# Word considered: 20625
# Embeddings loaded. Matrix size: (20626, 300)
Model: "sequential_1"
_________________________________________________________________
Layer (type)                 Output Shape              Param #   
=================================================================
embedding_1 (Embedding)      (None, 250, 300)          6187800   
_________________________________________________________________
dense_1 (Dense)              (None, 250, 128)          38528     
_________________________________________________________________
dropout_1 (Dropout)          (None, 250, 128)          0         
_________________________________________________________________
dense_2 (Dense)              (None, 250, 64)           8256      
_________________________________________________________________
dropout_2 (Dropout)          (None, 250, 64)           0         
_________________________________________________________________
flatten_1 (Flatten)          (None, 16000)             0         
_________________________________________________________________
dense_3 (Dense)              (None, 1)                 16001     
=================================================================
Total params: 6,250,585
Trainable params: 62,785
Non-trainable params: 6,187,800
_________________________________________________________________
None

# N Fold 1
target class: identity_hate
acc: 0.8702830188679245
auc: 0.9488064487396455
p: 0.8687782805429864
r: 0.8807339449541285
f: 0.8747152619589977

# N Fold 2
target class: identity_hate
acc: 0.8844339622641509
auc: 0.9471381820610432
p: 0.9242424242424242
r: 0.8433179723502304
f: 0.8819277108433735

# N Fold 3
target class: identity_hate
acc: 0.8844339622641509
auc: 0.9457799145299146
p: 0.8840579710144928
r: 0.8798076923076923
f: 0.8819277108433735

# N Fold 4
target class: identity_hate
acc: 0.8915094339622641
auc: 0.9474264705882353
p: 0.8872549019607843
r: 0.8872549019607843
f: 0.8872549019607843

# N Fold 5
target class: identity_hate
acc: 0.8534278959810875
auc: 0.9363267774741275
p: 0.9022988505747126
r: 0.7772277227722773
f: 0.8351063829787234

# N Fold 6
target class: identity_hate
acc: 0.8888888888888888
auc: 0.9497160488306579
p: 0.8614718614718615
r: 0.9299065420560748
f: 0.8943820224719102

# N Fold 7
target class: identity_hate
acc: 0.8959810874704491
auc: 0.9371586534157041
p: 0.9040404040404041
r: 0.8774509803921569
f: 0.8905472636815921

# N Fold 8
target class: identity_hate
acc: 0.8794326241134752
auc: 0.9376175548589342
p: 0.8823529411764706
r: 0.8863636363636364
f: 0.8843537414965987

# N Fold 9
target class: identity_hate
acc: 0.8912529550827423
auc: 0.9469371786273194
p: 0.8942307692307693
r: 0.8857142857142857
f: 0.8899521531100478

# N Fold 10
target class: identity_hate
acc: 0.8770685579196218
auc: 0.945051500223914
p: 0.9565217391304348
r: 0.8
f: 0.8712871287128713

# AVERAGED RESULTS: 
 - acc: 0.8816712386814756
 - auc: 0.9441958729349496
 - p: 0.896525014338534
 - r: 0.8647777678871267
 - f: 0.8791454278058273
