gpu(0)
TARGET CLASS: identity_hate
Number of comments: 4234
BERT START 2019-12-26 09:18:48.526551
BERT END 2019-12-26 09:19:20.472684
# Embeddings loaded >> Matrix size: (71039, 1024)
BERT LOADED 2019-12-26 09:19:20.818376
Model: "sequential_1"
_________________________________________________________________
Layer (type)                 Output Shape              Param #   
=================================================================
embedding_1 (Embedding)      (None, 250, 1024)         72743936  
_________________________________________________________________
lstm_1 (LSTM)                (None, 250, 128)          590336    
_________________________________________________________________
dropout_1 (Dropout)          (None, 250, 128)          0         
_________________________________________________________________
lstm_2 (LSTM)                (None, 64)                49408     
_________________________________________________________________
dropout_2 (Dropout)          (None, 64)                0         
_________________________________________________________________
dense_1 (Dense)              (None, 1)                 65        
=================================================================
Total params: 73,383,745
Trainable params: 639,809
Non-trainable params: 72,743,936
_________________________________________________________________
None

# N Fold 1
target class: identity_hate
acc: 0.8702830188679245
auc: 0.9469941822882999
p: 0.8878504672897196
r: 0.8597285067873304
f: 0.8735632183908046

# N Fold 2
target class: identity_hate
acc: 0.9033018867924528
auc: 0.9633693112273284
p: 0.8818181818181818
r: 0.9282296650717703
f: 0.9044289044289043

# N Fold 3
target class: identity_hate
acc: 0.8301886792452831
auc: 0.9519802310826154
p: 0.7617328519855595
r: 0.9723502304147466
f: 0.854251012145749

# N Fold 4
target class: identity_hate
acc: 0.9056603773584906
auc: 0.951863803271392
p: 0.9186602870813397
r: 0.8930232558139535
f: 0.9056603773584907

# N Fold 5
target class: identity_hate
acc: 0.8557919621749409
auc: 0.9233232940753394
p: 0.8915094339622641
r: 0.8325991189427313
f: 0.8610478359908884

# N Fold 6
target class: identity_hate
acc: 0.9078014184397163
auc: 0.9523426889995472
p: 0.8669950738916257
r: 0.9361702127659575
f: 0.9002557544757034

# N Fold 7
target class: identity_hate
acc: 0.8676122931442081
auc: 0.945282090286788
p: 0.8815165876777251
r: 0.8571428571428571
f: 0.8691588785046729

# N Fold 8
target class: identity_hate
acc: 0.9148936170212766
auc: 0.9651408292529535
p: 0.9203539823008849
r: 0.9203539823008849
f: 0.9203539823008849

# N Fold 9
target class: identity_hate
acc: 0.8959810874704491
auc: 0.9571383830701088
p: 0.921875
r: 0.8592233009708737
f: 0.8894472361809046

# N Fold 10
target class: identity_hate
acc: 0.8912529550827423
auc: 0.9452179996389241
p: 0.868020304568528
r: 0.8952879581151832
f: 0.8814432989690723

# AVERAGED RESULTS: 
 - acc: 0.8842767295597485
 - auc: 0.9502652813193296
 - p: 0.8800332170575829
 - r: 0.8954109088326289
 - f: 0.8859610498746076
