TARGET CLASS: identity_hate
Number of comments: 4234
# SAMPLE OF COMMENTS LABELS
[0 1 0 1 1 0 1 0 1 0]
# Word considered: 20625
# Embeddings loaded. Matrix size: (20626, 300)
Model: "sequential_1"
_________________________________________________________________
Layer (type)                 Output Shape              Param #   
=================================================================
embedding_1 (Embedding)      (None, 250, 300)          6187800   
_________________________________________________________________
dense_1 (Dense)              (None, 250, 128)          38528     
_________________________________________________________________
dropout_1 (Dropout)          (None, 250, 128)          0         
_________________________________________________________________
dense_2 (Dense)              (None, 250, 64)           8256      
_________________________________________________________________
dropout_2 (Dropout)          (None, 250, 64)           0         
_________________________________________________________________
flatten_1 (Flatten)          (None, 16000)             0         
_________________________________________________________________
dense_3 (Dense)              (None, 1)                 16001     
=================================================================
Total params: 6,250,585
Trainable params: 62,785
Non-trainable params: 6,187,800
_________________________________________________________________
None

# N Fold 1
target class: identity_hate
acc: 0.8702830188679245
auc: 0.9356144718839019
p: 0.8382352941176471
r: 0.8860103626943006
f: 0.8614609571788413

# N Fold 2
target class: identity_hate
acc: 0.8632075471698113
auc: 0.9297332176312219
p: 0.8660287081339713
r: 0.8578199052132701
f: 0.861904761904762

# N Fold 3
target class: identity_hate
acc: 0.8632075471698113
auc: 0.9288527873595194
p: 0.847926267281106
r: 0.8803827751196173
f: 0.863849765258216

# N Fold 4
target class: identity_hate
acc: 0.8655660377358491
auc: 0.9320361346594577
p: 0.8170731707317073
r: 0.9436619718309859
f: 0.8758169934640523

# N Fold 5
target class: identity_hate
acc: 0.8817966903073287
auc: 0.9316256555062525
p: 0.8524590163934426
r: 0.9369369369369369
f: 0.8927038626609443

# N Fold 6
target class: identity_hate
acc: 0.8652482269503546
auc: 0.9395595797004248
p: 0.9135135135135135
r: 0.8047619047619048
f: 0.8556962025316456

# N Fold 7
target class: identity_hate
acc: 0.8557919621749409
auc: 0.9244896588772495
p: 0.8325581395348837
r: 0.8774509803921569
f: 0.854415274463007

# N Fold 8
target class: identity_hate
acc: 0.8605200945626478
auc: 0.9436010374278943
p: 0.9057591623036649
r: 0.8084112149532711
f: 0.854320987654321

# N Fold 9
target class: identity_hate
acc: 0.8368794326241135
auc: 0.9203719490308686
p: 0.8215767634854771
r: 0.8839285714285714
f: 0.8516129032258064

# N Fold 10
target class: identity_hate
acc: 0.8841607565011821
auc: 0.9520379401369066
p: 0.8853211009174312
r: 0.8894009216589862
f: 0.8873563218390805

# AVERAGED RESULTS: 
 - acc: 0.8646661314063964
 - auc: 0.9337922432213697
 - p: 0.8580451136412844
 - r: 0.8768765544990001
 - f: 0.8659138030180676
