gpu(0)
TARGET CLASS: identity_hate
Number of comments: 4234
BERT START 2019-12-23 19:04:57.135937
BERT END 2019-12-23 19:05:29.397961
# Embeddings loaded >> Matrix size: (71039, 1024)
BERT LOADED 2019-12-23 19:05:29.748803
Model: "sequential_1"
_________________________________________________________________
Layer (type)                 Output Shape              Param #   
=================================================================
embedding_1 (Embedding)      (None, 250, 1024)         72743936  
_________________________________________________________________
dense_1 (Dense)              (None, 250, 128)          131200    
_________________________________________________________________
dropout_1 (Dropout)          (None, 250, 128)          0         
_________________________________________________________________
dense_2 (Dense)              (None, 250, 64)           8256      
_________________________________________________________________
dropout_2 (Dropout)          (None, 250, 64)           0         
_________________________________________________________________
flatten_1 (Flatten)          (None, 16000)             0         
_________________________________________________________________
dense_3 (Dense)              (None, 1)                 16001     
=================================================================
Total params: 72,899,393
Trainable params: 155,457
Non-trainable params: 72,743,936
_________________________________________________________________
None

# N Fold 1
target class: identity_hate
acc: 0.8372641509433962
auc: 0.9230087701590292
p: 0.8616071428571429
r: 0.8354978354978355
f: 0.8483516483516484

# N Fold 2
target class: identity_hate
acc: 0.8632075471698113
auc: 0.9300322688327585
p: 0.8829268292682927
r: 0.8418604651162791
f: 0.8619047619047618

# N Fold 3
target class: identity_hate
acc: 0.8561320754716981
auc: 0.9236737238139763
p: 0.8288288288288288
r: 0.8888888888888888
f: 0.8578088578088577

# N Fold 4
target class: identity_hate
acc: 0.8466981132075472
auc: 0.9108685007122507
p: 0.8356807511737089
r: 0.8557692307692307
f: 0.8456057007125891

# N Fold 5
target class: identity_hate
acc: 0.8747044917257684
auc: 0.9325347066726377
p: 0.8812785388127854
r: 0.8772727272727273
f: 0.8792710706150343

# N Fold 6
target class: identity_hate
acc: 0.8723404255319149
auc: 0.9329702837165524
p: 0.8693467336683417
r: 0.8606965174129353
f: 0.865

# N Fold 7
target class: identity_hate
acc: 0.8605200945626478
auc: 0.9183342286686365
p: 0.8193832599118943
r: 0.9117647058823529
f: 0.8631090487238979

# N Fold 8
target class: identity_hate
acc: 0.8226950354609929
auc: 0.9173648134044173
p: 0.7829457364341085
r: 0.9140271493212669
f: 0.8434237995824634

# N Fold 9
target class: identity_hate
acc: 0.8652482269503546
auc: 0.9379667307606314
p: 0.861904761904762
r: 0.8660287081339713
f: 0.8639618138424822

# N Fold 10
target class: identity_hate
acc: 0.83451536643026
auc: 0.9178992425261083
p: 0.8465608465608465
r: 0.7960199004975125
f: 0.8205128205128205

# AVERAGED RESULTS: 
 - acc: 0.8533325527454392
 - auc: 0.9244653269266998
 - p: 0.8470463429420712
 - r: 0.8647826128793
 - f: 0.8548949522054555
