gpu(0)
TARGET CLASS: insult
Number of comments: 22608
BERT START 2019-12-26 10:47:19.354775
BERT END 2019-12-26 10:49:45.430938
# Embeddings loaded >> Matrix size: (387910, 1024)
BERT LOADED 2019-12-26 10:49:47.329071
Model: "sequential_1"
_________________________________________________________________
Layer (type)                 Output Shape              Param #   
=================================================================
embedding_1 (Embedding)      (None, 250, 1024)         397219840 
_________________________________________________________________
lstm_1 (LSTM)                (None, 250, 128)          590336    
_________________________________________________________________
dropout_1 (Dropout)          (None, 250, 128)          0         
_________________________________________________________________
lstm_2 (LSTM)                (None, 64)                49408     
_________________________________________________________________
dropout_2 (Dropout)          (None, 64)                0         
_________________________________________________________________
dense_1 (Dense)              (None, 1)                 65        
=================================================================
Total params: 397,859,649
Trainable params: 639,809
Non-trainable params: 397,219,840
_________________________________________________________________
None

# N Fold 1
target class: insult
acc: 0.8726227333038479
auc: 0.9396576290506433
p: 0.8763837638376384
r: 0.8605072463768116
f: 0.8683729433272395

# N Fold 2
target class: insult
acc: 0.8796992481203008
auc: 0.9383784109456988
p: 0.8991596638655462
r: 0.8544809228039042
f: 0.8762511373976343

# N Fold 3
target class: insult
acc: 0.8677576293675365
auc: 0.9383107620928557
p: 0.8932735426008969
r: 0.8469387755102041
f: 0.8694893059799214

# N Fold 4
target class: insult
acc: 0.8690844758956214
auc: 0.9370902873954445
p: 0.8646288209606987
r: 0.8753315649867374
f: 0.8699472759226713

# N Fold 5
target class: insult
acc: 0.8651039363113666
auc: 0.934678847971556
p: 0.8744313011828936
r: 0.8519503546099291
f: 0.8630444544229906

# N Fold 6
target class: insult
acc: 0.8699690402476781
auc: 0.9362820813771519
p: 0.8850787766450418
r: 0.8488888888888889
f: 0.8666061705989112

# N Fold 7
target class: insult
acc: 0.8730650154798761
auc: 0.9375083137064656
p: 0.8769092542677448
r: 0.866785079928952
f: 0.8718177757927646

# N Fold 8
target class: insult
acc: 0.8766032728881026
auc: 0.9481251340531891
p: 0.8729729729729729
r: 0.8753387533875339
f: 0.8741542625169146

# N Fold 9
target class: insult
acc: 0.8659292035398231
auc: 0.9439336161732634
p: 0.8340214698596201
r: 0.908273381294964
f: 0.8695652173913043

# N Fold 10
target class: insult
acc: 0.8792035398230088
auc: 0.9481706934617894
p: 0.8647106764466178
r: 0.9083904109589042
f: 0.8860125260960334

# AVERAGED RESULTS: 
 - acc: 0.8719038094977162
 - auc: 0.9402135776228058
 - p: 0.8741570242639671
 - r: 0.8696885378746829
 - f: 0.8715261069446385
