TARGET CLASS: insult
Number of comments: 22608
# SAMPLE OF COMMENTS LABELS
[0 1 0 0 1 0 0 0 1 1]
# Word considered: 56626
# Embeddings loaded. Matrix size: (56627, 300)
Model: "sequential_1"
_________________________________________________________________
Layer (type)                 Output Shape              Param #   
=================================================================
embedding_1 (Embedding)      (None, 250, 300)          16988100  
_________________________________________________________________
conv1d_1 (Conv1D)            (None, 241, 128)          384128    
_________________________________________________________________
dropout_1 (Dropout)          (None, 241, 128)          0         
_________________________________________________________________
conv1d_2 (Conv1D)            (None, 237, 64)           41024     
_________________________________________________________________
dropout_2 (Dropout)          (None, 237, 64)           0         
_________________________________________________________________
flatten_1 (Flatten)          (None, 15168)             0         
_________________________________________________________________
dense_1 (Dense)              (None, 1)                 15169     
=================================================================
Total params: 17,428,421
Trainable params: 440,321
Non-trainable params: 16,988,100
_________________________________________________________________
None

# N Fold 1
target class: insult
acc: 0.8527200353825741
auc: 0.9132791773296082
p: 0.8840864440078585
r: 0.8071748878923767
f: 0.8438818565400844

# N Fold 2
target class: insult
acc: 0.8558160106147722
auc: 0.9045246616910829
p: 0.8706976744186047
r: 0.8334817453250223
f: 0.8516833484986353

# N Fold 3
target class: insult
acc: 0.8412206988058382
auc: 0.9031991973440979
p: 0.9147368421052632
r: 0.7576285963382737
f: 0.8288030519790177

# N Fold 4
target class: insult
acc: 0.8553737284387439
auc: 0.9029402556335657
p: 0.8467670504871567
r: 0.8612612612612612
f: 0.8539526574363555

# N Fold 5
target class: insult
acc: 0.8580274214949137
auc: 0.9096491104495179
p: 0.8755676657584015
r: 0.8397212543554007
f: 0.8572698977323254

# N Fold 6
target class: insult
acc: 0.8460858027421495
auc: 0.8965230971560084
p: 0.888354186717998
r: 0.7991341991341991
f: 0.8413855970829535

# N Fold 7
target class: insult
acc: 0.8434321096859797
auc: 0.8997353176423077
p: 0.8564727954971857
r: 0.8195691202872532
f: 0.8376146788990826

# N Fold 8
target class: insult
acc: 0.8416629809818664
auc: 0.9007982344931211
p: 0.8681010289990645
r: 0.8104803493449781
f: 0.8383017163504968

# N Fold 9
target class: insult
acc: 0.8539823008849557
auc: 0.9039303516098612
p: 0.8394648829431438
r: 0.8791593695271454
f: 0.8588537211291701

# N Fold 10
target class: insult
acc: 0.8367256637168141
auc: 0.8914740161798985
p: 0.896551724137931
r: 0.7529411764705882
f: 0.8184948352188883

# AVERAGED RESULTS: 
 - acc: 0.8485046752748607
 - auc: 0.902605341952907
 - p: 0.8740800295072608
 - r: 0.8160551959936498
 - f: 0.843024136086701
