TARGET CLASS: insult
Number of comments: 22608
# SAMPLE OF COMMENTS LABELS
[0 0 1 0 0 1 0 0 1 0]
# Word considered: 56626
# Embeddings loaded. Matrix size: (56627, 300)
Model: "sequential_1"
_________________________________________________________________
Layer (type)                 Output Shape              Param #   
=================================================================
embedding_1 (Embedding)      (None, 250, 300)          16988100  
_________________________________________________________________
lstm_1 (LSTM)                (None, 250, 128)          219648    
_________________________________________________________________
dropout_1 (Dropout)          (None, 250, 128)          0         
_________________________________________________________________
lstm_2 (LSTM)                (None, 64)                49408     
_________________________________________________________________
dropout_2 (Dropout)          (None, 64)                0         
_________________________________________________________________
dense_1 (Dense)              (None, 1)                 65        
=================================================================
Total params: 17,257,221
Trainable params: 269,121
Non-trainable params: 16,988,100
_________________________________________________________________
None

# N Fold 1
target class: insult
acc: 0.9186200796107917
auc: 0.9673340862390789
p: 0.8878260869565218
r: 0.9488847583643123
f: 0.9173405211141061

# N Fold 2
target class: insult
acc: 0.9234851835471031
auc: 0.9686058668219215
p: 0.9088607594936708
r: 0.9430823117338003
f: 0.9256553502363558

# N Fold 3
target class: insult
acc: 0.9411764705882353
auc: 0.9788920900011581
p: 0.945438282647585
r: 0.9362267493356953
f: 0.940809968847352

# N Fold 4
target class: insult
acc: 0.9301194161875277
auc: 0.9703772018452814
p: 0.9232158988256549
r: 0.9333333333333333
f: 0.9282470481380564

# N Fold 5
target class: insult
acc: 0.9283502874834144
auc: 0.9766640833548609
p: 0.9306157849089333
r: 0.929004329004329
f: 0.9298093587521664

# N Fold 6
target class: insult
acc: 0.9115435647943387
auc: 0.9656115459193495
p: 0.9138240574506283
r: 0.9073083778966132
f: 0.9105545617173524

# N Fold 7
target class: insult
acc: 0.9226006191950464
auc: 0.9685343390532479
p: 0.9196891191709845
r: 0.9285091543156059
f: 0.9240780911062907

# N Fold 8
target class: insult
acc: 0.9199469261388766
auc: 0.9649728736409429
p: 0.913601368691189
r: 0.9303135888501742
f: 0.9218817436340094

# N Fold 9
target class: insult
acc: 0.9216814159292035
auc: 0.9718201344239695
p: 0.9299307958477508
r: 0.9180187873612298
f: 0.9239363987967341

# N Fold 10
target class: insult
acc: 0.9221238938053097
auc: 0.9670440224972373
p: 0.9146877748460862
r: 0.9294012511170688
f: 0.921985815602837

# AVERAGED RESULTS: 
 - acc: 0.9239647857279847
 - auc: 0.9699856243797048
 - p: 0.9187689928839005
 - r: 0.9304082641312162
 - f: 0.924429885794526
