gpu(0)
TARGET CLASS: insult
Number of comments: 22608
BERT START 2019-12-28 22:52:40.649770
BERT END 2019-12-28 22:55:08.253445
# Embeddings loaded >> Matrix size: (387910, 1024)
BERT LOADED 2019-12-28 22:55:10.187412
Model: "sequential_1"
_________________________________________________________________
Layer (type)                 Output Shape              Param #   
=================================================================
embedding_1 (Embedding)      (None, 250, 1024)         397219840 
_________________________________________________________________
bidirectional_1 (Bidirection (None, 250, 256)          1180672   
_________________________________________________________________
dropout_1 (Dropout)          (None, 250, 256)          0         
_________________________________________________________________
bidirectional_2 (Bidirection (None, 128)               164352    
_________________________________________________________________
dropout_2 (Dropout)          (None, 128)               0         
_________________________________________________________________
dense_1 (Dense)              (None, 1)                 129       
=================================================================
Total params: 398,564,993
Trainable params: 1,345,153
Non-trainable params: 397,219,840
_________________________________________________________________
None

# N Fold 1
target class: insult
acc: 0.8796992481203008
auc: 0.9456289886915996
p: 0.900375939849624
r: 0.8523131672597865
f: 0.8756855575868373

# N Fold 2
target class: insult
acc: 0.871295886775763
auc: 0.9335753140531444
p: 0.8590192644483362
r: 0.882988298829883
f: 0.8708388814913447

# N Fold 3
target class: insult
acc: 0.8819106590004423
auc: 0.9475761393514459
p: 0.8833333333333333
r: 0.8825591586327782
f: 0.8829460762823323

# N Fold 4
target class: insult
acc: 0.8796992481203008
auc: 0.9396501048697828
p: 0.8958880139982502
r: 0.8700084961767205
f: 0.8827586206896552

# N Fold 5
target class: insult
acc: 0.8867757629367536
auc: 0.9502837590110541
p: 0.8864774624373957
r: 0.8984771573604061
f: 0.8924369747899159

# N Fold 6
target class: insult
acc: 0.8832375055285272
auc: 0.9419664026517303
p: 0.9062209842154132
r: 0.8568920105355575
f: 0.8808664259927798

# N Fold 7
target class: insult
acc: 0.8774878372401592
auc: 0.9366101389280898
p: 0.8901846452866861
r: 0.8481481481481481
f: 0.8686581318160266

# N Fold 8
target class: insult
acc: 0.874391862007961
auc: 0.9410660519677253
p: 0.9034416826003824
r: 0.8377659574468085
f: 0.8693652253909843

# N Fold 9
target class: insult
acc: 0.8845132743362832
auc: 0.9453093423068607
p: 0.9120772946859903
r: 0.8473967684021544
f: 0.8785481619357841

# N Fold 10
target class: insult
acc: 0.8668141592920354
auc: 0.9326211047182109
p: 0.8517872711421098
r: 0.881768953068592
f: 0.8665188470066518

# AVERAGED RESULTS: 
 - acc: 0.8785825443358527
 - auc: 0.9414287346549643
 - p: 0.8888805891997521
 - r: 0.8658318115860835
 - f: 0.8768622902982312
