TARGET CLASS: insult
Number of comments: 22608
# SAMPLE OF COMMENTS LABELS
[0 1 1 1 0 1 1 1 1 1]
# Word considered: 56626
# Embeddings loaded. Matrix size: (56627, 300)
Model: "sequential_1"
_________________________________________________________________
Layer (type)                 Output Shape              Param #   
=================================================================
embedding_1 (Embedding)      (None, 250, 300)          16988100  
_________________________________________________________________
bidirectional_1 (Bidirection (None, 250, 256)          439296    
_________________________________________________________________
dropout_1 (Dropout)          (None, 250, 256)          0         
_________________________________________________________________
bidirectional_2 (Bidirection (None, 128)               164352    
_________________________________________________________________
dropout_2 (Dropout)          (None, 128)               0         
_________________________________________________________________
dense_1 (Dense)              (None, 1)                 129       
=================================================================
Total params: 17,591,877
Trainable params: 603,777
Non-trainable params: 16,988,100
_________________________________________________________________
None

# N Fold 1
target class: insult
acc: 0.9265811587793011
auc: 0.9758245337141283
p: 0.9001706484641638
r: 0.9556159420289855
f: 0.9270650263620387

# N Fold 2
target class: insult
acc: 0.9181777974347634
auc: 0.9698730119474893
p: 0.9128888888888889
r: 0.921903052064632
f: 0.9173738276016078

# N Fold 3
target class: insult
acc: 0.9265811587793011
auc: 0.9746362348447493
p: 0.9027303754266212
r: 0.9531531531531532
f: 0.9272567922874672

# N Fold 4
target class: insult
acc: 0.9124281291463954
auc: 0.9739122371269067
p: 0.9348441926345609
r: 0.8847184986595175
f: 0.9090909090909091

# N Fold 5
target class: insult
acc: 0.9279080053073862
auc: 0.9748881867633159
p: 0.922874671340929
r: 0.9335106382978723
f: 0.9281621859850154

# N Fold 6
target class: insult
acc: 0.9270234409553295
auc: 0.9736174916508569
p: 0.9176954732510288
r: 0.9449152542372882
f: 0.931106471816284

# N Fold 7
target class: insult
acc: 0.9340999557717824
auc: 0.9801606863127124
p: 0.9142136248948697
r: 0.9585537918871252
f: 0.9358588032716315

# N Fold 8
target class: insult
acc: 0.9221583370190182
auc: 0.9733612266811925
p: 0.9240837696335078
r: 0.9224738675958188
f: 0.923278116826504

# N Fold 9
target class: insult
acc: 0.9234513274336283
auc: 0.9784438060208842
p: 0.9238845144356955
r: 0.9246935201401051
f: 0.924288840262582

# N Fold 10
target class: insult
acc: 0.9203539823008849
auc: 0.9742249632892805
p: 0.9291553133514986
r: 0.9093333333333333
f: 0.9191374663072777

# AVERAGED RESULTS: 
 - acc: 0.9238763292927791
 - auc: 0.9748942378351516
 - p: 0.9182541472321765
 - r: 0.9308871051397831
 - f: 0.9242618439811318
