TARGET CLASS: insult
Number of comments: 22608
# SAMPLE OF COMMENTS LABELS
[0 0 1 1 1 0 0 1 0 0]
# Word considered: 56626
# Embeddings loaded. Matrix size: (56627, 300)
Model: "sequential_1"
_________________________________________________________________
Layer (type)                 Output Shape              Param #   
=================================================================
embedding_1 (Embedding)      (None, 250, 300)          16988100  
_________________________________________________________________
conv1d_1 (Conv1D)            (None, 241, 128)          384128    
_________________________________________________________________
dropout_1 (Dropout)          (None, 241, 128)          0         
_________________________________________________________________
conv1d_2 (Conv1D)            (None, 237, 64)           41024     
_________________________________________________________________
dropout_2 (Dropout)          (None, 237, 64)           0         
_________________________________________________________________
flatten_1 (Flatten)          (None, 15168)             0         
_________________________________________________________________
dense_1 (Dense)              (None, 1)                 15169     
=================================================================
Total params: 17,428,421
Trainable params: 440,321
Non-trainable params: 16,988,100
_________________________________________________________________
None

# N Fold 1
target class: insult
acc: 0.8447589562140646
auc: 0.9131537427274963
p: 0.8559928443649374
r: 0.8343504795117699
f: 0.8450331125827816

# N Fold 2
target class: insult
acc: 0.8412206988058382
auc: 0.9064291551469873
p: 0.8525754884547069
r: 0.8326105810928014
f: 0.8424747696358051

# N Fold 3
target class: insult
acc: 0.8584697036709421
auc: 0.9226069550434512
p: 0.8325832583258326
r: 0.8734655335221907
f: 0.8525345622119817

# N Fold 4
target class: insult
acc: 0.8584697036709421
auc: 0.9235874068196365
p: 0.8507462686567164
r: 0.8659517426273459
f: 0.858281665190434

# N Fold 5
target class: insult
acc: 0.8628925254312251
auc: 0.9139812584799275
p: 0.8377049180327869
r: 0.9012345679012346
f: 0.8683092608326254

# N Fold 6
target class: insult
acc: 0.8434321096859797
auc: 0.9116138023205227
p: 0.8449339207048459
r: 0.8434476693051891
f: 0.8441901408450704

# N Fold 7
target class: insult
acc: 0.8611233967271119
auc: 0.9240577511880834
p: 0.8594594594594595
r: 0.8579136690647482
f: 0.8586858685868588

# N Fold 8
target class: insult
acc: 0.8487394957983193
auc: 0.9167796249368033
p: 0.8571428571428571
r: 0.8421970357454228
f: 0.8496042216358839

# N Fold 9
target class: insult
acc: 0.8323008849557522
auc: 0.908146079083718
p: 0.7913561847988078
r: 0.9147286821705426
f: 0.8485817019576509

# N Fold 10
target class: insult
acc: 0.8429203539823009
auc: 0.9132742046010769
p: 0.8333333333333334
r: 0.8590308370044053
f: 0.8459869848156183

# AVERAGED RESULTS: 
 - acc: 0.8494327828942476
 - auc: 0.9153629980347703
 - p: 0.8415828533274283
 - r: 0.862493079794565
 - f: 0.851368228829471
