gpu(0)
TARGET CLASS: insult
Number of comments: 22608
BERT START 2019-12-23 19:20:34.228780
BERT END 2019-12-23 19:23:01.504210
# Embeddings loaded >> Matrix size: (387910, 1024)
BERT LOADED 2019-12-23 19:23:03.376978
Model: "sequential_1"
_________________________________________________________________
Layer (type)                 Output Shape              Param #   
=================================================================
embedding_1 (Embedding)      (None, 250, 1024)         397219840 
_________________________________________________________________
dense_1 (Dense)              (None, 250, 128)          131200    
_________________________________________________________________
dropout_1 (Dropout)          (None, 250, 128)          0         
_________________________________________________________________
dense_2 (Dense)              (None, 250, 64)           8256      
_________________________________________________________________
dropout_2 (Dropout)          (None, 250, 64)           0         
_________________________________________________________________
flatten_1 (Flatten)          (None, 16000)             0         
_________________________________________________________________
dense_3 (Dense)              (None, 1)                 16001     
=================================================================
Total params: 397,375,297
Trainable params: 155,457
Non-trainable params: 397,219,840
_________________________________________________________________
None

# N Fold 1
target class: insult
acc: 0.8367978770455551
auc: 0.9095056117881981
p: 0.8183333333333334
r: 0.8667255075022066
f: 0.8418345477925417

# N Fold 2
target class: insult
acc: 0.8222025652366209
auc: 0.8999640062597808
p: 0.8313473877176902
r: 0.8062222222222222
f: 0.8185920577617328

# N Fold 3
target class: insult
acc: 0.8474126492702344
auc: 0.9134339417726114
p: 0.8437225636523266
r: 0.8519503546099291
f: 0.8478164975738862

# N Fold 4
target class: insult
acc: 0.8354710305174702
auc: 0.9035009679049903
p: 0.8434940855323021
r: 0.8225377107364685
f: 0.8328840970350403

# N Fold 5
target class: insult
acc: 0.8372401592215833
auc: 0.9015934013480881
p: 0.8432769367764915
r: 0.8314310798946444
f: 0.8373121131741821

# N Fold 6
target class: insult
acc: 0.8319327731092437
auc: 0.9095365418894831
p: 0.8294849023090586
r: 0.8324420677361853
f: 0.8309608540925266

# N Fold 7
target class: insult
acc: 0.8332596196373286
auc: 0.9025189883329419
p: 0.8156199677938808
r: 0.8725236864771748
f: 0.8431127756970452

# N Fold 8
target class: insult
acc: 0.848297213622291
auc: 0.9163669149205932
p: 0.8632075471698113
r: 0.8221024258760108
f: 0.8421537045559134

# N Fold 9
target class: insult
acc: 0.8261061946902655
auc: 0.9030574645129712
p: 0.8765432098765432
r: 0.7573333333333333
f: 0.8125894134477825

# N Fold 10
target class: insult
acc: 0.8336283185840708
auc: 0.9076966933171692
p: 0.849213691026827
r: 0.8116710875331565
f: 0.8300180831826401

# AVERAGED RESULTS: 
 - acc: 0.8352348400934664
 - auc: 0.9067174532046827
 - p: 0.8414243625188265
 - r: 0.8274939475921331
 - f: 0.8337274144313291
