TARGET CLASS: insult
Number of comments: 22608
# SAMPLE OF COMMENTS LABELS
[1 1 1 0 0 1 0 0 0 0]
# Word considered: 56626
# Embeddings loaded. Matrix size: (56627, 300)
Model: "sequential_1"
_________________________________________________________________
Layer (type)                 Output Shape              Param #   
=================================================================
embedding_1 (Embedding)      (None, 250, 300)          16988100  
_________________________________________________________________
dense_1 (Dense)              (None, 250, 128)          38528     
_________________________________________________________________
dropout_1 (Dropout)          (None, 250, 128)          0         
_________________________________________________________________
dense_2 (Dense)              (None, 250, 64)           8256      
_________________________________________________________________
dropout_2 (Dropout)          (None, 250, 64)           0         
_________________________________________________________________
flatten_1 (Flatten)          (None, 16000)             0         
_________________________________________________________________
dense_3 (Dense)              (None, 1)                 16001     
=================================================================
Total params: 17,050,885
Trainable params: 62,785
Non-trainable params: 16,988,100
_________________________________________________________________
None

# N Fold 1
target class: insult
acc: 0.8783724015922159
auc: 0.9306866197183098
p: 0.881508078994614
r: 0.8728888888888889
f: 0.8771773112996875

# N Fold 2
target class: insult
acc: 0.8602388323750553
auc: 0.9293513558348553
p: 0.8432708688245315
r: 0.8823529411764706
f: 0.8623693379790941

# N Fold 3
target class: insult
acc: 0.8748341441839894
auc: 0.9313764849509321
p: 0.8954128440366973
r: 0.8524017467248908
f: 0.8733780760626398

# N Fold 4
target class: insult
acc: 0.8562582927908006
auc: 0.9277099096814191
p: 0.909853249475891
r: 0.7841011743450768
f: 0.8423095584667636

# N Fold 5
target class: insult
acc: 0.8651039363113666
auc: 0.9242967582413283
p: 0.8935762224352828
r: 0.827708703374778
f: 0.859382203780544

# N Fold 6
target class: insult
acc: 0.8452012383900929
auc: 0.9122317949199492
p: 0.8178070898598516
r: 0.8849241748438894
f: 0.8500428449014567

# N Fold 7
target class: insult
acc: 0.8602388323750553
auc: 0.921051169618098
p: 0.8771929824561403
r: 0.8384819064430715
f: 0.8574007220216606

# N Fold 8
target class: insult
acc: 0.848297213622291
auc: 0.9165602398984563
p: 0.8883495145631068
r: 0.800524934383202
f: 0.8421537045559135

# N Fold 9
target class: insult
acc: 0.8690265486725663
auc: 0.9236719867862422
p: 0.8804047838086476
r: 0.8521816562778273
f: 0.8660633484162896

# N Fold 10
target class: insult
acc: 0.8654867256637168
auc: 0.9203598736422062
p: 0.8707718993928881
r: 0.8662640207075065
f: 0.8685121107266437

# AVERAGED RESULTS: 
 - acc: 0.862305816597715
 - auc: 0.9237296193291796
 - p: 0.8758147533847651
 - r: 0.8461830147165602
 - f: 0.8598789218210693
