TARGET CLASS: insult
Number of comments: 22608
# SAMPLE OF COMMENTS LABELS
[0 1 0 1 1 0 1 1 1 0]
# Word considered: 56626
# Embeddings loaded. Matrix size: (56627, 300)
Model: "sequential_1"
_________________________________________________________________
Layer (type)                 Output Shape              Param #   
=================================================================
embedding_1 (Embedding)      (None, 250, 300)          16988100  
_________________________________________________________________
dense_1 (Dense)              (None, 250, 128)          38528     
_________________________________________________________________
dropout_1 (Dropout)          (None, 250, 128)          0         
_________________________________________________________________
dense_2 (Dense)              (None, 250, 64)           8256      
_________________________________________________________________
dropout_2 (Dropout)          (None, 250, 64)           0         
_________________________________________________________________
flatten_1 (Flatten)          (None, 16000)             0         
_________________________________________________________________
dense_3 (Dense)              (None, 1)                 16001     
=================================================================
Total params: 17,050,885
Trainable params: 62,785
Non-trainable params: 16,988,100
_________________________________________________________________
None

# N Fold 1
target class: insult
acc: 0.8602388323750553
auc: 0.9230041786653311
p: 0.8628158844765343
r: 0.8535714285714285
f: 0.858168761220826

# N Fold 2
target class: insult
acc: 0.8708536045997346
auc: 0.9354494021534994
p: 0.8773333333333333
r: 0.8650306748466258
f: 0.8711385701676964

# N Fold 3
target class: insult
acc: 0.8695267580716497
auc: 0.9287399633751232
p: 0.8681614349775785
r: 0.8673835125448028
f: 0.8677722994173016

# N Fold 4
target class: insult
acc: 0.8681999115435648
auc: 0.9327646106055508
p: 0.8770491803278688
r: 0.8552397868561279
f: 0.8660071942446043

# N Fold 5
target class: insult
acc: 0.8668730650154799
auc: 0.9310533563900125
p: 0.8712871287128713
r: 0.8596802841918295
f: 0.8654447921323201

# N Fold 6
target class: insult
acc: 0.8739495798319328
auc: 0.9428311136991191
p: 0.9029850746268657
r: 0.8424717145343777
f: 0.8716794236830258

# N Fold 7
target class: insult
acc: 0.8642193719593101
auc: 0.9324401618115381
p: 0.847972972972973
r: 0.887709991158267
f: 0.8673866090712743

# N Fold 8
target class: insult
acc: 0.871295886775763
auc: 0.9320183378394264
p: 0.8939393939393939
r: 0.8536170212765958
f: 0.8733130169786679

# N Fold 9
target class: insult
acc: 0.8672566371681416
auc: 0.9310060453412341
p: 0.8644818423383526
r: 0.8691006233303651
f: 0.8667850799289522

# N Fold 10
target class: insult
acc: 0.8787610619469026
auc: 0.9426835166023807
p: 0.8612818261633012
r: 0.894257064721969
f: 0.8774597495527728

# AVERAGED RESULTS: 
 - acc: 0.8691174709287535
 - auc: 0.9331990686483216
 - p: 0.8727308071869073
 - r: 0.8648062102032389
 - f: 0.8685155496397441
