TARGET CLASS: insult
Number of comments: 22608
# SAMPLE OF COMMENTS LABELS
[0 1 1 1 1 0 0 0 0 1]
# Word considered: 56626
# Embeddings loaded. Matrix size: (56627, 300)
Model: "sequential_1"
_________________________________________________________________
Layer (type)                 Output Shape              Param #   
=================================================================
embedding_1 (Embedding)      (None, 250, 300)          16988100  
_________________________________________________________________
lstm_1 (LSTM)                (None, 250, 128)          219648    
_________________________________________________________________
dropout_1 (Dropout)          (None, 250, 128)          0         
_________________________________________________________________
lstm_2 (LSTM)                (None, 64)                49408     
_________________________________________________________________
dropout_2 (Dropout)          (None, 64)                0         
_________________________________________________________________
dense_1 (Dense)              (None, 1)                 65        
=================================================================
Total params: 17,257,221
Trainable params: 269,121
Non-trainable params: 16,988,100
_________________________________________________________________
None

# N Fold 1
target class: insult
acc: 0.9318885448916409
auc: 0.9791902491721659
p: 0.9139130434782609
r: 0.9502712477396021
f: 0.9317375886524822

# N Fold 2
target class: insult
acc: 0.9345422379478107
auc: 0.9737008068706065
p: 0.9191489361702128
r: 0.9532215357458076
f: 0.9358752166377816

# N Fold 3
target class: insult
acc: 0.9239274657231313
auc: 0.9751041373046447
p: 0.9144295302013423
r: 0.9396551724137931
f: 0.9268707482993198

# N Fold 4
target class: insult
acc: 0.929234851835471
auc: 0.9766505636070855
p: 0.9127118644067796
r: 0.9497354497354498
f: 0.9308556611927399

# N Fold 5
target class: insult
acc: 0.929234851835471
auc: 0.9803810632773509
p: 0.9209833187006146
r: 0.9374441465594281
f: 0.929140832595217

# N Fold 6
target class: insult
acc: 0.9146395400265369
auc: 0.975441943218891
p: 0.927689594356261
r: 0.9045571797076526
f: 0.9159773617762298

# N Fold 7
target class: insult
acc: 0.9261388766032729
auc: 0.9748402706003947
p: 0.9110915492957746
r: 0.9400544959128065
f: 0.9253464461332142

# N Fold 8
target class: insult
acc: 0.929234851835471
auc: 0.9749639603117334
p: 0.8981636060100167
r: 0.9658886894075404
f: 0.9307958477508649

# N Fold 9
target class: insult
acc: 0.9371681415929204
auc: 0.9779413838267365
p: 0.9261862917398945
r: 0.947841726618705
f: 0.9368888888888889

# N Fold 10
target class: insult
acc: 0.9176991150442478
auc: 0.9719431982418354
p: 0.9396396396396396
r: 0.8975903614457831
f: 0.9181338028169014

# AVERAGED RESULTS: 
 - acc: 0.9273708477335973
 - auc: 0.9760157576431444
 - p: 0.9183957373998797
 - r: 0.9386260005286569
 - f: 0.9281622394743639
