TARGET CLASS: insult
Number of comments: 22608
# SAMPLE OF COMMENTS LABELS
[0 0 1 1 0 1 0 0 0 1]
# Word considered: 56626
# Embeddings loaded. Matrix size: (56627, 300)
Model: "sequential_1"
_________________________________________________________________
Layer (type)                 Output Shape              Param #   
=================================================================
embedding_1 (Embedding)      (None, 250, 300)          16988100  
_________________________________________________________________
bidirectional_1 (Bidirection (None, 250, 256)          439296    
_________________________________________________________________
dropout_1 (Dropout)          (None, 250, 256)          0         
_________________________________________________________________
bidirectional_2 (Bidirection (None, 128)               164352    
_________________________________________________________________
dropout_2 (Dropout)          (None, 128)               0         
_________________________________________________________________
dense_1 (Dense)              (None, 1)                 129       
=================================================================
Total params: 17,591,877
Trainable params: 603,777
Non-trainable params: 16,988,100
_________________________________________________________________
None

# N Fold 1
target class: insult
acc: 0.9296771340114993
auc: 0.9685335013028066
p: 0.9199655765920827
r: 0.9418502202643172
f: 0.9307792773182412

# N Fold 2
target class: insult
acc: 0.9367536488279522
auc: 0.9707859443823549
p: 0.9163214581607291
r: 0.9634146341463414
f: 0.9392781316348195

# N Fold 3
target class: insult
acc: 0.9310039805395842
auc: 0.9703416234157644
p: 0.9236641221374046
r: 0.9428571428571428
f: 0.9331619537275065

# N Fold 4
target class: insult
acc: 0.9203892083149049
auc: 0.9659509202453987
p: 0.908936170212766
r: 0.9360210341805434
f: 0.9222797927461139

# N Fold 5
target class: insult
acc: 0.930561698363556
auc: 0.9747440959360509
p: 0.9124149659863946
r: 0.9520851818988465
f: 0.9318280503690839

# N Fold 6
target class: insult
acc: 0.9261388766032729
auc: 0.9746088823082408
p: 0.9095744680851063
r: 0.9404216315307058
f: 0.9247408742676883

# N Fold 7
target class: insult
acc: 0.9265811587793011
auc: 0.9702861217563371
p: 0.9347442680776014
r: 0.9201388888888888
f: 0.9273840769903762

# N Fold 8
target class: insult
acc: 0.9230429013710747
auc: 0.9684057658029854
p: 0.9228039041703638
r: 0.9228039041703638
f: 0.9228039041703638

# N Fold 9
target class: insult
acc: 0.9278761061946903
auc: 0.9715661268894291
p: 0.9301903898458749
r: 0.9226618705035972
f: 0.9264108352144469

# N Fold 10
target class: insult
acc: 0.9154867256637168
auc: 0.9626765483620322
p: 0.8997407087294728
r: 0.9327956989247311
f: 0.9159700835899692

# AVERAGED RESULTS: 
 - acc: 0.9267511438669552
 - auc: 0.96978995304014
 - p: 0.9178356031997796
 - r: 0.9375050207365478
 - f: 0.927463698002861
