gpu(0)
TARGET CLASS: insult
Number of comments: 22608
BERT START 2019-12-25 01:26:53.762809
BERT END 2019-12-25 01:29:20.872485
# Embeddings loaded >> Matrix size: (387910, 1024)
BERT LOADED 2019-12-25 01:29:22.757578
Model: "sequential_1"
_________________________________________________________________
Layer (type)                 Output Shape              Param #   
=================================================================
embedding_1 (Embedding)      (None, 250, 1024)         397219840 
_________________________________________________________________
conv1d_1 (Conv1D)            (None, 241, 128)          1310848   
_________________________________________________________________
dropout_1 (Dropout)          (None, 241, 128)          0         
_________________________________________________________________
conv1d_2 (Conv1D)            (None, 237, 64)           41024     
_________________________________________________________________
dropout_2 (Dropout)          (None, 237, 64)           0         
_________________________________________________________________
flatten_1 (Flatten)          (None, 15168)             0         
_________________________________________________________________
dense_1 (Dense)              (None, 1)                 15169     
=================================================================
Total params: 398,586,881
Trainable params: 1,367,041
Non-trainable params: 397,219,840
_________________________________________________________________
None

# N Fold 1
target class: insult
acc: 0.8275099513489607
auc: 0.8999307175625109
p: 0.8363123236124177
r: 0.8045248868778281
f: 0.820110701107011

# N Fold 2
target class: insult
acc: 0.8222025652366209
auc: 0.8895423813697259
p: 0.8177128116938951
r: 0.8334794040315513
f: 0.8255208333333334

# N Fold 3
target class: insult
acc: 0.8067226890756303
auc: 0.880727495894254
p: 0.8096118299445472
r: 0.7913279132791328
f: 0.8003654636820466

# N Fold 4
target class: insult
acc: 0.8337019018133569
auc: 0.902198516569155
p: 0.8341793570219966
r: 0.8456260720411664
f: 0.8398637137989778

# N Fold 5
target class: insult
acc: 0.8474126492702344
auc: 0.9060226392052793
p: 0.8722426470588235
r: 0.8216450216450216
f: 0.8461881408827463

# N Fold 6
target class: insult
acc: 0.8235294117647058
auc: 0.8923665394384117
p: 0.8192982456140351
r: 0.8287488908606921
f: 0.8239964711071902

# N Fold 7
target class: insult
acc: 0.8089340999557718
auc: 0.8786980419046189
p: 0.8302752293577982
r: 0.7855902777777778
f: 0.8073148974130241

# N Fold 8
target class: insult
acc: 0.8319327731092437
auc: 0.8953969722153098
p: 0.8284444444444444
r: 0.8328865058087578
f: 0.8306595365418893

# N Fold 9
target class: insult
acc: 0.8371681415929203
auc: 0.9026823452740154
p: 0.827768014059754
r: 0.8456014362657092
f: 0.8365896980461811

# N Fold 10
target class: insult
acc: 0.8331858407079646
auc: 0.9043603476310274
p: 0.8371246587807097
r: 0.8228980322003577
f: 0.8299503834009923

# AVERAGED RESULTS: 
 - acc: 0.827230002387541
 - auc: 0.8951925997064308
 - p: 0.8312969561588421
 - r: 0.8212328440787995
 - f: 0.8260559839313392
